00:00:04.398426 VirtualBox VM 7.0.18 r162988 linux.amd64 (May  2 2024 10:17:07) release log
00:00:04.398427 Log opened 2026-02-24T14:01:32.636325000Z
00:00:04.398428 Build Type: release
00:00:04.398430 OS Product: Linux
00:00:04.398430 OS Release: 5.15.0-170-generic
00:00:04.398431 OS Version: #180-Ubuntu SMP Fri Jan 9 16:10:31 UTC 2026
00:00:04.398448 DMI Product Name: iMac19,1
00:00:04.398455 DMI Product Version: 1.0
00:00:04.398459 Firmware type: UEFI
00:00:04.398466 Secure Boot: Disabled
00:00:04.398494 Host RAM: 7813MB (7.6GB) total, 2855MB (2.7GB) available
00:00:04.398497 Executable: /usr/lib/virtualbox/VirtualBoxVM
00:00:04.398497 Process ID: 119431
00:00:04.398497 Package type: LINUX_64BITS_UBUNTU_22_04
00:00:04.572290 Installed Extension Packs:
00:00:04.572331   None installed!
00:00:04.576352 Console: Machine state changed to 'Starting'
00:00:04.577120 Qt version: 5.15.3
00:00:04.577149 X11 Window Manager code: 2
00:00:04.721545 SUP: seg #0: R   0x00000000 LB 0x00061000
00:00:04.721566 SUP: seg #1: R X 0x00061000 LB 0x001b8000
00:00:04.721571 SUP: seg #2: R   0x00219000 LB 0x0006b000
00:00:04.721575 SUP: seg #3: RW  0x00284000 LB 0x0002eaf8
00:00:04.724759 SUP: Loaded VMMR0.r0 (/usr/lib/virtualbox/VMMR0.r0) at 0xXXXXXXXXXXXXXXXX - ModuleInit at XXXXXXXXXXXXXXXX and ModuleTerm at XXXXXXXXXXXXXXXX
00:00:04.724778 SUP: VMMR0EntryEx located at XXXXXXXXXXXXXXXX and VMMR0EntryFast at XXXXXXXXXXXXXXXX
00:00:04.729812 Guest OS type: 'Debian_64'
00:00:04.731864 fHMForced=true - No raw-mode support in this build!
00:00:04.741238 File system of '/home/jbarreir/goinfre/Born2beRoot/debian-13.3.0-amd64-netinst.iso' (DVD) is ext4
00:00:04.745028 File system of '/home/jbarreir/goinfre/Born2beRoot/b2br/b2br.vdi' is ext4
00:00:04.893938 GUI: UIMediumEnumerator: Medium-enumeration finished!
00:00:04.896487 X Server details: vendor: The X.Org Foundation, release: 12101004, protocol version: 11.0, display string: :0
00:00:04.896520 Using XKB for keycode to scan code conversion
00:00:04.945949 Audio: Detected default audio driver type is 'PulseAudio'
00:00:05.028986 Shared Clipboard: Service loaded
00:00:05.029023 Shared Clipboard: Mode: Off
00:00:05.029454 Shared Clipboard: Service running in normal mode
00:00:05.052097 Drag and drop service loaded
00:00:05.052167 Drag and drop mode: Off
00:00:05.067677 ************************* CFGM dump *************************
00:00:05.067690 [/] (level 0)
00:00:05.067740   CpuExecutionCap   <integer> = 0x0000000000000064 (100)
00:00:05.067750   EnablePAE         <integer> = 0x0000000000000001 (1)
00:00:05.067754   HMEnabled         <integer> = 0x0000000000000001 (1)
00:00:05.067760 ERROR [COM]: aRC=VBOX_E_IPRT_ERROR (0x80bb0005) aIID={6ac83d89-6ee7-4e33-8ae6-b257b2e81be8} aComponent={ConsoleWrap} aText={The VBoxGuestPropSvc service call failed with the error VERR_HGCM_SERVICE_NOT_FOUND}, preserve=false aResultDetail=-2900
00:00:05.067847   MemBalloonSize    <integer> = 0x0000000000000000 (0, 0 B)
00:00:05.067854   Name              <string>  = "b2br" (cb=5)
00:00:05.067858   NumCPUs           <integer> = 0x0000000000000001 (1)
00:00:05.067861   PageFusionAllowed <integer> = 0x0000000000000000 (0)
00:00:05.067863   RamHoleSize       <integer> = 0x0000000020000000 (536 870 912, 512.0 MiB)
00:00:05.067868   RamSize           <integer> = 0x0000000080000000 (2 147 483 648, 2.0 GiB)
00:00:05.067873   TimerMillies      <integer> = 0x000000000000000a (10)
00:00:05.067876   UUID              <bytes>   = "ed 70 a5 c7 fd 73 d7 48 81 81 25 63 49 fd 7f 70" (cb=16)
00:00:05.067885 
00:00:05.067900 [/CPUM/] (level 1)
00:00:05.067904   Enable64bit        <integer> = 0x0000000000000001 (1)
00:00:05.067907   GuestCpuName       <string>  = "host" (cb=5)
00:00:05.067909   NestedHWVirt       <integer> = 0x0000000000000000 (0)
00:00:05.067911   PortableCpuIdLevel <integer> = 0x0000000000000000 (0)
00:00:05.067914   SpecCtrl           <integer> = 0x0000000000000000 (0)
00:00:05.067916 
00:00:05.067917 [/CPUM/IsaExts/] (level 2)
00:00:05.067920 
00:00:05.067928 [/DBGC/] (level 1)
00:00:05.067931   GlobalInitScript <string>  = "/home/jbarreir/.config/VirtualBox/dbgc-init" (cb=44)
00:00:05.067934   HistoryFile      <string>  = "/home/jbarreir/.config/VirtualBox/dbgc-history" (cb=47)
00:00:05.067936   LocalInitScript  <string>  = "/home/jbarreir/goinfre/Born2beRoot/b2br/dbgc-init" (cb=50)
00:00:05.067938 
00:00:05.067939 [/DBGF/] (level 1)
00:00:05.067941   Path <string>  = "/home/jbarreir/goinfre/Born2beRoot/b2br/debug/;/home/jbarreir/goinfre/Born2beRoot/b2br/;cache*/home/jbarreir/goinfre/Born2beRoot/b2br/dbgcache/;/home/jbarreir/" (cb=160)
00:00:05.067944 
00:00:05.067944 [/Devices/] (level 1)
00:00:05.067947 
00:00:05.067948 [/Devices/3c501/] (level 2)
00:00:05.067950 
00:00:05.067951 [/Devices/8237A/] (level 2)
00:00:05.067954 
00:00:05.067955 [/Devices/8237A/0/] (level 3)
00:00:05.067959   Trusted <integer> = 0x0000000000000001 (1)
00:00:05.067961 
00:00:05.067962 [/Devices/GIMDev/] (level 2)
00:00:05.067965 
00:00:05.067965 [/Devices/GIMDev/0/] (level 3)
00:00:05.067969   Trusted <integer> = 0x0000000000000001 (1)
00:00:05.067971 
00:00:05.067972 [/Devices/VMMDev/] (level 2)
00:00:05.067974 
00:00:05.067975 [/Devices/VMMDev/0/] (level 3)
00:00:05.067979   PCIBusNo      <integer> = 0x0000000000000000 (0)
00:00:05.067981   PCIDeviceNo   <integer> = 0x0000000000000004 (4)
00:00:05.067983   PCIFunctionNo <integer> = 0x0000000000000000 (0)
00:00:05.067985   Trusted       <integer> = 0x0000000000000001 (1)
00:00:05.067988 
00:00:05.067988 [/Devices/VMMDev/0/Config/] (level 4)
00:00:05.067993   GuestCoreDumpDir <string>  = "/home/jbarreir/goinfre/Born2beRoot/b2br/Snapshots" (cb=50)
00:00:05.067995 
00:00:05.067996 [/Devices/VMMDev/0/LUN#0/] (level 4)
00:00:05.067999   Driver <string>  = "HGCM" (cb=5)
00:00:05.068001 
00:00:05.068002 [/Devices/VMMDev/0/LUN#0/Config/] (level 5)
00:00:05.068006 
00:00:05.068007 [/Devices/VMMDev/0/LUN#999/] (level 4)
00:00:05.068011   Driver <string>  = "MainStatus" (cb=11)
00:00:05.068013 
00:00:05.068014 [/Devices/VMMDev/0/LUN#999/Config/] (level 5)
00:00:05.068018   First                <integer> = 0x0000000000000000 (0)
00:00:05.068020   HasMediumAttachments <integer> = 0x0000000000000000 (0)
00:00:05.068022   Last                 <integer> = 0x0000000000000000 (0)
00:00:05.068025   iLedSet              <integer> = 0x0000000000000006 (6)
00:00:05.068028 
00:00:05.068029 [/Devices/acpi/] (level 2)
00:00:05.068032 
00:00:05.068033 [/Devices/acpi/0/] (level 3)
00:00:05.068036   PCIBusNo      <integer> = 0x0000000000000000 (0)
00:00:05.068038   PCIDeviceNo   <integer> = 0x0000000000000007 (7)
00:00:05.068040   PCIFunctionNo <integer> = 0x0000000000000000 (0)
00:00:05.068042   Trusted       <integer> = 0x0000000000000001 (1)
00:00:05.068044 
00:00:05.068045 [/Devices/acpi/0/Config/] (level 4)
00:00:05.068050   CpuHotPlug          <integer> = 0x0000000000000000 (0)
00:00:05.068052   FdcEnabled          <integer> = 0x0000000000000000 (0)
00:00:05.068055   HostBusPciAddress   <integer> = 0x0000000000000000 (0)
00:00:05.068057   HpetEnabled         <integer> = 0x0000000000000000 (0)
00:00:05.068059   IOAPIC              <integer> = 0x0000000000000001 (1)
00:00:05.068062   IocPciAddress       <integer> = 0x0000000000010000 (65 536)
00:00:05.068065   NumCPUs             <integer> = 0x0000000000000001 (1)
00:00:05.068068   Parallel0IoPortBase <integer> = 0x0000000000000000 (0)
00:00:05.068070   Parallel0Irq        <integer> = 0x0000000000000000 (0)
00:00:05.068072   Parallel1IoPortBase <integer> = 0x0000000000000000 (0)
00:00:05.068074   Parallel1Irq        <integer> = 0x0000000000000000 (0)
00:00:05.068077   Serial0IoPortBase   <integer> = 0x0000000000000000 (0)
00:00:05.068079   Serial0Irq          <integer> = 0x0000000000000000 (0)
00:00:05.068081   Serial1IoPortBase   <integer> = 0x0000000000000000 (0)
00:00:05.068083   Serial1Irq          <integer> = 0x0000000000000000 (0)
00:00:05.068086   ShowCpu             <integer> = 0x0000000000000001 (1)
00:00:05.068088   ShowRtc             <integer> = 0x0000000000000000 (0)
00:00:05.068091   SmcEnabled          <integer> = 0x0000000000000000 (0)
00:00:05.068093 
00:00:05.068094 [/Devices/acpi/0/LUN#0/] (level 4)
00:00:05.068097   Driver <string>  = "ACPIHost" (cb=9)
00:00:05.068099 
00:00:05.068100 [/Devices/acpi/0/LUN#0/Config/] (level 5)
00:00:05.068104 
00:00:05.068105 [/Devices/ahci/] (level 2)
00:00:05.068108 
00:00:05.068109 [/Devices/ahci/0/] (level 3)
00:00:05.068112   PCIBusNo      <integer> = 0x0000000000000000 (0)
00:00:05.068114   PCIDeviceNo   <integer> = 0x000000000000000d (13)
00:00:05.068116   PCIFunctionNo <integer> = 0x0000000000000000 (0)
00:00:05.068118   Trusted       <integer> = 0x0000000000000001 (1)
00:00:05.068121 
00:00:05.068122 [/Devices/ahci/0/Config/] (level 4)
00:00:05.068125   Bootable  <integer> = 0x0000000000000001 (1)
00:00:05.068127   PortCount <integer> = 0x0000000000000001 (1)
00:00:05.068129 
00:00:05.068130 [/Devices/ahci/0/Config/Port0/] (level 5)
00:00:05.068155   Hotpluggable <integer> = 0x0000000000000000 (0)
00:00:05.068158 
00:00:05.068159 [/Devices/ahci/0/LUN#0/] (level 4)
00:00:05.068162   Driver <string>  = "VD" (cb=3)
00:00:05.068164 
00:00:05.068165 [/Devices/ahci/0/LUN#0/Config/] (level 5)
00:00:05.068169   BlockCache <integer> = 0x0000000000000001 (1)
00:00:05.068171   Format     <string>  = "VDI" (cb=4)
00:00:05.068173   Mountable  <integer> = 0x0000000000000000 (0)
00:00:05.068175   Path       <string>  = "/home/jbarreir/goinfre/Born2beRoot/b2br/b2br.vdi" (cb=49)
00:00:05.068177   Type       <string>  = "HardDisk" (cb=9)
00:00:05.068180   UseNewIo   <integer> = 0x0000000000000001 (1)
00:00:05.068182 
00:00:05.068182 [/Devices/ahci/0/LUN#0/Config/VDConfig/] (level 6)
00:00:05.068197   AllocationBlockSize <string>  = "1048576" (cb=8)
00:00:05.068199 
00:00:05.068200 [/Devices/ahci/0/LUN#999/] (level 4)
00:00:05.068203   Driver <string>  = "MainStatus" (cb=11)
00:00:05.068205 
00:00:05.068206 [/Devices/ahci/0/LUN#999/Config/] (level 5)
00:00:05.068210   DeviceInstance       <string>  = "ahci/0" (cb=7)
00:00:05.068212   First                <integer> = 0x0000000000000000 (0)
00:00:05.068215   HasMediumAttachments <integer> = 0x0000000000000001 (1)
00:00:05.068217   Last                 <integer> = 0x0000000000000000 (0)
00:00:05.068220   iLedSet              <integer> = 0x0000000000000004 (4)
00:00:05.068223 
00:00:05.068224 [/Devices/apic/] (level 2)
00:00:05.068226 
00:00:05.068227 [/Devices/apic/0/] (level 3)
00:00:05.068230   Trusted <integer> = 0x0000000000000001 (1)
00:00:05.068232 
00:00:05.068233 [/Devices/apic/0/Config/] (level 4)
00:00:05.068236   IOAPIC  <integer> = 0x0000000000000001 (1)
00:00:05.068238   Mode    <integer> = 0x0000000000000003 (3)
00:00:05.068241   NumCPUs <integer> = 0x0000000000000001 (1)
00:00:05.068243 
00:00:05.068244 [/Devices/dp8390/] (level 2)
00:00:05.068246 
00:00:05.068247 [/Devices/e1000/] (level 2)
00:00:05.068250 
00:00:05.068251 [/Devices/e1000/0/] (level 3)
00:00:05.068254   PCIBusNo      <integer> = 0x0000000000000000 (0)
00:00:05.068256   PCIDeviceNo   <integer> = 0x0000000000000003 (3)
00:00:05.068258   PCIFunctionNo <integer> = 0x0000000000000000 (0)
00:00:05.068261   Trusted       <integer> = 0x0000000000000001 (1)
00:00:05.068263 
00:00:05.068264 [/Devices/e1000/0/Config/] (level 4)
00:00:05.068267   AdapterType    <integer> = 0x0000000000000000 (0)
00:00:05.068269   CableConnected <integer> = 0x0000000000000001 (1)
00:00:05.068271   LineSpeed      <integer> = 0x0000000000000000 (0)
00:00:05.068274   MAC            <bytes>   = "08 00 27 f9 76 59" (cb=6)
00:00:05.068279 
00:00:05.068280 [/Devices/e1000/0/LUN#0/] (level 4)
00:00:05.068283   Driver <string>  = "NAT" (cb=4)
00:00:05.068285 
00:00:05.068286 [/Devices/e1000/0/LUN#0/Config/] (level 5)
00:00:05.068290   AliasMode          <integer> = 0x0000000000000000 (0)
00:00:05.068293   BootFile           <string>  = "b2br.pxe" (cb=9)
00:00:05.068295   DNSProxy           <integer> = 0x0000000000000000 (0)
00:00:05.068298   LocalhostReachable <integer> = 0x0000000000000000 (0)
00:00:05.068300   Network            <string>  = "10.0.2.0/24" (cb=12)
00:00:05.068302   PassDomain         <integer> = 0x0000000000000001 (1)
00:00:05.068305   TFTPPrefix         <string>  = "/home/jbarreir/.config/VirtualBox/TFTP" (cb=39)
00:00:05.068307   UseHostResolver    <integer> = 0x0000000000000000 (0)
00:00:05.068309 
00:00:05.068310 [/Devices/e1000/0/LUN#0/Config/PortForwarding/] (level 6)
00:00:05.068315 
00:00:05.068316 [/Devices/e1000/0/LUN#0/Config/PortForwarding/0/] (level 7)
00:00:05.068321   GuestPort <integer> = 0x0000000000001092 (4 242)
00:00:05.068324   HostPort  <integer> = 0x00000000000026c4 (9 924)
00:00:05.068326   Name      <string>  = "ssh" (cb=4)
00:00:05.068328   Protocol  <string>  = "TCP" (cb=4)
00:00:05.068330 
00:00:05.068331 [/Devices/e1000/0/LUN#999/] (level 4)
00:00:05.068334   Driver <string>  = "MainStatus" (cb=11)
00:00:05.068336 
00:00:05.068337 [/Devices/e1000/0/LUN#999/Config/] (level 5)
00:00:05.068340   First                <integer> = 0x0000000000000000 (0)
00:00:05.068343   HasMediumAttachments <integer> = 0x0000000000000000 (0)
00:00:05.068345   Last                 <integer> = 0x0000000000000000 (0)
00:00:05.068348   iLedSet              <integer> = 0x0000000000000005 (5)
00:00:05.068351 
00:00:05.068352 [/Devices/efi/] (level 2)
00:00:05.068354 
00:00:05.068355 [/Devices/efi/0/] (level 3)
00:00:05.068359   Trusted <integer> = 0x0000000000000001 (1)
00:00:05.068361 
00:00:05.068361 [/Devices/efi/0/Config/] (level 4)
00:00:05.068366   64BitEntry  <integer> = 0x0000000000000001 (1)
00:00:05.068368   APIC        <integer> = 0x0000000000000001 (1)
00:00:05.068370   BootArgs    <string>  = "" (cb=1)
00:00:05.068372   DeviceProps <string>  = "" (cb=1)
00:00:05.068374   EfiRom      <string>  = "VBoxEFI64.fd" (cb=13)
00:00:05.068376   IOAPIC      <integer> = 0x0000000000000001 (1)
00:00:05.068378   McfgBase    <integer> = 0x0000000000000000 (0)
00:00:05.068380   McfgLength  <integer> = 0x0000000000000000 (0)
00:00:05.068382   NumCPUs     <integer> = 0x0000000000000001 (1)
00:00:05.068385   NvramFile   <string>  = "/home/jbarreir/goinfre/Born2beRoot/b2br/b2br.nvram" (cb=51)
00:00:05.068387   UUID        <bytes>   = "ed 70 a5 c7 fd 73 d7 48 81 81 25 63 49 fd 7f 70" (cb=16)
00:00:05.068393   UuidLe      <integer> = 0x0000000000000001 (1)
00:00:05.068396 
00:00:05.068397 [/Devices/efi/0/LUN#0/] (level 4)
00:00:05.068400   Driver <string>  = "NvramStore" (cb=11)
00:00:05.068402 
00:00:05.068403 [/Devices/i8254/] (level 2)
00:00:05.068405 
00:00:05.068406 [/Devices/i8254/0/] (level 3)
00:00:05.068409 
00:00:05.068410 [/Devices/i8254/0/Config/] (level 4)
00:00:05.068413 
00:00:05.068414 [/Devices/i8259/] (level 2)
00:00:05.068417 
00:00:05.068418 [/Devices/i8259/0/] (level 3)
00:00:05.068421   Trusted <integer> = 0x0000000000000001 (1)
00:00:05.068423 
00:00:05.068424 [/Devices/i8259/0/Config/] (level 4)
00:00:05.068427 
00:00:05.068428 [/Devices/ichac97/] (level 2)
00:00:05.068430 
00:00:05.068431 [/Devices/ichac97/0/] (level 3)
00:00:05.068435   PCIBusNo      <integer> = 0x0000000000000000 (0)
00:00:05.068437   PCIDeviceNo   <integer> = 0x0000000000000005 (5)
00:00:05.068439   PCIFunctionNo <integer> = 0x0000000000000000 (0)
00:00:05.068441   Trusted       <integer> = 0x0000000000000001 (1)
00:00:05.068443 
00:00:05.068444 [/Devices/ichac97/0/AudioConfig/] (level 4)
00:00:05.068448 
00:00:05.068449 [/Devices/ichac97/0/Config/] (level 4)
00:00:05.068452   Codec        <string>  = "AD1980" (cb=7)
00:00:05.068454   DebugEnabled <integer> = 0x0000000000000000 (0)
00:00:05.068456 
00:00:05.068457 [/Devices/ichac97/0/LUN#0/] (level 4)
00:00:05.068460   Driver <string>  = "AUDIO" (cb=6)
00:00:05.068462 
00:00:05.068463 [/Devices/ichac97/0/LUN#0/AttachedDriver/] (level 5)
00:00:05.068467   Driver <string>  = "PulseAudio" (cb=11)
00:00:05.068469 
00:00:05.068470 [/Devices/ichac97/0/LUN#0/AttachedDriver/Config/] (level 6)
00:00:05.068474   VmName <string>  = "b2br" (cb=5)
00:00:05.068476 
00:00:05.068477 [/Devices/ichac97/0/LUN#0/Config/] (level 5)
00:00:05.068481   DriverName    <string>  = "PulseAudio" (cb=11)
00:00:05.068483   InputEnabled  <integer> = 0x0000000000000000 (0)
00:00:05.068485   OutputEnabled <integer> = 0x0000000000000001 (1)
00:00:05.068487 
00:00:05.068488 [/Devices/ichac97/0/LUN#1/] (level 4)
00:00:05.068491   Driver <string>  = "AUDIO" (cb=6)
00:00:05.068493 
00:00:05.068494 [/Devices/ioapic/] (level 2)
00:00:05.068496 
00:00:05.068497 [/Devices/ioapic/0/] (level 3)
00:00:05.068500   Trusted <integer> = 0x0000000000000001 (1)
00:00:05.068502 
00:00:05.068503 [/Devices/ioapic/0/Config/] (level 4)
00:00:05.068506   NumCPUs <integer> = 0x0000000000000001 (1)
00:00:05.068508 
00:00:05.068509 [/Devices/mc146818/] (level 2)
00:00:05.068512 
00:00:05.068513 [/Devices/mc146818/0/] (level 3)
00:00:05.068516 
00:00:05.068517 [/Devices/mc146818/0/Config/] (level 4)
00:00:05.068520   UseUTC <integer> = 0x0000000000000001 (1)
00:00:05.068522 
00:00:05.068523 [/Devices/parallel/] (level 2)
00:00:05.068525 
00:00:05.068526 [/Devices/pcarch/] (level 2)
00:00:05.068529 
00:00:05.068530 [/Devices/pcarch/0/] (level 3)
00:00:05.068533   Trusted <integer> = 0x0000000000000001 (1)
00:00:05.068535 
00:00:05.068536 [/Devices/pcarch/0/Config/] (level 4)
00:00:05.068539 
00:00:05.068540 [/Devices/pci/] (level 2)
00:00:05.068542 
00:00:05.068543 [/Devices/pci/0/] (level 3)
00:00:05.068546   Trusted <integer> = 0x0000000000000001 (1)
00:00:05.068548 
00:00:05.068549 [/Devices/pci/0/Config/] (level 4)
00:00:05.068552   IOAPIC <integer> = 0x0000000000000001 (1)
00:00:05.068554 
00:00:05.068555 [/Devices/pcibridge/] (level 2)
00:00:05.068558 
00:00:05.068559 [/Devices/pckbd/] (level 2)
00:00:05.068561 
00:00:05.068562 [/Devices/pckbd/0/] (level 3)
00:00:05.068565   Trusted <integer> = 0x0000000000000001 (1)
00:00:05.068567 
00:00:05.068568 [/Devices/pckbd/0/Config/] (level 4)
00:00:05.068571 
00:00:05.068572 [/Devices/pckbd/0/LUN#0/] (level 4)
00:00:05.068575   Driver <string>  = "KeyboardQueue" (cb=14)
00:00:05.068577 
00:00:05.068578 [/Devices/pckbd/0/LUN#0/AttachedDriver/] (level 5)
00:00:05.068582   Driver <string>  = "MainKeyboard" (cb=13)
00:00:05.068583 
00:00:05.068584 [/Devices/pckbd/0/LUN#0/Config/] (level 5)
00:00:05.068588   QueueSize <integer> = 0x0000000000000040 (64, 64 B)
00:00:05.068591 
00:00:05.068592 [/Devices/pckbd/0/LUN#1/] (level 4)
00:00:05.068596   Driver <string>  = "MouseQueue" (cb=11)
00:00:05.068597 
00:00:05.068598 [/Devices/pckbd/0/LUN#1/AttachedDriver/] (level 5)
00:00:05.068602   Driver <string>  = "MainMouse" (cb=10)
00:00:05.068604 
00:00:05.068604 [/Devices/pckbd/0/LUN#1/Config/] (level 5)
00:00:05.068608   QueueSize <integer> = 0x0000000000000080 (128, 128 B)
00:00:05.068611 
00:00:05.068612 [/Devices/pcnet/] (level 2)
00:00:05.068614 
00:00:05.068615 [/Devices/piix3ide/] (level 2)
00:00:05.068618 
00:00:05.068619 [/Devices/piix3ide/0/] (level 3)
00:00:05.068622   PCIBusNo      <integer> = 0x0000000000000000 (0)
00:00:05.068624   PCIDeviceNo   <integer> = 0x0000000000000001 (1)
00:00:05.068626   PCIFunctionNo <integer> = 0x0000000000000001 (1)
00:00:05.068628   Trusted       <integer> = 0x0000000000000001 (1)
00:00:05.068631 
00:00:05.068632 [/Devices/piix3ide/0/Config/] (level 4)
00:00:05.068635   Type <string>  = "PIIX4" (cb=6)
00:00:05.068637 
00:00:05.068638 [/Devices/piix3ide/0/LUN#2/] (level 4)
00:00:05.068641   Driver <string>  = "VD" (cb=3)
00:00:05.068643 
00:00:05.068644 [/Devices/piix3ide/0/LUN#2/Config/] (level 5)
00:00:05.068648   Format    <string>  = "RAW" (cb=4)
00:00:05.068650   Mountable <integer> = 0x0000000000000001 (1)
00:00:05.068652   Path      <string>  = "/home/jbarreir/goinfre/Born2beRoot/debian-13.3.0-amd64-netinst.iso" (cb=67)
00:00:05.068655   ReadOnly  <integer> = 0x0000000000000001 (1)
00:00:05.068657   Type      <string>  = "DVD" (cb=4)
00:00:05.068659 
00:00:05.068660 [/Devices/piix3ide/0/LUN#999/] (level 4)
00:00:05.068663   Driver <string>  = "MainStatus" (cb=11)
00:00:05.068665 
00:00:05.068666 [/Devices/piix3ide/0/LUN#999/Config/] (level 5)
00:00:05.068669   DeviceInstance       <string>  = "piix3ide/0" (cb=11)
00:00:05.068672   First                <integer> = 0x0000000000000000 (0)
00:00:05.068674   HasMediumAttachments <integer> = 0x0000000000000001 (1)
00:00:05.068676   Last                 <integer> = 0x0000000000000003 (3)
00:00:05.068679   iLedSet              <integer> = 0x0000000000000003 (3)
00:00:05.068682 
00:00:05.068683 [/Devices/serial/] (level 2)
00:00:05.068685 
00:00:05.068686 [/Devices/usb-ehci/] (level 2)
00:00:05.068689 
00:00:05.068690 [/Devices/usb-ehci/0/] (level 3)
00:00:05.068693   PCIBusNo      <integer> = 0x0000000000000000 (0)
00:00:05.068695   PCIDeviceNo   <integer> = 0x000000000000000b (11)
00:00:05.068697   PCIFunctionNo <integer> = 0x0000000000000000 (0)
00:00:05.068699   Trusted       <integer> = 0x0000000000000001 (1)
00:00:05.068702 
00:00:05.068703 [/Devices/usb-ehci/0/Config/] (level 4)
00:00:05.068706 
00:00:05.068707 [/Devices/usb-ehci/0/LUN#0/] (level 4)
00:00:05.068710   Driver <string>  = "VUSBRootHub" (cb=12)
00:00:05.068712 
00:00:05.068712 [/Devices/usb-ehci/0/LUN#0/Config/] (level 5)
00:00:05.068716 
00:00:05.068717 [/Devices/usb-ehci/0/LUN#999/] (level 4)
00:00:05.068720   Driver <string>  = "MainStatus" (cb=11)
00:00:05.068722 
00:00:05.068723 [/Devices/usb-ehci/0/LUN#999/Config/] (level 5)
00:00:05.068726   First                <integer> = 0x0000000000000000 (0)
00:00:05.068729   HasMediumAttachments <integer> = 0x0000000000000000 (0)
00:00:05.068731   Last                 <integer> = 0x0000000000000000 (0)
00:00:05.068734   iLedSet              <integer> = 0x0000000000000002 (2)
00:00:05.068737 
00:00:05.068738 [/Devices/usb-ohci/] (level 2)
00:00:05.068740 
00:00:05.068741 [/Devices/usb-ohci/0/] (level 3)
00:00:05.068744   PCIBusNo      <integer> = 0x0000000000000000 (0)
00:00:05.068746   PCIDeviceNo   <integer> = 0x0000000000000006 (6)
00:00:05.068748   PCIFunctionNo <integer> = 0x0000000000000000 (0)
00:00:05.068750   Trusted       <integer> = 0x0000000000000001 (1)
00:00:05.068753 
00:00:05.068754 [/Devices/usb-ohci/0/Config/] (level 4)
00:00:05.068757 
00:00:05.068758 [/Devices/usb-ohci/0/LUN#0/] (level 4)
00:00:05.068761   Driver <string>  = "VUSBRootHub" (cb=12)
00:00:05.068763 
00:00:05.068764 [/Devices/usb-ohci/0/LUN#0/Config/] (level 5)
00:00:05.068767 
00:00:05.068768 [/Devices/usb-ohci/0/LUN#999/] (level 4)
00:00:05.068771   Driver <string>  = "MainStatus" (cb=11)
00:00:05.068773 
00:00:05.068774 [/Devices/usb-ohci/0/LUN#999/Config/] (level 5)
00:00:05.068778   First                <integer> = 0x0000000000000000 (0)
00:00:05.068780   HasMediumAttachments <integer> = 0x0000000000000000 (0)
00:00:05.068782   Last                 <integer> = 0x0000000000000000 (0)
00:00:05.068785   iLedSet              <integer> = 0x0000000000000001 (1)
00:00:05.068788 
00:00:05.068789 [/Devices/vga/] (level 2)
00:00:05.068791 
00:00:05.068792 [/Devices/vga/0/] (level 3)
00:00:05.068795   PCIBusNo      <integer> = 0x0000000000000000 (0)
00:00:05.068797   PCIDeviceNo   <integer> = 0x0000000000000002 (2)
00:00:05.068799   PCIFunctionNo <integer> = 0x0000000000000000 (0)
00:00:05.068801   Trusted       <integer> = 0x0000000000000001 (1)
00:00:05.068804 
00:00:05.068805 [/Devices/vga/0/Config/] (level 4)
00:00:05.068809   3DEnabled          <integer> = 0x0000000000000000 (0)
00:00:05.068811   CustomVideoModes   <integer> = 0x0000000000000000 (0)
00:00:05.068813   FadeIn             <integer> = 0x0000000000000001 (1)
00:00:05.068816   FadeOut            <integer> = 0x0000000000000001 (1)
00:00:05.068819   HeightReduction    <integer> = 0x0000000000000000 (0)
00:00:05.068821   LogoFile           <string>  = "" (cb=1)
00:00:05.068823   LogoTime           <integer> = 0x0000000000000000 (0)
00:00:05.068826   MonitorCount       <integer> = 0x0000000000000001 (1)
00:00:05.068828   ShowBootMenu       <integer> = 0x0000000000000002 (2)
00:00:05.068830   VMSVGA3dEnabled    <integer> = 0x0000000000000000 (0)
00:00:05.068833   VMSVGAEnabled      <integer> = 0x0000000000000001 (1)
00:00:05.068835   VMSVGAPciBarLayout <integer> = 0x0000000000000001 (1)
00:00:05.068837   VMSVGAPciId        <integer> = 0x0000000000000001 (1)
00:00:05.068839   VRamSize           <integer> = 0x0000000002100000 (34 603 008, 33.0 MiB)
00:00:05.068844 
00:00:05.068845 [/Devices/vga/0/LUN#0/] (level 4)
00:00:05.068848   Driver <string>  = "MainDisplay" (cb=12)
00:00:05.068850 
00:00:05.068851 [/Devices/vga/0/LUN#0/Config/] (level 5)
00:00:05.068855 
00:00:05.068856 [/Devices/vga/0/LUN#999/] (level 4)
00:00:05.068859   Driver <string>  = "MainStatus" (cb=11)
00:00:05.068861 
00:00:05.068861 [/Devices/vga/0/LUN#999/Config/] (level 5)
00:00:05.068865   First                <integer> = 0x0000000000000000 (0)
00:00:05.068868   HasMediumAttachments <integer> = 0x0000000000000000 (0)
00:00:05.068870   Last                 <integer> = 0x0000000000000000 (0)
00:00:05.068873   iLedSet              <integer> = 0x0000000000000000 (0)
00:00:05.068875 
00:00:05.068876 [/Devices/virtio-net/] (level 2)
00:00:05.068879 
00:00:05.068880 [/EM/] (level 1)
00:00:05.068882   TripleFaultReset <integer> = 0x0000000000000000 (0)
00:00:05.068884 
00:00:05.068885 [/GCM/] (level 1)
00:00:05.068887   FixerSet <integer> = 0x0000000000000000 (0)
00:00:05.068889 
00:00:05.068890 [/GIM/] (level 1)
00:00:05.068893   Provider <string>  = "KVM" (cb=4)
00:00:05.068895 
00:00:05.068895 [/HM/] (level 1)
00:00:05.068898   64bitEnabled            <integer> = 0x0000000000000001 (1)
00:00:05.068901   EnableLargePages        <integer> = 0x0000000000000001 (1)
00:00:05.068903   EnableNestedPaging      <integer> = 0x0000000000000001 (1)
00:00:05.068906   EnableUX                <integer> = 0x0000000000000001 (1)
00:00:05.068908   EnableVPID              <integer> = 0x0000000000000001 (1)
00:00:05.068911   Exclusive               <integer> = 0x0000000000000001 (1)
00:00:05.068914   HMForced                <integer> = 0x0000000000000001 (1)
00:00:05.068917   IBPBOnVMEntry           <integer> = 0x0000000000000000 (0)
00:00:05.068919   IBPBOnVMExit            <integer> = 0x0000000000000000 (0)
00:00:05.068922   L1DFlushOnSched         <integer> = 0x0000000000000001 (1)
00:00:05.068924   L1DFlushOnVMEntry       <integer> = 0x0000000000000000 (0)
00:00:05.068926   LovelyMesaDrvWorkaround <integer> = 0x0000000000000001 (1)
00:00:05.068928   MDSClearOnSched         <integer> = 0x0000000000000001 (1)
00:00:05.068931   MDSClearOnVMEntry       <integer> = 0x0000000000000000 (0)
00:00:05.068933   SpecCtrlByHost          <integer> = 0x0000000000000000 (0)
00:00:05.068935   SvmVirtVmsaveVmload     <integer> = 0x0000000000000000 (0)
00:00:05.068938   UseNEMInstead           <integer> = 0x0000000000000000 (0)
00:00:05.068940 
00:00:05.068941 [/MM/] (level 1)
00:00:05.068943   CanUseLargerHeap <integer> = 0x0000000000000000 (0)
00:00:05.068945 
00:00:05.068946 [/NEM/] (level 1)
00:00:05.068948   Allow64BitGuests        <integer> = 0x0000000000000001 (1)
00:00:05.068951   LovelyMesaDrvWorkaround <integer> = 0x0000000000000001 (1)
00:00:05.068953 
00:00:05.068954 [/PDM/] (level 1)
00:00:05.068956 
00:00:05.068957 [/PDM/AsyncCompletion/] (level 2)
00:00:05.068960 
00:00:05.068961 [/PDM/AsyncCompletion/File/] (level 3)
00:00:05.068964 
00:00:05.068965 [/PDM/AsyncCompletion/File/BwGroups/] (level 4)
00:00:05.068968 
00:00:05.068969 [/PDM/BlkCache/] (level 2)
00:00:05.068972   CacheSize <integer> = 0x0000000000500000 (5 242 880, 5.0 MiB)
00:00:05.068976 
00:00:05.068977 [/PDM/Devices/] (level 2)
00:00:05.068979 
00:00:05.068980 [/PDM/Drivers/] (level 2)
00:00:05.068983 
00:00:05.068983 [/PDM/Drivers/VBoxC/] (level 3)
00:00:05.068986   Path <string>  = "/usr/lib/virtualbox/components/VBoxC" (cb=37)
00:00:05.068988 
00:00:05.068989 [/PDM/NetworkShaper/] (level 2)
00:00:05.068992 
00:00:05.068993 [/PDM/NetworkShaper/BwGroups/] (level 3)
00:00:05.068996 
00:00:05.068997 [/TM/] (level 1)
00:00:05.068999   UTCOffset <integer> = 0x0000000000000000 (0)
00:00:05.069001 
00:00:05.069002 [/USB/] (level 1)
00:00:05.069004 
00:00:05.069005 [/USB/HidMouse/] (level 2)
00:00:05.069008 
00:00:05.069008 [/USB/HidMouse/0/] (level 3)
00:00:05.069011 
00:00:05.069012 [/USB/HidMouse/0/Config/] (level 4)
00:00:05.069016   Mode <string>  = "absolute" (cb=9)
00:00:05.069017 
00:00:05.069018 [/USB/HidMouse/0/LUN#0/] (level 4)
00:00:05.069021   Driver <string>  = "MouseQueue" (cb=11)
00:00:05.069023 
00:00:05.069024 [/USB/HidMouse/0/LUN#0/AttachedDriver/] (level 5)
00:00:05.069028   Driver <string>  = "MainMouse" (cb=10)
00:00:05.069030 
00:00:05.069031 [/USB/HidMouse/0/LUN#0/Config/] (level 5)
00:00:05.069034   QueueSize <integer> = 0x0000000000000080 (128, 128 B)
00:00:05.069037 
00:00:05.069038 [/USB/USBProxy/] (level 2)
00:00:05.069040 
00:00:05.069041 [/USB/USBProxy/GlobalConfig/] (level 3)
00:00:05.069045 
00:00:05.069047 ********************* End of CFGM dump **********************
00:00:05.118981 HM: HMR3Init: VT-x w/ nested paging and unrestricted guest execution hw support
00:00:05.161779 CPUM: fXStateHostMask=0x7; initial: 0x7; host XCR0=0x1f
00:00:05.202870 CPUM: Matched host CPU INTEL 0x6/0x9e/0xa Intel_Core7_CoffeeLake with CPU DB entry 'Intel Core i7-6700K' (INTEL 0x6/0x5e/0x3 Intel_Core7_Skylake)
00:00:05.248476 CPUM: MXCSR_MASK=0xffff (host: 0xffff)
00:00:05.248561 CPUM: Microcode revision 0x000000FA
00:00:05.248585 CPUM: Changing leaf 13[0]: EBX=0x440 -> 0x340, ECX=0x440 -> 0x340
00:00:05.248610 CPUM: MSR/CPUID reconciliation insert: 0x0000010b IA32_FLUSH_CMD
00:00:05.248629 CPUM: MSR/CPUID reconciliation insert: 0x0000010a IA32_ARCH_CAPABILITIES
00:00:05.248646 CPUM: MSR fudge: 0x00000001 IA32_P5_MC_TYPE
00:00:05.248657 CPUM: MSR fudge: 0x00000017 IA32_PLATFORM_ID
00:00:05.248667 CPUM: MSR fudge: 0x0000001b IA32_APIC_BASE
00:00:05.248676 CPUM: MSR fudge: 0x0000008b BIOS_SIGN
00:00:05.248685 CPUM: MSR fudge: 0x000000fe IA32_MTRRCAP
00:00:05.248694 CPUM: MSR fudge: 0x00000179 IA32_MCG_CAP
00:00:05.248704 CPUM: MSR fudge: 0x0000017a IA32_MCG_STATUS
00:00:05.248713 CPUM: MSR fudge: 0x000001a0 IA32_MISC_ENABLE
00:00:05.248722 CPUM: MSR fudge: 0x000001d9 IA32_DEBUGCTL
00:00:05.248731 CPUM: MSR fudge: 0x000001db P6_LAST_BRANCH_FROM_IP
00:00:05.248740 CPUM: MSR fudge: 0x000001dc P6_LAST_BRANCH_TO_IP
00:00:05.248749 CPUM: MSR fudge: 0x000001dd P6_LAST_INT_FROM_IP
00:00:05.248758 CPUM: MSR fudge: 0x000001de P6_LAST_INT_TO_IP
00:00:05.248768 CPUM: MSR fudge: 0x00000277 IA32_PAT
00:00:05.248777 CPUM: MSR fudge: 0x000002ff IA32_MTRR_DEF_TYPE
00:00:05.248786 CPUM: MSR fudge: 0x00000400 IA32_MCi_CTL_STATUS_ADDR_MISC
00:00:05.248798 CPUM: MSR fudge: 0xc0000103 AMD64_TSC_AUX
00:00:05.248808 CPUM: MSR fudge: 0x00000122 IA32_TSX_CTRL
00:00:05.249032 CPUM: SetGuestCpuIdFeature: Enabled SYSENTER/EXIT
00:00:05.249046 CPUM: SetGuestCpuIdFeature: Enabled SYSCALL/RET
00:00:05.249056 CPUM: SetGuestCpuIdFeature: Enabled PAE
00:00:05.249065 CPUM: SetGuestCpuIdFeature: Enabled LAHF/SAHF
00:00:05.249074 CPUM: SetGuestCpuIdFeature: Enabled NX
00:00:05.249083 CPUM: SetGuestCpuIdFeature: Enabled LONG MODE
00:00:05.283225 GUI: UIDesktopWidgetWatchdog::sltHandleHostScreenAvailableGeometryCalculated: Screen 0 work area is actually resized to: 0x45 x 3840x2049
00:00:05.301862 PGM: Host paging mode: AMD64+PGE+NX
00:00:05.301924 PGM: PGMPool: cMaxPages=1280 (u64MaxPages=1058)
00:00:05.301938 PGM: pgmR3PoolInit: cMaxPages=0x500 cMaxUsers=0xa00 cMaxPhysExts=0xa00 fCacheEnable=true
00:00:05.303658 PGM: /proc/sys/vm/max_map_count = 65530 (rc2=VWRN_TRAILING_CHARS); cGuessNeeded=16384
00:00:05.314014 TM: GIP - u32Mode=3 (Invariant) u32UpdateHz=62 u32UpdateIntervalNS=16000000 enmUseTscDelta=2 (Practically Zero) fGetGipCpu=0x1b cCpus=6
00:00:05.314037 TM: GIP - u64CpuHz=3 036 282 522 (0xb4f9fe9a)  SUPGetCpuHzFromGip => 3 036 282 522
00:00:05.314046 TM: GIP - CPU: iCpuSet=0x0 idCpu=0x0 idApic=0x0 iGipCpu=0x1 i64TSCDelta=0 enmState=3 u64CpuHz=3072006260(*) cErrors=0
00:00:05.314053 TM: GIP - CPU: iCpuSet=0x1 idCpu=0x1 idApic=0x2 iGipCpu=0x3 i64TSCDelta=0 enmState=3 u64CpuHz=3068309009(*) cErrors=0
00:00:05.314059 TM: GIP - CPU: iCpuSet=0x2 idCpu=0x2 idApic=0x4 iGipCpu=0x2 i64TSCDelta=0 enmState=3 u64CpuHz=3072008922(*) cErrors=0
00:00:05.314065 TM: GIP - CPU: iCpuSet=0x3 idCpu=0x3 idApic=0x6 iGipCpu=0x0 i64TSCDelta=0 enmState=3 u64CpuHz=3036282522(*) cErrors=0
00:00:05.314070 TM: GIP - CPU: iCpuSet=0x4 idCpu=0x4 idApic=0x8 iGipCpu=0x5 i64TSCDelta=0 enmState=3 u64CpuHz=3060060061(*) cErrors=0
00:00:05.314076 TM: GIP - CPU: iCpuSet=0x5 idCpu=0x5 idApic=0xa iGipCpu=0x4 i64TSCDelta=0 enmState=3 u64CpuHz=3063980784(*) cErrors=0
00:00:05.314162 TM:     cTSCTicksPerSecond=3 036 282 522 (0xb4f9fe9a) enmTSCMode=3 (Dynamic)
00:00:05.314164 TM: cTSCTicksPerSecondHost=3 036 282 522 (0xb4f9fe9a)
00:00:05.314166 TM: TSCTiedToExecution=false TSCNotTiedToHalt=false
00:00:05.315149 EMR3Init: fIemExecutesAll=false fGuruOnTripleFault=true
00:00:05.315716 IEM: TargetCpu=CURRENT, Microarch=Intel_Core7_CoffeeLake aidxTargetCpuEflFlavour={1,0}
00:00:05.325502 GIM: Using provider 'KVM' (Implementation version: 0)
00:00:05.325520 CPUM: SetGuestCpuIdFeature: Enabled Hypervisor Present bit
00:00:05.325613 GCM: Initialized (fixer bits: 0x0)
00:00:05.354792 GUI: UIMediumEnumerator: Medium-enumeration finished!
00:00:05.379913 AIOMgr: Default manager type is 'Async'
00:00:05.379929 AIOMgr: Default file backend is 'NonBuffered'
00:00:05.380503 BlkCache: Cache successfully initialized. Cache size is 5242880 bytes
00:00:05.380507 BlkCache: Cache commit interval is 10000 ms
00:00:05.380509 BlkCache: Cache commit threshold is 2621440 bytes
00:00:05.519255 SUP: seg #0: R   0x00000000 LB 0x0000a000
00:00:05.519293 SUP: seg #1: R X 0x0000a000 LB 0x0002c000
00:00:05.519304 SUP: seg #2: R   0x00036000 LB 0x0000e000
00:00:05.519314 SUP: seg #3: RW  0x00044000 LB 0x00008500
00:00:05.519620 SUP: Loaded VBoxDDR0.r0 (/usr/lib/virtualbox/VBoxDDR0.r0) at 0xXXXXXXXXXXXXXXXX - ModuleInit at XXXXXXXXXXXXXXXX and ModuleTerm at XXXXXXXXXXXXXXXX
00:00:05.523430 EFI: boot args = 
00:00:05.523457 EFI: device props = 
00:00:05.532598 Found EFI FW Volume, 540672 bytes (132 4096-byte blocks)
00:00:05.579093 EFI: Registered 528KB flash at 00000000ffc00000
00:00:05.580741 CPUM: SetGuestCpuIdFeature: Enabled xAPIC
00:00:05.580766 CPUM: SetGuestCpuIdFeature: Enabled x2APIC
00:00:05.583117 IOAPIC: Version=2.0 ChipType=ICH9
00:00:05.583319 PIT: mode=3 count=0x10000 (65536) - 18.20 Hz (ch=0)
00:00:05.583859 VMMDev: cbDefaultBudget: 341 374 122 (1458f4aa)
00:00:05.591444 Shared Folders service loaded
00:00:05.594064 Guest Control service loaded
00:00:05.630656 VGA: Using the 386+ BIOS image.
00:00:05.689909 DrvVD: Flushes will be ignored
00:00:05.689944 DrvVD: Async flushes will be passed to the disk
00:00:05.703673 VD: VDInit finished with VINF_SUCCESS
00:00:05.704558 AIOMgr: Endpoint for file '/home/jbarreir/goinfre/Born2beRoot/b2br/b2br.vdi' (flags 000c0723) created successfully
00:00:05.742155 VD: Opening the disk took 42659373 ns
00:00:05.742281 AHCI: LUN#0: disk, PCHS=16383/16/63, total number of sectors 20971520
00:00:05.742799 AHCI#0: Reset the HBA
00:00:05.742818 VD#0: Cancelling all active requests
00:00:05.744184 PIIX3 ATA: LUN#0: no unit
00:00:05.744200 PIIX3 ATA: LUN#1: no unit
00:00:05.744445 DrvVD: Flushes will be ignored
00:00:05.744462 DrvVD: Async flushes will be passed to the disk
00:00:05.744551 VD: Opening the disk took 77213 ns
00:00:05.744606 PIIX3 ATA: LUN#2: CD/DVD, total number of sectors 386048, passthrough disabled
00:00:05.749913 PIIX3 ATA: LUN#3: no unit
00:00:05.750025 PIIX3 ATA: Ctl#0: finished processing RESET
00:00:05.750060 PIIX3 ATA: Ctl#1: finished processing RESET
00:00:05.750890 E1000#0: Chip=82540EM LinkUpDelay=5000ms EthernetCRC=on GSO=enabled Itr=disabled ItrRx=enabled TID=disabled R0=enabled RC=disabled
00:00:05.771238 NAT: Guest address guess set to 10.0.2.15 by initialization
00:00:05.771444 NAT: resolv.conf: nameserver 127.0.0.53
00:00:05.771457 NAT: resolv.conf: ignoring "options edns0 trust-ad"
00:00:05.771476 NAT: Switching to DNS proxying due to access to the loopback interface being blocked
00:00:05.771483 NAT: Adding domain name 42madrid.com
00:00:05.771488 NAT: DNS#0: 127.0.0.53
00:00:05.771552 NAT: Set redirect TCP 0.0.0.0:9924 -> 0.0.0.0:4242
00:00:05.773572 AC97: Using codec 'AD1980'
00:00:05.774288 Audio: Initializing PulseAudio driver
00:00:05.774513 PulseAudio: Using version 15.99.0
00:00:05.838206 PulseAudio: Retrieving server information ...
00:00:05.839574 Audio: Found 2 devices for driver 'PulseAudio'
00:00:05.839605 Audio: Device 'Dummy Output':
00:00:05.839607 Audio:   ID              = auto_null
00:00:05.839608 Audio:   Usage           = output
00:00:05.839610 Audio:   Flags           = DEFAULT_OUT
00:00:05.839611 Audio:   Input channels  = 0
00:00:05.839613 Audio:   Output channels = 2
00:00:05.839646 Audio: Device 'Monitor of Dummy Output':
00:00:05.839647 Audio:   ID              = auto_null.monitor
00:00:05.839648 Audio:   Usage           = input
00:00:05.839650 Audio:   Flags           = DEFAULT_IN
00:00:05.839651 Audio:   Input channels  = 2
00:00:05.839652 Audio:   Output channels = 0
00:00:05.839850 AC97: Reset
00:00:05.839864 AC97: Mixer reset (EAID=0x809, EACS=0x9)
00:00:05.839876 AC97: Record select to left=mic, right=mic
00:00:05.843758 VUSB: Attached 'HidMouse' to port 1 on RootHub#1 (FullSpeed)
00:00:05.843825 PGM: The CPU physical address width is 39 bits
00:00:05.843841 PGM: PGMR3InitFinalize: 4 MB PSE mask 0000007fffffffff -> VINF_SUCCESS
00:00:05.843882 TM: TMR3InitFinalize: fTSCModeSwitchAllowed=true
00:00:05.850891 VMM: Enabled thread-context hooks
00:00:05.850916 VMM: RTThreadPreemptIsPending() can be trusted
00:00:05.850926 VMM: Kernel preemption is not possible it seems
00:00:05.851161 HM: fWorldSwitcher=0x30000 (fIbpbOnVmExit=false fIbpbOnVmEntry=false fL1dFlushOnVmEntry=false); fL1dFlushOnSched=true fMdsClearOnVmEntry=false
00:00:05.851182 HM: Using VT-x implementation 3.0
00:00:05.851183 HM: Max resume loops                  = 8192
00:00:05.851185 HM: Host CR4                          = 0x3706e0
00:00:05.851188 HM: Host EFER                         = 0xd01
00:00:05.851190 HM: MSR_IA32_SMM_MONITOR_CTL          = 0x0
00:00:05.851192 HM: Host DR6 zero'ed                  = 0xfffe0ff0 - always intercept MOV DRx
00:00:05.851195 HM: MSR_IA32_FEATURE_CONTROL          = 0x5
00:00:05.851196 HM:   LOCK
00:00:05.851197 HM:   VMXON
00:00:05.851199 HM: MSR_IA32_VMX_BASIC                = 0xda040000000004
00:00:05.851201 HM:   VMCS id                           = 0x4
00:00:05.851203 HM:   VMCS size                         = 1024 bytes
00:00:05.851204 HM:   VMCS physical address limit       = None
00:00:05.851206 HM:   VMCS memory type                  = Write Back (WB)
00:00:05.851207 HM:   Dual-monitor treatment support    = true
00:00:05.851210 HM:   OUTS & INS instruction-info       = true
00:00:05.851211 HM:   Supports true-capability MSRs     = true
00:00:05.851213 HM:   VM-entry Xcpt error-code optional = false
00:00:05.851214 HM: MSR_IA32_VMX_PINBASED_CTLS        = 0x7f00000016
00:00:05.851217 HM:   EXT_INT_EXIT
00:00:05.851218 HM:   NMI_EXIT
00:00:05.851219 HM:   VIRTUAL_NMI
00:00:05.851220 HM:   PREEMPT_TIMER
00:00:05.851221 HM:   POSTED_INT (must be cleared)
00:00:05.851222 HM: MSR_IA32_VMX_PROCBASED_CTLS       = 0xfff9fffe0401e172
00:00:05.851225 HM:   INT_WINDOW_EXIT
00:00:05.851226 HM:   USE_TSC_OFFSETTING
00:00:05.851227 HM:   HLT_EXIT
00:00:05.851228 HM:   INVLPG_EXIT
00:00:05.851229 HM:   MWAIT_EXIT
00:00:05.851230 HM:   RDPMC_EXIT
00:00:05.851231 HM:   RDTSC_EXIT
00:00:05.851232 HM:   CR3_LOAD_EXIT (must be set)
00:00:05.851234 HM:   CR3_STORE_EXIT (must be set)
00:00:05.851235 HM:   USE_TERTIARY_CTLS (must be cleared)
00:00:05.851236 HM:   CR8_LOAD_EXIT
00:00:05.851237 HM:   CR8_STORE_EXIT
00:00:05.851238 HM:   USE_TPR_SHADOW
00:00:05.851239 HM:   NMI_WINDOW_EXIT
00:00:05.851240 HM:   MOV_DR_EXIT
00:00:05.851241 HM:   UNCOND_IO_EXIT
00:00:05.851242 HM:   USE_IO_BITMAPS
00:00:05.851244 HM:   MONITOR_TRAP_FLAG
00:00:05.851245 HM:   USE_MSR_BITMAPS
00:00:05.851246 HM:   MONITOR_EXIT
00:00:05.851247 HM:   PAUSE_EXIT
00:00:05.851248 HM:   USE_SECONDARY_CTLS
00:00:05.851249 HM: MSR_IA32_VMX_PROCBASED_CTLS2      = 0x5ffcff00000000
00:00:05.851252 HM:   VIRT_APIC_ACCESS
00:00:05.851253 HM:   EPT
00:00:05.851254 HM:   DESC_TABLE_EXIT
00:00:05.851255 HM:   RDTSCP
00:00:05.851256 HM:   VIRT_X2APIC_MODE
00:00:05.851257 HM:   VPID
00:00:05.851258 HM:   WBINVD_EXIT
00:00:05.851259 HM:   UNRESTRICTED_GUEST
00:00:05.851261 HM:   APIC_REG_VIRT (must be cleared)
00:00:05.851262 HM:   VIRT_INT_DELIVERY (must be cleared)
00:00:05.851263 HM:   PAUSE_LOOP_EXIT
00:00:05.851264 HM:   RDRAND_EXIT
00:00:05.851265 HM:   INVPCID
00:00:05.851266 HM:   VMFUNC
00:00:05.851267 HM:   VMCS_SHADOWING
00:00:05.851268 HM:   ENCLS_EXIT
00:00:05.851269 HM:   RDSEED_EXIT
00:00:05.851270 HM:   PML
00:00:05.851271 HM:   EPT_XCPT_VE
00:00:05.851273 HM:   CONCEAL_VMX_FROM_PT
00:00:05.851274 HM:   XSAVES_XRSTORS
00:00:05.851275 HM:   MODE_BASED_EPT_PERM
00:00:05.851276 HM:   SPP_EPT (must be cleared)
00:00:05.851277 HM:   PT_EPT (must be cleared)
00:00:05.851278 HM:   TSC_SCALING (must be cleared)
00:00:05.851279 HM:   USER_WAIT_PAUSE (must be cleared)
00:00:05.851280 HM:   ENCLV_EXIT (must be cleared)
00:00:05.851281 HM: MSR_IA32_VMX_ENTRY_CTLS           = 0x3ffff000011ff
00:00:05.851283 HM:   LOAD_DEBUG (must be set)
00:00:05.851284 HM:   IA32E_MODE_GUEST
00:00:05.851285 HM:   ENTRY_TO_SMM
00:00:05.851286 HM:   DEACTIVATE_DUAL_MON
00:00:05.851288 HM:   LOAD_PERF_MSR
00:00:05.851288 HM:   LOAD_PAT_MSR
00:00:05.851290 HM:   LOAD_EFER_MSR
00:00:05.851291 HM:   LOAD_BNDCFGS_MSR
00:00:05.851292 HM:   CONCEAL_VMX_FROM_PT
00:00:05.851293 HM:   LOAD_RTIT_CTL_MSR (must be cleared)
00:00:05.851294 HM:   LOAD_CET_STATE (must be cleared)
00:00:05.851295 HM:   LOAD_PKRS_MSR (must be cleared)
00:00:05.851296 HM: MSR_IA32_VMX_EXIT_CTLS            = 0x1ffffff00036dff
00:00:05.851298 HM:   SAVE_DEBUG (must be set)
00:00:05.851299 HM:   HOST_ADDR_SPACE_SIZE
00:00:05.851300 HM:   LOAD_PERF_MSR
00:00:05.851301 HM:   ACK_EXT_INT
00:00:05.851302 HM:   SAVE_PAT_MSR
00:00:05.851303 HM:   LOAD_PAT_MSR
00:00:05.851304 HM:   SAVE_EFER_MSR
00:00:05.851305 HM:   LOAD_EFER_MSR
00:00:05.851306 HM:   SAVE_PREEMPT_TIMER
00:00:05.851307 HM:   CLEAR_BNDCFGS_MSR
00:00:05.851308 HM:   CONCEAL_VMX_FROM_PT
00:00:05.851309 HM:   CLEAR_RTIT_CTL_MSR (must be cleared)
00:00:05.851310 HM:   LOAD_CET_STATE (must be cleared)
00:00:05.851311 HM:   LOAD_PKRS_MSR (must be cleared)
00:00:05.851312 HM: MSR_IA32_VMX_TRUE_PINBASED_CTLS   = 0x7f00000016
00:00:05.851315 HM: MSR_IA32_VMX_TRUE_PROCBASED_CTLS  = 0xfff9fffe04006172
00:00:05.851317 HM: MSR_IA32_VMX_TRUE_ENTRY_CTLS      = 0x3ffff000011fb
00:00:05.851320 HM: MSR_IA32_VMX_TRUE_EXIT_CTLS       = 0x1ffffff00036dfb
00:00:05.851323 HM: MSR_IA32_VMX_MISC                 = 0x7004c1e7
00:00:05.851325 HM:   PREEMPT_TIMER_TSC                 = 0x7
00:00:05.851326 HM:   EXIT_SAVE_EFER_LMA                = true
00:00:05.851328 HM:   ACTIVITY_STATES                   = 0x7 ( HLT SHUTDOWN SIPI_WAIT )
00:00:05.851330 HM:   INTEL_PT                          = true
00:00:05.851332 HM:   SMM_READ_SMBASE_MSR               = true
00:00:05.851334 HM:   CR3_TARGET                        = 0x4
00:00:05.851335 HM:   MAX_MSR                           = 0x0 ( 512 )
00:00:05.851337 HM:   VMXOFF_BLOCK_SMI                  = true
00:00:05.851338 HM:   VMWRITE_ALL                       = true
00:00:05.851340 HM:   ENTRY_INJECT_SOFT_INT             = 0x1
00:00:05.851341 HM:   MSEG_ID                           = 0x0
00:00:05.851342 HM: MSR_IA32_VMX_VMCS_ENUM            = 0x2e
00:00:05.851344 HM:   HIGHEST_IDX                       = 0x17
00:00:05.851346 HM: MSR_IA32_VMX_EPT_VPID_CAP         = 0xf0106734141
00:00:05.851348 HM:   RWX_X_ONLY
00:00:05.851349 HM:   PAGE_WALK_LENGTH_4
00:00:05.851350 HM:   MEMTYPE_UC
00:00:05.851351 HM:   MEMTYPE_WB
00:00:05.851352 HM:   PDE_2M
00:00:05.851353 HM:   PDPTE_1G
00:00:05.851354 HM:   INVEPT
00:00:05.851355 HM:   ACCESS_DIRTY
00:00:05.851356 HM:   ADVEXITINFO_EPT_VIOLATION
00:00:05.851357 HM:   INVEPT_SINGLE_CONTEXT
00:00:05.851358 HM:   INVEPT_ALL_CONTEXTS
00:00:05.851359 HM:   INVVPID
00:00:05.851360 HM:   INVVPID_INDIV_ADDR
00:00:05.851362 HM:   INVVPID_SINGLE_CONTEXT
00:00:05.851363 HM:   INVVPID_ALL_CONTEXTS
00:00:05.851364 HM:   INVVPID_SINGLE_CONTEXT_RETAIN_GLOBALS
00:00:05.851365 HM: MSR_IA32_VMX_VMFUNC               = 0x1
00:00:05.851366 HM:   EPTP_SWITCHING
00:00:05.851367 HM: MSR_IA32_VMX_CR0_FIXED0           = 0x80000021
00:00:05.851369 HM: MSR_IA32_VMX_CR0_FIXED1           = 0xffffffff
00:00:05.851371 HM: MSR_IA32_VMX_CR4_FIXED0           = 0x2000
00:00:05.851373 HM: MSR_IA32_VMX_CR4_FIXED1           = 0x3767ff
00:00:05.851375 HM: Guest support: 32-bit and 64-bit
00:00:05.851388 HM: Supports VMCS EFER fields         = true
00:00:05.851390 HM: Enabled VMX
00:00:05.851397 HM: Enabled nested paging
00:00:05.851399 HM:   EPT flush type                  = Single context
00:00:05.851400 HM: Enabled unrestricted guest execution
00:00:05.851417 HM: Enabled large page support
00:00:05.851418 HM: Enabled VPID
00:00:05.851419 HM:   VPID flush type                 = Single context
00:00:05.851420 HM: Enabled VMX-preemption timer (cPreemptTimerShift=7)
00:00:05.851421 HM: VT-x/AMD-V init method: Global
00:00:05.851424 EM: Exit history optimizations: enabled=true enabled-r0=true enabled-r0-no-preemption=false
00:00:05.851497 APIC: fPostedIntrsEnabled=false fVirtApicRegsEnabled=false fSupportsTscDeadline=false
00:00:05.851516 TMR3UtcNow: nsNow=1 771 941 694 089 328 000 nsPrev=0 -> cNsDelta=1 771 941 694 089 328 000 (offLag=0 offVirtualSync=0 offVirtualSyncGivenUp=0, NowAgain=1 771 941 694 089 328 000)
00:00:05.851539 VMM: fUsePeriodicPreemptionTimers=false
00:00:05.851997 CPUM: Logical host processors: 6 present, 6 max, 6 online, online mask: 000000000000003f
00:00:05.852408 CPUM: Physical host cores: 6
00:00:05.852410 ************************* CPUID dump ************************
00:00:05.852443          Raw Standard CPUID Leaves
00:00:05.852443      Leaf/sub-leaf  eax      ebx      ecx      edx
00:00:05.852447 Gst: 00000000/0000  00000016 756e6547 6c65746e 49656e69
00:00:05.852451 Hst:                00000016 756e6547 6c65746e 49656e69
00:00:05.852455 Gst: 00000001/0000  000906ea 00010800 d6fa220b 178bfbff
00:00:05.852459 Hst:                000906ea 00100800 7ffafbff bfebfbff
00:00:05.852462 Gst: 00000002/0000  76036301 00f0b6ff 00000000 00c30000
00:00:05.852465 Hst:                76036301 00f0b6ff 00000000 00c30000
00:00:05.852468 Gst: 00000003/0000  00000000 00000000 00000000 00000000
00:00:05.852471 Hst:                00000000 00000000 00000000 00000000
00:00:05.852473 Gst: 00000004/0000  00000121 01c0003f 0000003f 00000000
00:00:05.852476 Hst:                1c004121 01c0003f 0000003f 00000000
00:00:05.852479 Gst: 00000004/0001  00000122 01c0003f 0000003f 00000000
00:00:05.852482 Hst:                1c004122 01c0003f 0000003f 00000000
00:00:05.852485 Gst: 00000004/0002  00000143 00c0003f 000003ff 00000000
00:00:05.852487 Hst:                1c004143 00c0003f 000003ff 00000000
00:00:05.852490 Gst: 00000004/0003  00000163 02c0003f 00002fff 00000006
00:00:05.852493 Hst:                1c03c163 02c0003f 00002fff 00000006
00:00:05.852495 Gst: 00000004/0004  00000000 00000000 00000000 00000000
00:00:05.852498 Hst:                00000000 00000000 00000000 00000000
00:00:05.852500 Gst: 00000005/0000  00000040 00000040 00000000 00000000
00:00:05.852502 Hst:                00000040 00000040 00000003 11142120
00:00:05.852506 Gst: 00000006/0000  00000004 00000000 00000000 00000000
00:00:05.852508 Hst:                000026f7 00000002 00000009 00000000
00:00:05.852510 Gst: 00000007/0000  00000000 00842529 00000000 30000400
00:00:05.852513 Hst:                00000000 029c67af 40000000 bc002e00
00:00:05.852516 Gst: 00000007/0001  00000000 00000000 00000000 00000000
00:00:05.852518 Hst:                00000000 00000000 00000000 00000000
00:00:05.852520 Gst: 00000008/0000  00000000 00000000 00000000 00000000
00:00:05.852522 Hst:                00000000 00000000 00000000 00000000
00:00:05.852524 Gst: 00000009/0000  00000000 00000000 00000000 00000000
00:00:05.852526 Hst:                00000000 00000000 00000000 00000000
00:00:05.852529 Gst: 0000000a/0000  00000000 00000000 00000000 00000000
00:00:05.852531 Hst:                07300804 00000000 00000000 00000603
00:00:05.852533 Gst: 0000000b/0000  00000000 00000001 00000100 00000000
00:00:05.852535 Hst:                00000001 00000001 00000100 00000000
00:00:05.852538 Gst: 0000000b/0001  00000001 00000001 00000201 00000000
00:00:05.852540 Hst:                00000004 00000006 00000201 00000000
00:00:05.852542 Gst: 0000000b/0002  00000000 00000000 00000002 00000000
00:00:05.852544 Hst:                00000000 00000000 00000002 00000000
00:00:05.852546 Gst: 0000000c/0000  00000000 00000000 00000000 00000000
00:00:05.852548 Hst:                00000000 00000000 00000000 00000000
00:00:05.852551 Gst: 0000000d/0000  00000007 00000340 00000340 00000000
00:00:05.852553 Hst:                0000001f 00000440 00000440 00000000
00:00:05.852555 Gst: 0000000d/0001  00000000 000003c0 00000000 00000000
00:00:05.852558 Hst:                0000000f 000003c0 00000100 00000000
00:00:05.852560 Gst: 0000000d/0002  00000100 00000240 00000000 00000000
00:00:05.852562 Hst:                00000100 00000240 00000000 00000000
00:00:05.852564 Gst: 0000000d/0003  00000000 00000000 00000000 00000000
00:00:05.852566 Hst:                00000040 000003c0 00000000 00000000
00:00:05.852569 Gst: 0000000d/0004  00000000 00000000 00000000 00000000
00:00:05.852571 Hst:                00000040 00000400 00000000 00000000
00:00:05.852573 Gst: 0000000d/0005  00000000 00000000 00000000 00000000
00:00:05.852575 Hst:                00000000 00000000 00000000 00000000
00:00:05.852577 Gst: 0000000d/0006  00000000 00000000 00000000 00000000
00:00:05.852579 Hst:                00000000 00000000 00000000 00000000
00:00:05.852582 Gst: 0000000d/0007  00000000 00000000 00000000 00000000
00:00:05.852584 Hst:                00000000 00000000 00000000 00000000
00:00:05.852586 Gst: 0000000d/0008  00000000 00000000 00000000 00000000
00:00:05.852588 Hst:                00000080 00000000 00000001 00000000
00:00:05.852590 Gst: 0000000d/0009  00000000 00000000 00000000 00000000
00:00:05.852592 Hst:                00000000 00000000 00000000 00000000
00:00:05.852686 Gst: 0000000e/0000  00000000 00000000 00000000 00000000
00:00:05.852689 Hst:                00000000 00000000 00000000 00000000
00:00:05.852691 Gst: 0000000f/0000  00000000 00000000 00000000 00000000
00:00:05.852693 Hst:                00000000 00000000 00000000 00000000
00:00:05.852695 Gst: 00000010/0000  00000000 00000000 00000000 00000000
00:00:05.852698 Hst:                00000000 00000000 00000000 00000000
00:00:05.852700 Gst: 00000011/0000  00000000 00000000 00000000 00000000
00:00:05.852702 Hst:                00000000 00000000 00000000 00000000
00:00:05.852704 Gst: 00000012/0000  00000000 00000000 00000000 00000000
00:00:05.852706 Hst:                00000000 00000000 00000000 00000000
00:00:05.852708 Gst: 00000013/0000  00000000 00000000 00000000 00000000
00:00:05.852710 Hst:                00000000 00000000 00000000 00000000
00:00:05.852713 Gst: 00000014/0000  00000000 00000000 00000000 00000000
00:00:05.852715 Hst:                00000001 0000000f 00000007 00000000
00:00:05.852717 Hst: 00000015/0000  00000002 000000fa 00000000 00000000
00:00:05.852720 Hst: 00000016/0000  00000bb8 00001004 00000064 00000000
00:00:05.852724                                Name: GenuineIntel
00:00:05.852729                            Supports: 0x00000000-0x00000016
00:00:05.852733                              Family:  6 	Extended: 0 	Effective: 6
00:00:05.852737                               Model: 14 	Extended: 9 	Effective: 158
00:00:05.852741                            Stepping: 10
00:00:05.852744                                Type: 0 (primary)
00:00:05.852747                             APIC ID: 0x00
00:00:05.852750                        Logical CPUs: 1
00:00:05.852753                        CLFLUSH Size: 8
00:00:05.852755                            Brand ID: 0x00
00:00:05.852758 Features
00:00:05.852760   Mnemonic - Description                                  = guest (host)
00:00:05.852763   FPU - x87 FPU on Chip                                   = 1 (1)
00:00:05.852768   VME - Virtual 8086 Mode Enhancements                    = 1 (1)
00:00:05.852771   DE - Debugging extensions                               = 1 (1)
00:00:05.852775   PSE - Page Size Extension                               = 1 (1)
00:00:05.852778   TSC - Time Stamp Counter                                = 1 (1)
00:00:05.852782   MSR - Model Specific Registers                          = 1 (1)
00:00:05.852785   PAE - Physical Address Extension                        = 1 (1)
00:00:05.852788   MCE - Machine Check Exception                           = 1 (1)
00:00:05.852791   CX8 - CMPXCHG8B instruction                             = 1 (1)
00:00:05.852795   APIC - APIC On-Chip                                     = 1 (1)
00:00:05.852798   SEP - SYSENTER and SYSEXIT Present                      = 1 (1)
00:00:05.852801   MTRR - Memory Type Range Registers                      = 1 (1)
00:00:05.852804   PGE - PTE Global Bit                                    = 1 (1)
00:00:05.852808   MCA - Machine Check Architecture                        = 1 (1)
00:00:05.852811   CMOV - Conditional Move instructions                    = 1 (1)
00:00:05.852814   PAT - Page Attribute Table                              = 1 (1)
00:00:05.852818   PSE-36 - 36-bit Page Size Extension                     = 1 (1)
00:00:05.852821   PSN - Processor Serial Number                           = 0 (0)
00:00:05.852824   CLFSH - CLFLUSH instruction                             = 1 (1)
00:00:05.852827   DS - Debug Store                                        = 0 (1)
00:00:05.852831   ACPI - Thermal Mon. & Soft. Clock Ctrl.                 = 0 (1)
00:00:05.852834   MMX - Intel MMX Technology                              = 1 (1)
00:00:05.852838   FXSR - FXSAVE and FXRSTOR instructions                  = 1 (1)
00:00:05.852841   SSE - SSE support                                       = 1 (1)
00:00:05.852844   SSE2 - SSE2 support                                     = 1 (1)
00:00:05.852848   SS - Self Snoop                                         = 0 (1)
00:00:05.852852   HTT - Hyper-Threading Technology                        = 1 (1)
00:00:05.852855   TM - Therm. Monitor                                     = 0 (1)
00:00:05.852859   PBE - Pending Break Enabled                             = 0 (1)
00:00:05.852862   SSE3 - SSE3 support                                     = 1 (1)
00:00:05.852866   PCLMUL - PCLMULQDQ support (for AES-GCM)                = 1 (1)
00:00:05.852869   DTES64 - DS Area 64-bit Layout                          = 0 (1)
00:00:05.852872   MONITOR - MONITOR/MWAIT instructions                    = 1 (1)
00:00:05.852875   CPL-DS - CPL Qualified Debug Store                      = 0 (1)
00:00:05.852878   VMX - Virtual Machine Extensions                        = 0 (1)
00:00:05.852881   SMX - Safer Mode Extensions                             = 0 (1)
00:00:05.852884   EST - Enhanced SpeedStep Technology                     = 0 (1)
00:00:05.852887   TM2 - Terminal Monitor 2                                = 0 (1)
00:00:05.852891   SSSE3 - Supplemental Streaming SIMD Extensions 3        = 1 (1)
00:00:05.852893   CNTX-ID - L1 Context ID                                 = 0 (0)
00:00:05.852897   SDBG - Silicon Debug interface                          = 0 (1)
00:00:05.852900   FMA - Fused Multiply Add extensions                     = 0 (1)
00:00:05.852903   CX16 - CMPXCHG16B instruction                           = 1 (1)
00:00:05.852906   TPRUPDATE - xTPR Update Control                         = 0 (1)
00:00:05.852910   PDCM - Perf/Debug Capability MSR                        = 0 (1)
00:00:05.852913   PCID - Process Context Identifiers                      = 1 (1)
00:00:05.852916   DCA - Direct Cache Access                               = 0 (0)
00:00:05.852919   SSE4_1 - SSE4_1 support                                 = 1 (1)
00:00:05.852923   SSE4_2 - SSE4_2 support                                 = 1 (1)
00:00:05.852926   X2APIC - x2APIC support                                 = 1 (1)
00:00:05.852930   MOVBE - MOVBE instruction                               = 1 (1)
00:00:05.852934   POPCNT - POPCNT instruction                             = 1 (1)
00:00:05.852937   TSCDEADL - Time Stamp Counter Deadline                  = 0 (1)
00:00:05.852940   AES - AES instructions                                  = 1 (1)
00:00:05.852943   XSAVE - XSAVE instruction                               = 1 (1)
00:00:05.852947   OSXSAVE - OSXSAVE instruction                           = 0 (1)
00:00:05.852950   AVX - AVX support                                       = 1 (1)
00:00:05.852954   F16C - 16-bit floating point conversion instructions    = 0 (1)
00:00:05.852956   RDRAND - RDRAND instruction                             = 1 (1)
00:00:05.852960   HVP - Hypervisor Present (we're a guest)                = 1 (0)
00:00:05.852963 Structured Extended Feature Flags Enumeration (leaf 7):
00:00:05.852964   Mnemonic - Description                                  = guest (host)
00:00:05.852966   FSGSBASE - RDFSBASE/RDGSBASE/WRFSBASE/WRGSBASE instr.   = 1 (1)
00:00:05.852968   TSCADJUST - Supports MSR_IA32_TSC_ADJUST                = 0 (1)
00:00:05.852971   SGX - Supports Software Guard Extensions                = 0 (1)
00:00:05.852974   BMI1 - Advanced Bit Manipulation extension 1            = 1 (1)
00:00:05.852977   HLE - Hardware Lock Elision                             = 0 (0)
00:00:05.852980   AVX2 - Advanced Vector Extensions 2                     = 1 (1)
00:00:05.852983   FDP_EXCPTN_ONLY - FPU DP only updated on exceptions     = 0 (0)
00:00:05.852985   SMEP - Supervisor Mode Execution Prevention             = 0 (1)
00:00:05.852988   BMI2 - Advanced Bit Manipulation extension 2            = 1 (1)
00:00:05.852991   ERMS - Enhanced REP MOVSB/STOSB instructions            = 0 (1)
00:00:05.852993   INVPCID - INVPCID instruction                           = 1 (1)
00:00:05.852996   RTM - Restricted Transactional Memory                   = 0 (0)
00:00:05.852999   PQM - Platform Quality of Service Monitoring            = 0 (0)
00:00:05.853002   DEPFPU_CS_DS - Deprecates FPU CS, FPU DS values if set  = 1 (1)
00:00:05.853004   MPE - Intel Memory Protection Extensions                = 0 (1)
00:00:05.853007   PQE - Platform Quality of Service Enforcement           = 0 (0)
00:00:05.853009   AVX512F - AVX512 Foundation instructions                = 0 (0)
00:00:05.853012   RDSEED - RDSEED instruction                             = 1 (1)
00:00:05.853016   ADX - ADCX/ADOX instructions                            = 0 (1)
00:00:05.853019   SMAP - Supervisor Mode Access Prevention                = 0 (1)
00:00:05.853022   CLFLUSHOPT - CLFLUSHOPT (Cache Line Flush) instruction  = 1 (1)
00:00:05.853024   CLWB - CLWB instruction                                 = 0 (0)
00:00:05.853027   INTEL_PT - Intel Processor Trace                        = 0 (1)
00:00:05.853030   AVX512PF - AVX512 Prefetch instructions                 = 0 (0)
00:00:05.853033   AVX512ER - AVX512 Exponential & Reciprocal instructions = 0 (0)
00:00:05.853035   AVX512CD - AVX512 Conflict Detection instructions       = 0 (0)
00:00:05.853038   SHA - Secure Hash Algorithm extensions                  = 0 (0)
00:00:05.853041   PREFETCHWT1 - PREFETCHWT1 instruction                   = 0 (0)
00:00:05.853044   UMIP - User mode insturction prevention                 = 0 (0)
00:00:05.853047   PKU - Protection Key for Usermode pages                 = 0 (0)
00:00:05.853050   OSPKE - CR4.PKU mirror                                  = 0 (0)
00:00:05.853053   MAWAU - Value used by BNDLDX & BNDSTX                   = 0x0 (0x0)
00:00:05.853057   RDPID - Read processor ID support                       = 0 (0)
00:00:05.853060   SGX_LC - Supports SGX Launch Configuration              = 0 (1)
00:00:05.853063    9 - Reserved                                           = 0 (1)
00:00:05.853068   MD_CLEAR - Supports MDS related buffer clearing         = 1 (1)
00:00:05.853070   11 - Reserved                                           = 0 (1)
00:00:05.853075   13 - Reserved                                           = 0 (1)
00:00:05.853079   IBRS_IBPB - IA32_SPEC_CTRL.IBRS and IA32_PRED_CMD.IBPB  = 0 (1)
00:00:05.853081   STIBP - Supports IA32_SPEC_CTRL.STIBP                   = 0 (1)
00:00:05.853084   FLUSH_CMD - Supports IA32_FLUSH_CMD                     = 1 (1)
00:00:05.853087   ARCHCAP - Supports IA32_ARCH_CAP                        = 1 (1)
00:00:05.853090   CORECAP - Supports IA32_CORE_CAP                        = 0 (0)
00:00:05.853093   SSBD - Supports IA32_SPEC_CTRL.SSBD                     = 0 (1)
00:00:05.853097 Processor Extended State Enumeration (leaf 0xd):
00:00:05.853099    XSAVE area cur/max size by XCR0, guest: 0x340/0x340
00:00:05.853102     XSAVE area cur/max size by XCR0, host: 0x440/0x440
00:00:05.853104                    Valid XCR0 bits, guest: 0x00000000`00000007 ( x87 SSE YMM_Hi128 )
00:00:05.853111                     Valid XCR0 bits, host: 0x00000000`0000001f ( x87 SSE YMM_Hi128 BNDREGS BNDCSR )
00:00:05.853118                     XSAVE features, guest:
00:00:05.853120                      XSAVE features, host: XSAVEOPT XSAVEC XGETBC1 XSAVES
00:00:05.853125       XSAVE area cur size XCR0|XSS, guest: 0x3c0
00:00:05.853127        XSAVE area cur size XCR0|XSS, host: 0x3c0
00:00:05.853129                Valid IA32_XSS bits, guest: 0x00000000`00000000
00:00:05.853132                 Valid IA32_XSS bits, host: 0x00000100`00000000 ( 40 )
00:00:05.853137   State #2, guest: off=0x0240, cb=0x0100 IA32_XSS-bit -- YMM_Hi128
00:00:05.853142   State #2, host:  off=0x0240, cb=0x0100 IA32_XSS-bit -- YMM_Hi128
00:00:05.853146   State #3, host:  off=0x03c0, cb=0x0040 IA32_XSS-bit -- BNDREGS
00:00:05.853149   State #4, host:  off=0x0400, cb=0x0040 IA32_XSS-bit -- BNDCSR
00:00:05.853155   State #8, host:  off=0x0000, cb=0x0080 XCR0-bit -- 8
00:00:05.853190          Unknown CPUID Leaves
00:00:05.853192      Leaf/sub-leaf  eax      ebx      ecx      edx
00:00:05.853193 Gst: 00000014/0001  00000000 00000000 00000000 00000000
00:00:05.853196 Hst:                02490002 003f3fff 00000000 00000000
00:00:05.853199 Gst: 00000014/0002  00000000 00000000 00000000 00000000
00:00:05.853201 Hst:                00000000 00000000 00000000 00000000
00:00:05.853203 Gst: 00000015/0000  00000000 00000000 00000000 00000000
00:00:05.853205 Hst:                00000002 000000fa 00000000 00000000
00:00:05.853208 Gst: 00000016/0000  00000000 00000000 00000000 00000000
00:00:05.853210 Hst:                00000bb8 00001004 00000064 00000000
00:00:05.853213          Raw Hypervisor CPUID Leaves
00:00:05.853214      Leaf/sub-leaf  eax      ebx      ecx      edx
00:00:05.853216 Gst: 40000000/0000  40000001 4b4d564b 564b4d56 0000004d
00:00:05.853220 Hst:                00000bb8 00001004 00000064 00000000
00:00:05.853223 Gst: 40000001/0000  01000089 00000000 00000000 00000000
00:00:05.853226 Hst:                00000bb8 00001004 00000064 00000000
00:00:05.853229          Raw Extended CPUID Leaves
00:00:05.853229      Leaf/sub-leaf  eax      ebx      ecx      edx
00:00:05.853231 Gst: 80000000/0000  80000008 00000000 00000000 00000000
00:00:05.853233 Hst:                80000008 00000000 00000000 00000000
00:00:05.853236 Gst: 80000001/0000  00000000 00000000 00000121 28100800
00:00:05.853239 Hst:                00000000 00000000 00000121 2c100800
00:00:05.853242 Gst: 80000002/0000  65746e49 2952286c 726f4320 4d542865
00:00:05.853245 Hst:                65746e49 2952286c 726f4320 4d542865
00:00:05.853250 Gst: 80000003/0000  35692029 3035382d 50432030 20402055
00:00:05.853253 Hst:                35692029 3035382d 50432030 20402055
00:00:05.853257 Gst: 80000004/0000  30302e33 007a4847 00000000 00000000
00:00:05.853260 Hst:                30302e33 007a4847 00000000 00000000
00:00:05.853262 Gst: 80000005/0000  00000000 00000000 00000000 00000000
00:00:05.853265 Hst:                00000000 00000000 00000000 00000000
00:00:05.853267 Gst: 80000006/0000  00000000 00000000 01006040 00000000
00:00:05.853270 Hst:                00000000 00000000 01006040 00000000
00:00:05.853272 Gst: 80000007/0000  00000000 00000000 00000000 00000100
00:00:05.853274 Hst:                00000000 00000000 00000000 00000100
00:00:05.853277 Gst: 80000008/0000  00003027 00000000 00000000 00000000
00:00:05.853279 Hst:                00003027 00000000 00000000 00000000
00:00:05.853282 Ext Name:                        
00:00:05.853283 Ext Supports:                    0x80000000-0x80000008
00:00:05.853328 Family:                          0  	Extended: 0 	Effective: 0
00:00:05.853330 Model:                           0  	Extended: 0 	Effective: 0
00:00:05.853332 Stepping:                        0
00:00:05.853333 Brand ID:                        0x000
00:00:05.853335 Ext Features
00:00:05.853336   Mnemonic - Description                                  = guest (host)
00:00:05.853337   FPU - x87 FPU on Chip                                   = 0 (0)
00:00:05.853342   VME - Virtual 8086 Mode Enhancements                    = 0 (0)
00:00:05.853345   DE - Debugging extensions                               = 0 (0)
00:00:05.853349   PSE - Page Size Extension                               = 0 (0)
00:00:05.853352   TSC - Time Stamp Counter                                = 0 (0)
00:00:05.853356   MSR - K86 Model Specific Registers                      = 0 (0)
00:00:05.853359   PAE - Physical Address Extension                        = 0 (0)
00:00:05.853362   MCE - Machine Check Exception                           = 0 (0)
00:00:05.853365   CX8 - CMPXCHG8B instruction                             = 0 (0)
00:00:05.853368   APIC - APIC On-Chip                                     = 0 (0)
00:00:05.853372   SEP - SYSCALL/SYSRET                                    = 1 (1)
00:00:05.853376   MTRR - Memory Type Range Registers                      = 0 (0)
00:00:05.853379   PGE - PTE Global Bit                                    = 0 (0)
00:00:05.853382   MCA - Machine Check Architecture                        = 0 (0)
00:00:05.853385   CMOV - Conditional Move instructions                    = 0 (0)
00:00:05.853388   PAT - Page Attribute Table                              = 0 (0)
00:00:05.853392   PSE-36 - 36-bit Page Size Extension                     = 0 (0)
00:00:05.853395   NX - No-Execute/Execute-Disable                         = 1 (1)
00:00:05.853398   AXMMX - AMD Extensions to MMX instructions              = 0 (0)
00:00:05.853401   MMX - Intel MMX Technology                              = 0 (0)
00:00:05.853404   FXSR - FXSAVE and FXRSTOR Instructions                  = 0 (0)
00:00:05.853407   FFXSR - AMD fast FXSAVE and FXRSTOR instructions        = 0 (0)
00:00:05.853409   Page1GB - 1 GB large page                               = 0 (1)
00:00:05.853413   RDTSCP - RDTSCP instruction                             = 1 (1)
00:00:05.853416   LM - AMD64 Long Mode                                    = 1 (1)
00:00:05.853420   3DNOWEXT - AMD Extensions to 3DNow                      = 0 (0)
00:00:05.853423   3DNOW - AMD 3DNow                                       = 0 (0)
00:00:05.853427   LahfSahf - LAHF/SAHF support in 64-bit mode             = 1 (1)
00:00:05.853430   CmpLegacy - Core multi-processing legacy mode           = 0 (0)
00:00:05.853432   SVM - AMD Secure Virtual Machine extensions             = 0 (0)
00:00:05.853435   EXTAPIC - AMD Extended APIC registers                   = 0 (0)
00:00:05.853438   CR8L - AMD LOCK MOV CR0 means MOV CR8                   = 0 (0)
00:00:05.853441   ABM - AMD Advanced Bit Manipulation                     = 1 (1)
00:00:05.853444   SSE4A - SSE4A instructions                              = 0 (0)
00:00:05.853447   MISALIGNSSE - AMD Misaligned SSE mode                   = 0 (0)
00:00:05.853450   3DNOWPRF - AMD PREFETCH and PREFETCHW instructions      = 1 (1)
00:00:05.853452   OSVW - AMD OS Visible Workaround                        = 0 (0)
00:00:05.853455   IBS - Instruct Based Sampling                           = 0 (0)
00:00:05.853458   XOP - Extended Operation support                        = 0 (0)
00:00:05.853461   SKINIT - SKINIT, STGI, and DEV support                  = 0 (0)
00:00:05.853464   WDT - AMD Watchdog Timer support                        = 0 (0)
00:00:05.853467   LWP - Lightweight Profiling support                     = 0 (0)
00:00:05.853470   FMA4 - Four operand FMA instruction support             = 0 (0)
00:00:05.853473   TCE - Translation Cache Extension support               = 0 (0)
00:00:05.853476   NodeId - NodeId in MSR C001_100C                        = 0 (0)
00:00:05.853479   TBM - Trailing Bit Manipulation instructions            = 0 (0)
00:00:05.853482   TOPOEXT - Topology Extensions                           = 0 (0)
00:00:05.853485   PRFEXTCORE - Performance Counter Extensions support     = 0 (0)
00:00:05.853487   PRFEXTNB - NB Performance Counter Extensions support    = 0 (0)
00:00:05.853490   DATABPEXT - Data-access Breakpoint Extension            = 0 (0)
00:00:05.853492   PERFTSC - Performance Time Stamp Counter                = 0 (0)
00:00:05.853495   PCX_L2I - L2I/L3 Performance Counter Extensions         = 0 (0)
00:00:05.853497   MONITORX - MWAITX and MONITORX instructions             = 0 (0)
00:00:05.853500   AddrMaskExt - BP Addressing masking extended to bit 31  = 0 (0)
00:00:05.853503 Full Name:                       "Intel(R) Core(TM) i5-8500 CPU @ 3.00GHz"
00:00:05.853505 TLB 2/4M Instr/Uni:              res0     0 entries
00:00:05.853507 TLB 2/4M Data:                   res0     0 entries
00:00:05.853508 TLB 4K Instr/Uni:                res0     0 entries
00:00:05.853510 TLB 4K Data:                     res0     0 entries
00:00:05.853511 L1 Instr Cache Line Size:        0 bytes
00:00:05.853513 L1 Instr Cache Lines Per Tag:    0
00:00:05.853514 L1 Instr Cache Associativity:    res0  
00:00:05.853515 L1 Instr Cache Size:             0 KB
00:00:05.853516 L1 Data Cache Line Size:         0 bytes
00:00:05.853517 L1 Data Cache Lines Per Tag:     0
00:00:05.853518 L1 Data Cache Associativity:     res0  
00:00:05.853519 L1 Data Cache Size:              0 KB
00:00:05.853521 L2 TLB 2/4M Instr/Uni:           off       0 entries
00:00:05.853522 L2 TLB 2/4M Data:                off       0 entries
00:00:05.853524 L2 TLB 4K Instr/Uni:             off       0 entries
00:00:05.853525 L2 TLB 4K Data:                  off       0 entries
00:00:05.853526 L2 Cache Line Size:              0 bytes
00:00:05.853527 L2 Cache Lines Per Tag:          0
00:00:05.853528 L2 Cache Associativity:          off   
00:00:05.853529 L2 Cache Size:                   0 KB
00:00:05.853531   TS - Temperature Sensor                                 = 0 (0)
00:00:05.853535   FID - Frequency ID control                              = 0 (0)
00:00:05.853538   VID - Voltage ID control                                = 0 (0)
00:00:05.853542   TTP - Thermal Trip                                      = 0 (0)
00:00:05.853546   TM - Hardware Thermal Control (HTC)                     = 0 (0)
00:00:05.853549   100MHzSteps - 100 MHz Multiplier control                = 0 (0)
00:00:05.853552   HwPstate - Hardware P-state control                     = 0 (0)
00:00:05.853555   TscInvariant - Invariant Time Stamp Counter             = 1 (1)
00:00:05.853557   CPB - Core Performance Boost                            = 0 (0)
00:00:05.853561   EffFreqRO - Read-only Effective Frequency Interface     = 0 (0)
00:00:05.853563   ProcFdbkIf - Processor Feedback Interface               = 0 (0)
00:00:05.853566   ProcPwrRep - Core power reporting interface support     = 0 (0)
00:00:05.853568   ConnectedStandby - Connected Standby                    = 0 (0)
00:00:05.853571   RAPL - Running average power limit                      = 0 (0)
00:00:05.853575 Physical Address Width:          39 bits
00:00:05.853577 Virtual Address Width:           48 bits
00:00:05.853578 Guest Physical Address Width:    0 bits
00:00:05.853579 Physical Core Count:             1
00:00:05.853584 
00:00:05.853585 ******************** End of CPUID dump **********************
00:00:05.853587 *********************** VT-x features ***********************
00:00:05.853591 Nested hardware virtualization - VMX features
00:00:05.853592   Mnemonic - Description                                  = guest (host)
00:00:05.853593   VMX - Virtual-Machine Extensions                        = 0 (1)
00:00:05.853595   InsOutInfo - INS/OUTS instruction info.                 = 0 (1)
00:00:05.853597   ExtIntExit - External interrupt exiting                 = 0 (1)
00:00:05.853599   NmiExit - NMI exiting                                   = 0 (1)
00:00:05.853601   VirtNmi - Virtual NMIs                                  = 0 (1)
00:00:05.853602   PreemptTimer - VMX preemption timer                     = 0 (1)
00:00:05.853604   PostedInt - Posted interrupts                           = 0 (0)
00:00:05.853606   IntWindowExit - Interrupt-window exiting                = 0 (1)
00:00:05.853607   TscOffsetting - TSC offsetting                          = 0 (1)
00:00:05.853609   HltExit - HLT exiting                                   = 0 (1)
00:00:05.853610   InvlpgExit - INVLPG exiting                             = 0 (1)
00:00:05.853612   MwaitExit - MWAIT exiting                               = 0 (1)
00:00:05.853614   RdpmcExit - RDPMC exiting                               = 0 (1)
00:00:05.853616   RdtscExit - RDTSC exiting                               = 0 (1)
00:00:05.853618   Cr3LoadExit - CR3-load exiting                          = 0 (1)
00:00:05.853619   Cr3StoreExit - CR3-store exiting                        = 0 (1)
00:00:05.853621   TertiaryExecCtls - Activate tertiary controls           = 0 (0)
00:00:05.853622   Cr8LoadExit  - CR8-load exiting                         = 0 (1)
00:00:05.853624   Cr8StoreExit - CR8-store exiting                        = 0 (1)
00:00:05.853626   UseTprShadow - Use TPR shadow                           = 0 (1)
00:00:05.853627   NmiWindowExit - NMI-window exiting                      = 0 (1)
00:00:05.853629   MovDRxExit - Mov-DR exiting                             = 0 (1)
00:00:05.853630   UncondIoExit - Unconditional I/O exiting                = 0 (1)
00:00:05.853632   UseIoBitmaps - Use I/O bitmaps                          = 0 (1)
00:00:05.853633   MonitorTrapFlag - Monitor Trap Flag                     = 0 (1)
00:00:05.853635   UseMsrBitmaps - MSR bitmaps                             = 0 (1)
00:00:05.853636   MonitorExit - MONITOR exiting                           = 0 (1)
00:00:05.853638   PauseExit - PAUSE exiting                               = 0 (1)
00:00:05.853640   SecondaryExecCtl - Activate secondary controls          = 0 (1)
00:00:05.853641   VirtApic - Virtualize-APIC accesses                     = 0 (1)
00:00:05.853643   Ept - Extended Page Tables                              = 0 (1)
00:00:05.853644   DescTableExit - Descriptor-table exiting                = 0 (1)
00:00:05.853646   Rdtscp - Enable RDTSCP                                  = 0 (1)
00:00:05.853647   VirtX2ApicMode - Virtualize-x2APIC mode                 = 0 (1)
00:00:05.853649   Vpid - Enable VPID                                      = 0 (1)
00:00:05.853650   WbinvdExit - WBINVD exiting                             = 0 (1)
00:00:05.853652   UnrestrictedGuest - Unrestricted guest                  = 0 (1)
00:00:05.853654   ApicRegVirt - APIC-register virtualization              = 0 (0)
00:00:05.853655   VirtIntDelivery - Virtual-interrupt delivery            = 0 (0)
00:00:05.853657   PauseLoopExit - PAUSE-loop exiting                      = 0 (1)
00:00:05.853658   RdrandExit - RDRAND exiting                             = 0 (1)
00:00:05.853660   Invpcid - Enable INVPCID                                = 0 (1)
00:00:05.853661   VmFuncs - Enable VM Functions                           = 0 (1)
00:00:05.853663   VmcsShadowing - VMCS shadowing                          = 0 (1)
00:00:05.853665   RdseedExiting - RDSEED exiting                          = 0 (1)
00:00:05.853666   PML - Page-Modification Log (PML)                       = 0 (1)
00:00:05.853668   EptVe - EPT violations can cause #VE                    = 0 (1)
00:00:05.853669   ConcealVmxFromPt - Conceal VMX from Processor Trace     = 0 (1)
00:00:05.853671   XsavesXRstors - Enable XSAVES/XRSTORS                   = 0 (1)
00:00:05.853673   ModeBasedExecuteEpt - Mode-based execute permissions    = 0 (1)
00:00:05.853674   SppEpt - Sub-page page write permissions for EPT        = 0 (0)
00:00:05.853676   PtEpt - Processor Trace address' translatable by EPT    = 0 (0)
00:00:05.853677   UseTscScaling - Use TSC scaling                         = 0 (0)
00:00:05.853679   UserWaitPause - Enable TPAUSE, UMONITOR and UMWAIT      = 0 (0)
00:00:05.853680   EnclvExit - ENCLV exiting                               = 0 (0)
00:00:05.853683   LoadIwKeyExit - LOADIWKEY exiting                       = 0 (0)
00:00:05.853685   EntryLoadDebugCtls - Load debug controls on VM-entry    = 0 (1)
00:00:05.853686   Ia32eModeGuest - IA-32e mode guest                      = 0 (1)
00:00:05.853688   EntryLoadEferMsr - Load IA32_EFER MSR on VM-entry       = 0 (1)
00:00:05.853689   EntryLoadPatMsr - Load IA32_PAT MSR on VM-entry         = 0 (1)
00:00:05.853691   ExitSaveDebugCtls - Save debug controls on VM-exit      = 0 (1)
00:00:05.853692   HostAddrSpaceSize - Host address-space size             = 0 (1)
00:00:05.853694   ExitAckExtInt - Acknowledge interrupt on VM-exit        = 0 (1)
00:00:05.853696   ExitSavePatMsr - Save IA32_PAT MSR on VM-exit           = 0 (1)
00:00:05.853757   ExitLoadPatMsr - Load IA32_PAT MSR on VM-exit           = 0 (1)
00:00:05.853758   ExitSaveEferMsr - Save IA32_EFER MSR on VM-exit         = 0 (1)
00:00:05.853760   ExitLoadEferMsr - Load IA32_EFER MSR on VM-exit         = 0 (1)
00:00:05.853761   SavePreemptTimer - Save VMX-preemption timer            = 0 (1)
00:00:05.853763   SecondaryExitCtls - Secondary VM-exit controls          = 0 (0)
00:00:05.853765   ExitSaveEferLma - Save IA32_EFER.LMA on VM-exit         = 0 (1)
00:00:05.853766   IntelPt - Intel PT (Processor Trace) in VMX operation   = 0 (1)
00:00:05.853768   VmwriteAll - VMWRITE to any supported VMCS field        = 0 (1)
00:00:05.853769   EntryInjectSoftInt - Inject softint. with 0-len instr.  = 0 (1)
00:00:05.853771 
00:00:05.853772 ******************* End of VT-x features ********************
00:00:05.854484 VMEmt: Halt method global1 (5)
00:00:05.854745 VMEmt: HaltedGlobal1 config: cNsSpinBlockThresholdCfg=2000
00:00:05.854777 Changing the VM state from 'CREATING' to 'CREATED'
00:00:05.873466 Changing the VM state from 'CREATED' to 'POWERING_ON'
00:00:05.873808 AIOMgr: Endpoints without assigned bandwidth groups:
00:00:05.873820 AIOMgr:     /home/jbarreir/goinfre/Born2beRoot/b2br/b2br.vdi
00:00:05.874519 Changing the VM state from 'POWERING_ON' to 'RUNNING'
00:00:05.874554 Console: Machine state changed to 'Running'
00:00:05.877339 EFI: debug point SEC_PREMEM
00:00:05.906036 GUI: UIMachineViewNormal::resendSizeHint: Restoring guest size-hint for screen 0 to 800x600
00:00:05.906560 GUI: HID LEDs sync is not supported on this platform
00:00:05.915038 GUI: UIMachineLogicNormal::sltCheckForRequestedVisualStateType: Requested-state=1, Machine-state=6
00:00:05.928398 ERROR [COM]: aRC=VBOX_E_VM_ERROR (0x80bb0003) aIID={4680b2de-8690-11e9-b83d-5719e53cf1de} aComponent={DisplayWrap} aText={Could not take a screenshot (VERR_NOT_SUPPORTED)}, preserve=false aResultDetail=-37
00:00:05.944272 ERROR [COM]: aRC=VBOX_E_VM_ERROR (0x80bb0003) aIID={4680b2de-8690-11e9-b83d-5719e53cf1de} aComponent={DisplayWrap} aText={Could not take a screenshot (VERR_NOT_SUPPORTED)}, preserve=false aResultDetail=-37
00:00:05.983732 EFI: VBoxDbg> loadimage64 'SecMain.efi' 0xfffcc094 LB 0x0
00:00:05.984400 EFI: VBoxDbg> loadimage64 'PeiCore.efi' 0x2020120 LB 0x0
00:00:05.985074 EFI: VBoxDbg> loadimage64 'PcdPeim.efi' 0x2026fe0 LB 0x2580
00:00:05.986014 EFI: VBoxDbg> loadimage64 'ReportStatusCodeRouterPei.efi' 0x2029620 LB 0xa00
00:00:05.986872 EFI: VBoxDbg> loadimage64 'StatusCodeHandlerPei.efi' 0x202a0a0 LB 0x700
00:00:05.987543 EFI: VBoxDbg> loadimage64 'PlatformPei.efi' 0x202a8a0 LB 0x5480
00:00:06.028200 EFI: debug point SEC_POSTMEM
00:00:06.031281 EFI: VBoxDbg> loadimage64 'PeiCore.efi' 0x7f364000 LB 0x6cc0
00:00:06.031963 EFI: VBoxDbg> loadimage64 'DxeIpl.efi' 0x7f361000 LB 0x2160
00:00:06.032734 EFI: VBoxDbg> loadimage64 'S3Resume2Pei.efi' 0x7f35f000 LB 0x1680
00:00:06.033412 EFI: VBoxDbg> loadimage64 'CpuMpPei.efi' 0x7f354000 LB 0xa8c0
00:00:06.034363 EFI: VBoxDbg> loadimage64 'TpmMmioSevDecryptPei.efi' 0x7f34a000 LB 0xf00
00:00:06.035067 EFI: VBoxDbg> loadimage64 'Tcg2ConfigPei.efi' 0x7f348000 LB 0x1220
00:00:06.035942 EFI: VBoxDbg> loadimage64 'TcgPei.efi' 0x7f345000 LB 0x26c0
00:00:06.036634 EFI: VBoxDbg> loadimage64 'Tcg2Pei.efi' 0x7f33c000 LB 0x8520
00:00:06.037340 EFI: VBoxDbg> loadimage64 'DxeCore.efi' 0x7f320000 LB 0x1b100
00:00:06.039927 EFI: debug point DXE_CORE
00:00:06.046409 EFI: VBoxDbg> loadimage64 'DxeCore.efi' 0x7f320000 LB 0x0
00:00:06.053711 EFI: VBoxDbg> loadimage64 'DevicePathDxe.efi' 0x7e91f000 LB 0x9e00
00:00:06.054367 EFI: VBoxDbg> loadimage64 'PcdDxe.efi' 0x7e92c000 LB 0x2f00
00:00:06.055178 EFI: VBoxDbg> loadimage64 'FvbServicesRuntimeDxe.efi' 0x7eeec000 LB 0x2100
00:00:06.059147 EFI: VBoxDbg> loadimage64 'ReportStatusCodeRouterRuntimeDxe.efi' 0x7eeea000 LB 0x1060
00:00:06.059846 EFI: VBoxDbg> loadimage64 'RuntimeDxe.efi' 0x7eee8000 LB 0x13c0
00:00:06.060713 EFI: VBoxDbg> loadimage64 'SecurityStubDxe.efi' 0x7e815000 LB 0x84140
00:00:06.061375 EFI: VBoxDbg> loadimage64 'EbcDxe.efi' 0x7e915000 LB 0x4100
00:00:06.066829 EFI: VBoxDbg> loadimage64 'Legacy8259.efi' 0x7e91c000 LB 0xb00
00:00:06.067509 EFI: VBoxDbg> loadimage64 'CpuIo2Dxe.efi' 0x7e91a000 LB 0xb00
00:00:06.068675 EFI: VBoxDbg> loadimage64 'CpuDxe.efi' 0x7e8f9000 LB 0xdd20
00:00:06.073287 EFI: VBoxDbg> loadimage64 'IncompatiblePciDeviceSupportDxe.efi' 0x7e909000 LB 0x840
00:00:06.074051 EFI: VBoxDbg> loadimage64 'PciHotPlugInitDxe.efi' 0x7e8e9000 LB 0x2120
00:00:06.074934 EFI: VBoxDbg> loadimage64 'ResetSystemRuntimeDxe.efi' 0x7eee6000 LB 0x1040
00:00:06.075676 EFI: VBoxDbg> loadimage64 'Metronome.efi' 0x7e8ee000 LB 0x820
00:00:06.076403 EFI: VBoxDbg> loadimage64 'PrintDxe.efi' 0x7e8e7000 LB 0x1f80
00:00:06.077219 EFI: VBoxDbg> loadimage64 'HiiDatabase.efi' 0x7e8b1000 LB 0x1a3a0
00:00:06.078102 EFI: VBoxDbg> loadimage64 'NullMemoryTestDxe.efi' 0x7e8e6000 LB 0x920
00:00:06.078892 EFI: VBoxDbg> loadimage64 'AcpiTableDxe.efi' 0x7e8dc000 LB 0x48c0
00:00:06.079530 EFI: VBoxDbg> loadimage64 'DpcDxe.efi' 0x7e8e4000 LB 0xb20
00:00:06.080185 EFI: VBoxDbg> loadimage64 'IoMmuDxe.efi' 0x7e8da000 LB 0x1780
00:00:06.080954 EFI: VBoxDbg> loadimage64 'EmuVariableFvbRuntimeDxe.efi' 0x7eee5000 LB 0xe40
00:00:06.081711 EFI: VBoxDbg> unload 'EmuVariableFvbRuntimeDxe.efi' # 0x7eee5000 LB 0xe40
00:00:06.085359 EFI: VBoxDbg> loadimage64 'VariableRuntimeDxe.efi' 0x7ee5c000 LB 0x899a0
00:00:06.102001 EFI: VBoxDbg> loadimage64 'TcgDxe.efi' 0x7e8d2000 LB 0x3aa0
00:00:06.102607 EFI: VBoxDbg> unload 'TcgDxe.efi' # 0x7e8d2000 LB 0x3aa0
00:00:06.103550 EFI: VBoxDbg> loadimage64 'StatusCodeHandlerRuntimeDxe.efi' 0x7ee5b000 LB 0xa80
00:00:06.104155 EFI: VBoxDbg> loadimage64 'Timer.efi' 0x7e8d9000 LB 0x880
00:00:06.104177 PIT: mode=3 count=0x2e9c (11932) - 99.99 Hz (ch=0)
00:00:06.104939 EFI: VBoxDbg> loadimage64 'PciHostBridgeDxe.efi' 0x7e8cf000 LB 0x4c80
00:00:06.105721 EFI: VBoxDbg> loadimage64 'SetupBrowser.efi' 0x7e402000 LB 0x123c0
00:00:06.106395 EFI: VBoxDbg> loadimage64 'SmbiosDxe.efi' 0x7e8cc000 LB 0x2460
00:00:06.107152 EFI: VBoxDbg> loadimage64 'AcpiPlatform.efi' 0x7e8d5000 LB 0x720
00:00:06.107909 EFI: VBoxDbg> unload 'AcpiPlatform.efi' # 0x7e8d5000 LB 0x720
00:00:06.108730 EFI: VBoxDbg> loadimage64 'tftpDynamicCommand.efi' 0x7e89f000 LB 0x8800
00:00:06.109558 EFI: VBoxDbg> loadimage64 'httpDynamicCommand.efi' 0x7e1a1000 LB 0xaa60
00:00:06.110477 EFI: VBoxDbg> loadimage64 'LinuxInitrdDynamicShellCommand.efi' 0x7e19a000 LB 0x6080
00:00:06.111090 EFI: VBoxDbg> loadimage64 'LogoDxe.efi' 0x7e190000 LB 0x9a80
00:00:06.111968 EFI: VBoxDbg> loadimage64 'FaultTolerantWriteDxe.efi' 0x7e89c000 LB 0x2ca0
00:00:06.115834 EFI: VBoxDbg> loadimage64 'Tcg2Dxe.efi' 0x7e178000 LB 0xbea0
00:00:06.116434 EFI: VBoxDbg> unload 'Tcg2Dxe.efi' # 0x7e178000 LB 0xbea0
00:00:06.116434 EFI: VBoxDbg> loadimage64 'PcRtc.efi' 0x7ee58000 LB 0x23a0
00:00:06.116434 EFI: VBoxDbg> loadimage64 'SecureBootConfigDxe.efi' 0x7e0b2000 LB 0x6e4c0
00:00:06.116434 EFI: VBoxDbg> loadimage64 'WatchdogTimer.efi' 0x7e1ac000 LB 0x7e0
00:00:06.121188 EFI: VBoxDbg> loadimage64 'MonotonicCounterRuntimeDxe.efi' 0x7ee57000 LB 0x840
00:00:06.122608 EFI: VBoxDbg> loadimage64 'CapsuleRuntimeDxe.efi' 0x7ee56000 LB 0x920
00:00:06.123437 EFI: VBoxDbg> loadimage64 'DriverHealthManagerDxe.efi' 0x7e183000 LB 0x41e0
00:00:06.124088 EFI: VBoxDbg> loadimage64 'BdsDxe.efi' 0x7e155000 LB 0x16340
00:00:06.124886 EFI: VBoxDbg> loadimage64 'RamDiskDxe.efi' 0x7e171000 LB 0x81e0
00:00:06.125700 EFI: VBoxDbg> loadimage64 'DisplayEngine.efi' 0x7e133000 LB 0x107a0
00:00:06.126659 EFI: VBoxDbg> loadimage64 'SmbiosPlatformDxe.efi' 0x7e16f000 LB 0x1280
00:00:06.127332 EFI: VBoxDbg> loadimage64 'PlatformDxe.efi' 0x7e14d000 LB 0x3620
00:00:06.128075 EFI: VBoxDbg> loadimage64 'PciBusDxe.efi' 0x7e0a7000 LB 0xade0
00:00:06.128871 EFI: VBoxDbg> loadimage64 'VirtioPciDeviceDxe.efi' 0x7e153000 LB 0x1120
00:00:06.129519 EFI: VBoxDbg> loadimage64 'Virtio10.efi' 0x7e14a000 LB 0x2560
00:00:06.130202 EFI: VBoxDbg> loadimage64 'VirtioScsiDxe.efi' 0x7e148000 LB 0x1f20
00:00:06.130848 EFI: VBoxDbg> loadimage64 'PvScsiDxe.efi' 0x7e146000 LB 0x1a00
00:00:06.131505 EFI: VBoxDbg> loadimage64 'MptScsiDxe.efi' 0x7e144000 LB 0x17e0
00:00:06.132731 EFI: VBoxDbg> loadimage64 'ConPlatformDxe.efi' 0x7e12f000 LB 0x1c40
00:00:06.133556 EFI: VBoxDbg> loadimage64 'ConSplitterDxe.efi' 0x7e123000 LB 0x5500
00:00:06.134485 EFI: VBoxDbg> loadimage64 'GraphicsConsoleDxe.efi' 0x7e0a3000 LB 0x3e80
00:00:06.135290 EFI: VBoxDbg> loadimage64 'TerminalDxe.efi' 0x7e099000 LB 0x4e80
00:00:06.136095 EFI: VBoxDbg> loadimage64 'QemuKernelLoaderFsDxe.efi' 0x7e12b000 LB 0x1900
00:00:06.136906 EFI: VBoxDbg> unload 'QemuKernelLoaderFsDxe.efi' # 0x7e12b000 LB 0x1900
00:00:06.137715 EFI: VBoxDbg> loadimage64 'DiskIoDxe.efi' 0x7e12b000 LB 0x1fa0
00:00:06.138492 EFI: VBoxDbg> loadimage64 'PartitionDxe.efi' 0x7e094000 LB 0x4f60
00:00:06.139314 EFI: VBoxDbg> loadimage64 'EnglishDxe.efi' 0x7e12d000 LB 0xd80
00:00:06.140038 EFI: VBoxDbg> loadimage64 'ScsiBus.efi' 0x7e09e000 LB 0x1e80
00:00:06.140807 EFI: VBoxDbg> loadimage64 'ScsiDisk.efi' 0x7e084000 LB 0x77c0
00:00:06.141550 EFI: VBoxDbg> loadimage64 'SataController.efi' 0x7e092000 LB 0x1420
00:00:06.142365 EFI: VBoxDbg> loadimage64 'AtaAtapiPassThruDxe.efi' 0x7e074000 LB 0x70a0
00:00:06.143097 EFI: VBoxDbg> loadimage64 'AtaBusDxe.efi' 0x7e080000 LB 0x3720
00:00:06.143875 EFI: VBoxDbg> loadimage64 'NvmExpressDxe.efi' 0x7e066000 LB 0x6c20
00:00:06.144590 EFI: VBoxDbg> loadimage64 'SioBusDxe.efi' 0x7e08e000 LB 0x1520
00:00:06.145383 EFI: VBoxDbg> loadimage64 'PciSioSerialDxe.efi' 0x7e061000 LB 0x4b80
00:00:06.146158 EFI: VBoxDbg> loadimage64 'Ps2KeyboardDxe.efi' 0x7e070000 LB 0x33c0
00:00:06.146942 EFI: VBoxDbg> loadimage64 'VBoxVgaMiniPortDxe.efi' 0x7e06d000 LB 0x28a0
00:00:06.147615 EFI: VBoxDbg> loadimage64 'VBoxVgaDxe.efi' 0x7e05d000 LB 0x32c0
00:00:06.148811 EFI: VBoxDbg> loadimage64 'VBoxHfs.efi' 0x7e04f000 LB 0x61a0
00:00:06.149524 EFI: VBoxDbg> loadimage64 'VBoxSysTables.efi' 0x7e07e000 LB 0xa80
00:00:06.190290 EFI: VBoxDbg> loadimage64 'VBoxAppleSim.efi' 0x7e057000 LB 0x2a40
00:00:06.193203 EFI: VBoxDbg> loadimage64 'VBoxApfsJmpStartDxe.efi' 0x7e05b000 LB 0x1140
00:00:06.194193 EFI: VBoxDbg> loadimage64 'BootGraphicsResourceTableDxe.efi' 0x7e07c000 LB 0xf00
00:00:06.194860 EFI: VBoxDbg> loadimage64 'Fat.efi' 0x7e041000 LB 0x6ec0
00:00:06.195573 EFI: VBoxDbg> loadimage64 'UdfDxe.efi' 0x7e03d000 LB 0x3dc0
00:00:06.196806 EFI: VBoxDbg> loadimage64 'VirtioFsDxe.efi' 0x7e037000 LB 0x5ac0
00:00:06.197450 EFI: VBoxDbg> loadimage64 'SnpDxe.efi' 0x7e031000 LB 0x5480
00:00:06.198179 EFI: VBoxDbg> loadimage64 'VlanConfigDxe.efi' 0x7e02b000 LB 0x5380
00:00:06.198826 EFI: VBoxDbg> loadimage64 'MnpDxe.efi' 0x7e01d000 LB 0x6d40
00:00:06.199467 EFI: VBoxDbg> loadimage64 'ArpDxe.efi' 0x7e027000 LB 0x3440
00:00:06.200148 EFI: VBoxDbg> loadimage64 'Dhcp4Dxe.efi' 0x7e00d000 LB 0x7fa0
00:00:06.200942 EFI: VBoxDbg> loadimage64 'Ip4Dxe.efi' 0x7dfeb000 LB 0x10400
00:00:06.201607 EFI: VBoxDbg> loadimage64 'Udp4Dxe.efi' 0x7e005000 LB 0x7040
00:00:06.202323 EFI: VBoxDbg> loadimage64 'Mtftp4Dxe.efi' 0x7dffd000 LB 0x7640
00:00:06.202975 EFI: VBoxDbg> loadimage64 'TcpDxe.efi' 0x7dfd1000 LB 0xc4c0
00:00:06.203768 EFI: VBoxDbg> loadimage64 'UefiPxeBcDxe.efi' 0x7dfb1000 LB 0xf880
00:00:06.204551 EFI: VBoxDbg> loadimage64 'IScsiDxe.efi' 0x7df7b000 LB 0x1a1a0
00:00:06.300887 EFI: VBoxDbg> loadimage64 'VirtioNetDxe.efi' 0x7dfe3000 LB 0x3240
00:00:06.301562 EFI: VBoxDbg> loadimage64 'E1kNetDxe.efi' 0x7e017000 LB 0x2ce0
00:00:06.302273 EFI: VBoxDbg> loadimage64 'UhciDxe.efi' 0x7dfc7000 LB 0x4220
00:00:06.302987 EFI: VBoxDbg> loadimage64 'EhciDxe.efi' 0x7dfc2000 LB 0x4cc0
00:00:06.303701 EFI: VBoxDbg> loadimage64 'XhciDxe.efi' 0x7dfa1000 LB 0x76e0
00:00:06.304451 EFI: VBoxDbg> loadimage64 'UsbBusDxe.efi' 0x7dfac000 LB 0x4d40
00:00:06.305193 EFI: VBoxDbg> loadimage64 'UsbKbDxe.efi' 0x7df9d000 LB 0x3de0
00:00:06.306039 EFI: VBoxDbg> loadimage64 'UsbMassStorageDxe.efi' 0x7df99000 LB 0x3100
00:00:06.409466 Display::i_handleDisplayResize: uScreenId=0 pvVRAM=00007fa291501000 w=1024 h=768 bpp=32 cbLine=0x1000 flags=0x0 origin=0,0
00:00:06.507969 PS2K: Selected scan set 2
00:00:06.514147 EHCI: Hardware reset
00:00:06.514187 EHCI: USB Operational
00:00:06.556302 ATA: LUN#2: EXECUTE DEVICE DIAGNOSTIC, status 00
00:00:06.579141 AHCI#0: Reset the HBA
00:00:06.579150 VD#0: Cancelling all active requests
00:00:06.659039 EFI: VBoxDbg> loadimage64 '.efi' 0x7da68000 LB 0xd4000
00:00:06.836243 GUI: UIMediumEnumerator: Medium-enumeration finished!
00:00:07.992392 Display::i_handleDisplayResize: uScreenId=0 pvVRAM=00007fa291501000 w=800 h=600 bpp=32 cbLine=0xC80 flags=0x0 origin=0,0
00:00:08.357832 GUI: UIMediumEnumerator: Medium-enumeration finished!
00:00:11.574881 NAT: Link up
00:00:11.973574 EHCI: USB Suspended
00:00:11.973604 EHCI: Hardware reset
00:00:11.999335 GIM: KVM: VCPU  0: Enabled system-time struct. at 0x0000000032e03000 - u32TscScale=0xa8a0940f i8TscShift=-1 uVersion=2 fFlags=0x1 uTsc=0x45273aa12 uVirtNanoTS=0x16c68f7ea TscKHz=3036282
00:00:11.999354 TM: Switching TSC mode from 'Dynamic' to 'RealTSCOffset'
00:00:12.023204 GIM: KVM: Enabled wall-clock struct. at 0x0000000032e02000 - u32Sec=1771941700 u32Nano=260243674 uVersion=2
00:00:12.023352 PIT: mode=2 count=0x12a5 (4773) - 249.98 Hz (ch=0)
00:00:12.023752 APIC0: Switched mode to x2APIC
00:00:12.050115 EFI: relocate module to 0xfffffffefeaec000 from 0x7eeec000
00:00:12.050169 EFI: relocate module to 0xfffffffefeaea000 from 0x7eeea000
00:00:12.050216 EFI: relocate module to 0xfffffffefeae6000 from 0x7eee6000
00:00:12.050262 EFI: relocate module to 0xfffffffefea5c000 from 0x7ee5c000
00:00:12.050334 EFI: relocate module to 0xfffffffefea5b000 from 0x7ee5b000
00:00:12.050381 EFI: relocate module to 0xfffffffefea58000 from 0x7ee58000
00:00:12.050427 EFI: relocate module to 0xfffffffefea57000 from 0x7ee57000
00:00:12.050473 EFI: relocate module to 0xfffffffefea56000 from 0x7ee56000
00:00:12.160823 PIT: mode=0 count=0x10000 (65536) - 18.20 Hz (ch=0)
00:00:12.259133 OHCI: Software reset
00:00:12.498537 IEM: rdmsr(0xc0011029) -> #GP(0)
00:00:12.945037 EHCI: Hardware reset
00:00:12.945186 EHCI: USB Operational
00:00:12.961679 OHCI: USB Reset
00:00:12.974183 PIIX3 ATA: Ctl#1: RESET, DevSel=0 AIOIf=0 CmdIf0=0xa0 (-1 usec ago) CmdIf1=0x00 (-1 usec ago)
00:00:12.974235 PIIX3 ATA: Ctl#1: finished processing RESET
00:00:12.982322 EHCI: USB Suspended
00:00:13.018271 OHCI: Software reset
00:00:13.018499 OHCI: USB Operational
00:00:13.163007 AHCI#0: Reset the HBA
00:00:13.163023 VD#0: Cancelling all active requests
00:00:13.163657 AHCI#0: Port 0 reset
00:00:13.164792 VD#0: Cancelling all active requests
00:01:03.069822 NAT: Link up
00:01:04.670247 NAT: IPv6 not supported
00:01:12.912797 NAT: resolv.conf: nameserver 127.0.0.53
00:01:12.912819 NAT: resolv.conf: ignoring "options edns0 trust-ad"
00:01:12.912826 NAT: Switching to DNS proxying due to access to the loopback interface being blocked
00:01:12.912830 NAT: Adding domain name 42madrid.com
00:01:12.912832 NAT: DNS#0: 127.0.0.53
00:01:12.912836 NAT: DHCP offered IP address 10.0.2.15
00:01:12.937283 NAT: DHCP offered IP address 10.0.2.15
00:02:36.959056 GUI: UIMediumEnumerator: Medium-enumeration finished!
00:05:10.481658 GUI: UIMediumEnumerator: Medium-enumeration finished!
00:16:54.400234 GUI: UIMediumEnumerator: Medium-enumeration finished!
