00:00:00.679146 VirtualBox VM 7.2.6 r172322 darwin.arm64 (Jan 15 2026 17:26:19) release log
00:00:00.679147 Log opened 2026-02-23T10:09:03.117356000Z
00:00:00.679147 Build Type: release
00:00:00.679152 OS Product: Darwin
00:00:00.679154 OS Release: 25.3.0
00:00:00.679156 OS Version: Darwin Kernel Version 25.3.0: Wed Jan 28 20:49:24 PST 2026; root:xnu-12377.81.4~5/RELEASE_ARM64_T8132
00:00:00.679196 Firmware type: failed - VERR_NOT_SUPPORTED
00:00:00.679206 Host RAM: 24576MB (24.0GB) total, 10013MB (9.7GB) available
00:00:00.679207 Executable: /Applications/VirtualBox.app/Contents/MacOS/VirtualBoxVM
00:00:00.679207 Process ID: 6053
00:00:00.679207 Package type: DARWIN_ARM64_GENERIC
00:00:00.679679 Installed Extension Packs:
00:00:00.679687   None installed!
00:00:00.680124 Console: Machine state changed to 'Starting'
00:00:00.680302 GUI: Qt version: 6.8.0
00:00:00.680308 GUI: HID LEDs sync is enabled
00:00:00.681164 SUP: In driverless mode.
00:00:00.682786 Guest architecture: ARM
00:00:00.682851 Guest OS type: 'Debian_arm64'
00:00:00.686587 File system of '/Users/barreiro/coding/42/cursus/born2beRoot/virtualBox/jbarreir42/jbarreir42.vdi' is apfs
00:00:00.720538 Shared Clipboard: Service loaded
00:00:00.720557 Shared Clipboard: Mode: Bidirectional
00:00:00.720584 Shared Clipboard: Service running in normal mode
00:00:00.735391 Drag and drop service loaded
00:00:00.735402 Drag and drop mode: Off
00:00:00.736662 Audio: Detected default audio driver type is 'CoreAudio'
00:00:00.740690 Memory Regions:
00:00:00.740699     0000000000000000 - 0000000003ffffff (67108864) ROM  firmware
00:00:00.740703     0000000004000000 - 0000000007ffffff (67108864) MMIO flash
00:00:00.740706     0000000008000000 - 0000000087ffffff (2147483648) RAM  RAM Base
00:00:00.740708     0000000088000000 - 0000000097ffffff (268435456) MMIO pci-mmio32
00:00:00.740710     0000000098000000 - 00000000fcd1ffff (1691484160) FREE Free
00:00:00.740712     00000000fcd20000 - 00000000fcd2ffff (65536) MMIO pci-pio
00:00:00.740714     00000000fcd30000 - 00000000fed3ffff (33619968) MMIO gic
00:00:00.740716     00000000fed40000 - 00000000fed45fff (24576) MMIO tpm
00:00:00.740718     00000000fed46000 - 00000000fedddfff (622592) FREE Free
00:00:00.740720     00000000fedde000 - 00000000ffdddfff (16777216) MMIO pci-ecam
00:00:00.740722     00000000ffdde000 - 00000000ffddefff (4096) MMIO arm-pl061-gpio
00:00:00.740724     00000000ffddf000 - 00000000ffddffff (4096) MMIO arm-pl031-rtc
00:00:00.740727     00000000ffde0000 - 00000000ffdfffff (131072) MMIO gic-its
00:00:00.740729     00000000ffe00000 - 00000000ffffffff (2097152) ROM  platform-tables
00:00:00.740731     0000000100000000 - 000000017fffffff (2147483648) MMIO pci-mmio
00:00:00.740733     0000000180000000 - ffffffffffffffff (18446744067267100672) FREE Free
00:00:00.741253 ************************* CFGM dump *************************
00:00:00.741266 [/] (level 0)
00:00:00.741278   CpuExecutionCap <integer> = 0x0000000000000064 (100)
00:00:00.741279   Name            <string>  = "jbarreir42" (cb=11)
00:00:00.741279   NumCPUs         <integer> = 0x0000000000000001 (1)
00:00:00.741280   TimerMillies    <integer> = 0x000000000000000a (10)
00:00:00.741280   UUID            <bytes>   = "95 d6 17 d8 6a 37 c1 45 8e 9d ff 44 e7 27 ab 28" (cb=16)
00:00:00.741281 
00:00:00.741281 [/CPUM/] (level 1)
00:00:00.741282   GicArchRev   <integer> = 0x0000000000000003 (3)
00:00:00.741282   NestedHWVirt <integer> = 0x0000000000000000 (0)
00:00:00.741282 
00:00:00.741282 [/DBGC/] (level 1)
00:00:00.741283   GlobalInitScript <string>  = "/Users/barreiro/Library/VirtualBox/dbgc-init" (cb=45)
00:00:00.741283   HistoryFile      <string>  = "/Users/barreiro/Library/VirtualBox/dbgc-history" (cb=48)
00:00:00.741283   LocalInitScript  <string>  = "/Users/barreiro/coding/42/cursus/born2beRoot/virtualBox/jbarreir42/dbgc-init" (cb=77)
00:00:00.741284 
00:00:00.741284 [/DBGF/] (level 1)
00:00:00.741284   Path <string>  = "/Users/barreiro/coding/42/cursus/born2beRoot/virtualBox/jbarreir42/debug/;/Users/barreiro/coding/42/cursus/born2beRoot/virtualBox/jbarreir42/;cache*/Users/barreiro/coding/42/cursus/born2beRoot/virtualBox/jbarreir42/dbgcache/;/Users/barreiro/" (cb=242)
00:00:00.741284 
00:00:00.741284 [/Devices/] (level 1)
00:00:00.741285 
00:00:00.741285 [/Devices/3c501/] (level 2)
00:00:00.741285 
00:00:00.741285 [/Devices/VMMDev/] (level 2)
00:00:00.741285 
00:00:00.741285 [/Devices/VMMDev/0/] (level 3)
00:00:00.741286   PCIBusNo      <integer> = 0x0000000000000000 (0)
00:00:00.741286   PCIDeviceNo   <integer> = 0x0000000000000001 (1)
00:00:00.741286   PCIFunctionNo <integer> = 0x0000000000000000 (0)
00:00:00.741286   Trusted       <integer> = 0x0000000000000001 (1)
00:00:00.741287 
00:00:00.741287 [/Devices/VMMDev/0/Config/] (level 4)
00:00:00.741287   GuestCoreDumpDir <string>  = "/Users/barreiro/coding/42/cursus/born2beRoot/virtualBox/jbarreir42/Snapshots" (cb=77)
00:00:00.741287   MmioReq          <integer> = 0x0000000000000001 (1)
00:00:00.741287 
00:00:00.741287 [/Devices/VMMDev/0/LUN#0/] (level 4)
00:00:00.741288   Driver <string>  = "HGCM" (cb=5)
00:00:00.741288 
00:00:00.741288 [/Devices/VMMDev/0/LUN#0/Config/] (level 5)
00:00:00.741288 
00:00:00.741288 [/Devices/VMMDev/0/LUN#999/] (level 4)
00:00:00.741289   Driver <string>  = "MainStatus" (cb=11)
00:00:00.741289 
00:00:00.741289 [/Devices/VMMDev/0/LUN#999/Config/] (level 5)
00:00:00.741289   First                <integer> = 0x0000000000000000 (0)
00:00:00.741289   HasMediumAttachments <integer> = 0x0000000000000000 (0)
00:00:00.741289   Last                 <integer> = 0x0000000000000000 (0)
00:00:00.741290   iLedSet              <integer> = 0x0000000000000004 (4)
00:00:00.741290 
00:00:00.741290 [/Devices/arm-pl011/] (level 2)
00:00:00.741290 
00:00:00.741290 [/Devices/arm-pl031-rtc/] (level 2)
00:00:00.741291 
00:00:00.741291 [/Devices/arm-pl031-rtc/0/] (level 3)
00:00:00.741291 
00:00:00.741291 [/Devices/arm-pl031-rtc/0/Config/] (level 4)
00:00:00.741291   Irq       <integer> = 0x0000000000000000 (0)
00:00:00.741291   MmioBase  <integer> = 0x00000000ffddf000 (4 292 734 976)
00:00:00.741292   UtcOffset <integer> = 0x0000000000000001 (1)
00:00:00.741292 
00:00:00.741292 [/Devices/arm-pl061-gpio/] (level 2)
00:00:00.741292 
00:00:00.741292 [/Devices/arm-pl061-gpio/0/] (level 3)
00:00:00.741293 
00:00:00.741293 [/Devices/arm-pl061-gpio/0/Config/] (level 4)
00:00:00.741293   Irq      <integer> = 0x0000000000000001 (1)
00:00:00.741293   MmioBase <integer> = 0x00000000ffdde000 (4 292 730 880)
00:00:00.741294 
00:00:00.741294 [/Devices/arm-pl061-gpio/0/LUN#0/] (level 4)
00:00:00.741294   Driver <string>  = "GpioButton" (cb=11)
00:00:00.741294 
00:00:00.741294 [/Devices/arm-pl061-gpio/0/LUN#0/Config/] (level 5)
00:00:00.741295   PowerButtonGpio <integer> = 0x0000000000000003 (3)
00:00:00.741295   SleepButtonGpio <integer> = 0x0000000000000004 (4)
00:00:00.741295 
00:00:00.741295 [/Devices/dp8390/] (level 2)
00:00:00.741295 
00:00:00.741295 [/Devices/e1000/] (level 2)
00:00:00.741296 
00:00:00.741296 [/Devices/e1000/0/] (level 3)
00:00:00.741296   PCIBusNo      <integer> = 0x0000000000000000 (0)
00:00:00.741296   PCIDeviceNo   <integer> = 0x0000000000000008 (8)
00:00:00.741297   PCIFunctionNo <integer> = 0x0000000000000000 (0)
00:00:00.741297   Trusted       <integer> = 0x0000000000000001 (1)
00:00:00.741297 
00:00:00.741297 [/Devices/e1000/0/Config/] (level 4)
00:00:00.741297   AdapterType    <integer> = 0x0000000000000000 (0)
00:00:00.741298   CableConnected <integer> = 0x0000000000000001 (1)
00:00:00.741298   LineSpeed      <integer> = 0x0000000000000000 (0)
00:00:00.741298   MAC            <bytes>   = "08 00 27 81 d7 ab" (cb=6)
00:00:00.741299 
00:00:00.741299 [/Devices/e1000/0/LUN#0/] (level 4)
00:00:00.741299   Driver <string>  = "NAT" (cb=4)
00:00:00.741299 
00:00:00.741299 [/Devices/e1000/0/LUN#0/Config/] (level 5)
00:00:00.741300   AliasMode          <integer> = 0x0000000000000000 (0)
00:00:00.741300   DNSProxy           <integer> = 0x0000000000000000 (0)
00:00:00.741300   EnableTFTP         <integer> = 0x0000000000000000 (0)
00:00:00.741300   ForwardBroadcast   <integer> = 0x0000000000000000 (0)
00:00:00.741301   LocalhostReachable <integer> = 0x0000000000000001 (1)
00:00:00.741301   Network            <string>  = "10.0.2.0/24" (cb=12)
00:00:00.741301   PassDomain         <integer> = 0x0000000000000001 (1)
00:00:00.741301   UseHostResolver    <integer> = 0x0000000000000000 (0)
00:00:00.741302 
00:00:00.741302 [/Devices/e1000/0/LUN#0/Config/PortForwarding/] (level 6)
00:00:00.741302 
00:00:00.741302 [/Devices/e1000/0/LUN#0/Config/PortForwarding/0/] (level 7)
00:00:00.741303   BindIP    <string>  = "127.0.0.1" (cb=10)
00:00:00.741303   GuestPort <integer> = 0x0000000000001092 (4 242)
00:00:00.741303   HostPort  <integer> = 0x0000000000001092 (4 242)
00:00:00.741303   Name      <string>  = "Rule 1" (cb=7)
00:00:00.741304   Protocol  <string>  = "TCP" (cb=4)
00:00:00.741304 
00:00:00.741304 [/Devices/e1000/0/LUN#999/] (level 4)
00:00:00.741304   Driver <string>  = "MainStatus" (cb=11)
00:00:00.741305 
00:00:00.741305 [/Devices/e1000/0/LUN#999/Config/] (level 5)
00:00:00.741305   First                <integer> = 0x0000000000000000 (0)
00:00:00.741305   HasMediumAttachments <integer> = 0x0000000000000000 (0)
00:00:00.741305   Last                 <integer> = 0x0000000000000000 (0)
00:00:00.741306   iLedSet              <integer> = 0x0000000000000003 (3)
00:00:00.741306 
00:00:00.741306 [/Devices/flash-cfi/] (level 2)
00:00:00.741306 
00:00:00.741306 [/Devices/flash-cfi/0/] (level 3)
00:00:00.741307 
00:00:00.741307 [/Devices/flash-cfi/0/Config/] (level 4)
00:00:00.741307   BaseAddress <integer> = 0x0000000004000000 (67 108 864)
00:00:00.741307   FlashFile   <string>  = "nvram" (cb=6)
00:00:00.741308   Size        <integer> = 0x00000000000c0000 (786 432, 768.0 KiB)
00:00:00.741308 
00:00:00.741309 [/Devices/flash-cfi/0/LUN#0/] (level 4)
00:00:00.741309   Driver <string>  = "NvramStore" (cb=11)
00:00:00.741309 
00:00:00.741309 [/Devices/gic/] (level 2)
00:00:00.741309 
00:00:00.741309 [/Devices/gic/0/] (level 3)
00:00:00.741310   Trusted <integer> = 0x0000000000000001 (1)
00:00:00.741310 
00:00:00.741310 [/Devices/gic/0/Config/] (level 4)
00:00:00.741310   ArchRev               <integer> = 0x0000000000000003 (3)
00:00:00.741311   DistributorMmioBase   <integer> = 0x00000000fcd30000 (4 241 686 528)
00:00:00.741311   RedistributorMmioBase <integer> = 0x00000000fcd40000 (4 241 752 064)
00:00:00.741311 
00:00:00.741311 [/Devices/hda/] (level 2)
00:00:00.741311 
00:00:00.741312 [/Devices/hda/0/] (level 3)
00:00:00.741312   PCIBusNo      <integer> = 0x0000000000000000 (0)
00:00:00.741312   PCIDeviceNo   <integer> = 0x0000000000000002 (2)
00:00:00.741312   PCIFunctionNo <integer> = 0x0000000000000000 (0)
00:00:00.741312   Trusted       <integer> = 0x0000000000000001 (1)
00:00:00.741313 
00:00:00.741313 [/Devices/hda/0/AudioConfig/] (level 4)
00:00:00.741313 
00:00:00.741313 [/Devices/hda/0/Config/] (level 4)
00:00:00.741313   DebugEnabled <integer> = 0x0000000000000000 (0)
00:00:00.741314 
00:00:00.741314 [/Devices/hda/0/LUN#0/] (level 4)
00:00:00.741314   Driver <string>  = "AUDIO" (cb=6)
00:00:00.741314 
00:00:00.741314 [/Devices/hda/0/LUN#0/AttachedDriver/] (level 5)
00:00:00.741315   Driver <string>  = "CoreAudio" (cb=10)
00:00:00.741315 
00:00:00.741315 [/Devices/hda/0/LUN#0/AttachedDriver/Config/] (level 6)
00:00:00.741315 
00:00:00.741315 [/Devices/hda/0/LUN#0/Config/] (level 5)
00:00:00.741316   DriverName    <string>  = "CoreAudio" (cb=10)
00:00:00.741316   InputEnabled  <integer> = 0x0000000000000000 (0)
00:00:00.741316   OutputEnabled <integer> = 0x0000000000000001 (1)
00:00:00.741316 
00:00:00.741316 [/Devices/hda/0/LUN#1/] (level 4)
00:00:00.741317   Driver <string>  = "AUDIO" (cb=6)
00:00:00.741317 
00:00:00.741317 [/Devices/hda/0/LUN#2/] (level 4)
00:00:00.741317   Driver <string>  = "AUDIO" (cb=6)
00:00:00.741317 
00:00:00.741317 [/Devices/pci-generic-ecam/] (level 2)
00:00:00.741318 
00:00:00.741318 [/Devices/pci-generic-ecam/0/] (level 3)
00:00:00.741318 
00:00:00.741318 [/Devices/pci-generic-ecam/0/Config/] (level 4)
00:00:00.741319   IntPinA        <integer> = 0x0000000000000002 (2)
00:00:00.741319   IntPinB        <integer> = 0x0000000000000003 (3)
00:00:00.741319   IntPinC        <integer> = 0x0000000000000004 (4)
00:00:00.741319   IntPinD        <integer> = 0x0000000000000005 (5)
00:00:00.741319   MmioEcamBase   <integer> = 0x00000000fedde000 (4 275 953 664)
00:00:00.741320   MmioEcamLength <integer> = 0x0000000001000000 (16 777 216)
00:00:00.741320   MmioPioBase    <integer> = 0x00000000fcd20000 (4 241 620 992)
00:00:00.741320   MmioPioSize    <integer> = 0x0000000000010000 (65 536, 64.0 KiB)
00:00:00.741321 
00:00:00.741321 [/Devices/pci-generic-ecam-bridge/] (level 2)
00:00:00.741321 
00:00:00.741321 [/Devices/pci-generic-ecam-bridge/0/] (level 3)
00:00:00.741321 
00:00:00.741321 [/Devices/pci-generic-ecam-bridge/0/Config/] (level 4)
00:00:00.741322 
00:00:00.741322 [/Devices/pcnet/] (level 2)
00:00:00.741322 
00:00:00.741322 [/Devices/platform/] (level 2)
00:00:00.741322 
00:00:00.741322 [/Devices/platform/0/] (level 3)
00:00:00.741323 
00:00:00.741323 [/Devices/platform/0/Config/] (level 4)
00:00:00.741323   ResourceNamespace <string>  = "resources" (cb=10)
00:00:00.741323 
00:00:00.741323 [/Devices/platform/0/Config/Resources/] (level 5)
00:00:00.741324 
00:00:00.741324 [/Devices/platform/0/Config/Resources/ArmV8Desc/] (level 6)
00:00:00.741324   GCPhysLoadAddress <integer> = 0x00000000ffe00000 (4 292 870 144)
00:00:00.741325   RegisterAsRom     <integer> = 0x0000000000000001 (1)
00:00:00.741325   ResourceId        <string>  = "VBoxArmV8Desc" (cb=14)
00:00:00.741325 
00:00:00.741325 [/Devices/platform/0/Config/Resources/EfiRom/] (level 6)
00:00:00.741326   GCPhysLoadAddress <integer> = 0x0000000000000000 (0)
00:00:00.741326   RegisterAsRom     <integer> = 0x0000000000000001 (1)
00:00:00.741326   ResourceId        <string>  = "VBoxEFI-arm64.fd" (cb=17)
00:00:00.741326 
00:00:00.741326 [/Devices/platform/0/LUN#0/] (level 4)
00:00:00.741327   Driver <string>  = "ResourceStore" (cb=14)
00:00:00.741327 
00:00:00.741327 [/Devices/pmu/] (level 2)
00:00:00.741327 
00:00:00.741327 [/Devices/pmu/0/] (level 3)
00:00:00.741327   Trusted <integer> = 0x0000000000000001 (1)
00:00:00.741328 
00:00:00.741328 [/Devices/pmu/0/Config/] (level 4)
00:00:00.741328 
00:00:00.741328 [/Devices/usb-xhci/] (level 2)
00:00:00.741328 
00:00:00.741328 [/Devices/usb-xhci/0/] (level 3)
00:00:00.741329   PCIBusNo      <integer> = 0x0000000000000000 (0)
00:00:00.741329   PCIDeviceNo   <integer> = 0x0000000000000006 (6)
00:00:00.741329   PCIFunctionNo <integer> = 0x0000000000000000 (0)
00:00:00.741329   Trusted       <integer> = 0x0000000000000001 (1)
00:00:00.741330 
00:00:00.741330 [/Devices/usb-xhci/0/Config/] (level 4)
00:00:00.741330 
00:00:00.741330 [/Devices/usb-xhci/0/LUN#0/] (level 4)
00:00:00.741330   Driver <string>  = "VUSBRootHub" (cb=12)
00:00:00.741330 
00:00:00.741330 [/Devices/usb-xhci/0/LUN#0/Config/] (level 5)
00:00:00.741331 
00:00:00.741331 [/Devices/usb-xhci/0/LUN#1/] (level 4)
00:00:00.741331   Driver <string>  = "VUSBRootHub" (cb=12)
00:00:00.741331 
00:00:00.741331 [/Devices/usb-xhci/0/LUN#1/Config/] (level 5)
00:00:00.741332 
00:00:00.741332 [/Devices/usb-xhci/0/LUN#999/] (level 4)
00:00:00.741332   Driver <string>  = "MainStatus" (cb=11)
00:00:00.741332 
00:00:00.741332 [/Devices/usb-xhci/0/LUN#999/Config/] (level 5)
00:00:00.741333   First                <integer> = 0x0000000000000000 (0)
00:00:00.741333   HasMediumAttachments <integer> = 0x0000000000000000 (0)
00:00:00.741333   Last                 <integer> = 0x0000000000000001 (1)
00:00:00.741334   iLedSet              <integer> = 0x0000000000000001 (1)
00:00:00.741334 
00:00:00.741334 [/Devices/vga/] (level 2)
00:00:00.741334 
00:00:00.741334 [/Devices/vga/0/] (level 3)
00:00:00.741334   PCIBusNo      <integer> = 0x0000000000000000 (0)
00:00:00.741335   PCIDeviceNo   <integer> = 0x0000000000000000 (0)
00:00:00.741335   PCIFunctionNo <integer> = 0x0000000000000000 (0)
00:00:00.741335   Trusted       <integer> = 0x0000000000000001 (1)
00:00:00.741335 
00:00:00.741335 [/Devices/vga/0/Config/] (level 4)
00:00:00.741336   3DEnabled             <integer> = 0x0000000000000000 (0)
00:00:00.741336   CustomVideoModes      <integer> = 0x0000000000000000 (0)
00:00:00.741336   FadeIn                <integer> = 0x0000000000000001 (1)
00:00:00.741337   FadeOut               <integer> = 0x0000000000000001 (1)
00:00:00.741337   HeightReduction       <integer> = 0x0000000000000000 (0)
00:00:00.741337   LogoFile              <string>  = "" (cb=1)
00:00:00.741337   LogoTime              <integer> = 0x0000000000000000 (0)
00:00:00.741338   MonitorCount          <integer> = 0x0000000000000001 (1)
00:00:00.741338   ShowBootMenu          <integer> = 0x0000000000000002 (2)
00:00:00.741338   VMSVGA3dEnabled       <integer> = 0x0000000000000000 (0)
00:00:00.741338   VMSVGAEnabled         <integer> = 0x0000000000000001 (1)
00:00:00.741339   VMSVGAPciBarLayout    <integer> = 0x0000000000000001 (1)
00:00:00.741339   VMSVGAPciId           <integer> = 0x0000000000000001 (1)
00:00:00.741339   VRamSize              <integer> = 0x0000000008000000 (134 217 728, 128.0 MiB)
00:00:00.741339   VmSvga3               <integer> = 0x0000000000000001 (1)
00:00:00.741340   VmSvgaExposeLegacyVga <integer> = 0x0000000000000000 (0)
00:00:00.741340 
00:00:00.741340 [/Devices/vga/0/LUN#0/] (level 4)
00:00:00.741340   Driver <string>  = "MainDisplay" (cb=12)
00:00:00.741340 
00:00:00.741341 [/Devices/vga/0/LUN#0/Config/] (level 5)
00:00:00.741341 
00:00:00.741341 [/Devices/vga/0/LUN#999/] (level 4)
00:00:00.741341   Driver <string>  = "MainStatus" (cb=11)
00:00:00.741341 
00:00:00.741341 [/Devices/vga/0/LUN#999/Config/] (level 5)
00:00:00.741342   First                <integer> = 0x0000000000000000 (0)
00:00:00.741342   HasMediumAttachments <integer> = 0x0000000000000000 (0)
00:00:00.741342   Last                 <integer> = 0x0000000000000000 (0)
00:00:00.741343   iLedSet              <integer> = 0x0000000000000000 (0)
00:00:00.741343 
00:00:00.741343 [/Devices/virtio-net/] (level 2)
00:00:00.741343 
00:00:00.741343 [/Devices/virtio-scsi/] (level 2)
00:00:00.741344 
00:00:00.741344 [/Devices/virtio-scsi/0/] (level 3)
00:00:00.741344   PCIBusNo      <integer> = 0x0000000000000000 (0)
00:00:00.741344   PCIDeviceNo   <integer> = 0x0000000000000003 (3)
00:00:00.741344   PCIFunctionNo <integer> = 0x0000000000000000 (0)
00:00:00.741345   Trusted       <integer> = 0x0000000000000001 (1)
00:00:00.741345 
00:00:00.741345 [/Devices/virtio-scsi/0/Config/] (level 4)
00:00:00.741345   Bootable   <integer> = 0x0000000000000001 (1)
00:00:00.741345   NumTargets <integer> = 0x0000000000000002 (2)
00:00:00.741346 
00:00:00.741346 [/Devices/virtio-scsi/0/LUN#0/] (level 4)
00:00:00.741346   Driver <string>  = "SCSI" (cb=5)
00:00:00.741346 
00:00:00.741346 [/Devices/virtio-scsi/0/LUN#0/AttachedDriver/] (level 5)
00:00:00.741347   Driver <string>  = "VD" (cb=3)
00:00:00.741347 
00:00:00.741347 [/Devices/virtio-scsi/0/LUN#0/AttachedDriver/Config/] (level 6)
00:00:00.741347   BlockCache <integer> = 0x0000000000000001 (1)
00:00:00.741347   Format     <string>  = "VDI" (cb=4)
00:00:00.741348   Mountable  <integer> = 0x0000000000000000 (0)
00:00:00.741348   Path       <string>  = "/Users/barreiro/coding/42/cursus/born2beRoot/virtualBox/jbarreir42/jbarreir42.vdi" (cb=82)
00:00:00.741348   Type       <string>  = "HardDisk" (cb=9)
00:00:00.741348   UseNewIo   <integer> = 0x0000000000000001 (1)
00:00:00.741349 
00:00:00.741349 [/Devices/virtio-scsi/0/LUN#0/AttachedDriver/Config/VDConfig/] (level 7)
00:00:00.741349   AllocationBlockSize <string>  = "1048576" (cb=8)
00:00:00.741349 
00:00:00.741349 [/Devices/virtio-scsi/0/LUN#1/] (level 4)
00:00:00.741350   Driver <string>  = "SCSI" (cb=5)
00:00:00.741350 
00:00:00.741350 [/Devices/virtio-scsi/0/LUN#1/AttachedDriver/] (level 5)
00:00:00.741350   Driver <string>  = "VD" (cb=3)
00:00:00.741350 
00:00:00.741351 [/Devices/virtio-scsi/0/LUN#1/AttachedDriver/Config/] (level 6)
00:00:00.741351   EmptyDrive <integer> = 0x0000000000000001 (1)
00:00:00.741351   Mountable  <integer> = 0x0000000000000001 (1)
00:00:00.741351   Type       <string>  = "DVD" (cb=4)
00:00:00.741352 
00:00:00.741352 [/Devices/virtio-scsi/0/LUN#999/] (level 4)
00:00:00.741352   Driver <string>  = "MainStatus" (cb=11)
00:00:00.741352 
00:00:00.741352 [/Devices/virtio-scsi/0/LUN#999/Config/] (level 5)
00:00:00.741353   DeviceInstance       <string>  = "virtio-scsi/0" (cb=14)
00:00:00.741353   First                <integer> = 0x0000000000000000 (0)
00:00:00.741353   HasMediumAttachments <integer> = 0x0000000000000001 (1)
00:00:00.741353   Last                 <integer> = 0x0000000000000001 (1)
00:00:00.741354   iLedSet              <integer> = 0x0000000000000002 (2)
00:00:00.741354 
00:00:00.741354 [/MM/] (level 1)
00:00:00.741354 
00:00:00.741354 [/MM/MemRegions/] (level 2)
00:00:00.741355 
00:00:00.741355 [/MM/MemRegions/Base/] (level 3)
00:00:00.741355   GCPhysStart <integer> = 0x0000000008000000 (134 217 728)
00:00:00.741355   Size        <integer> = 0x0000000080000000 (2 147 483 648, 2.0 GiB)
00:00:00.741356 
00:00:00.741356 [/NEM/] (level 1)
00:00:00.741356   VTimerInterrupt <integer> = 0x000000000000000b (11)
00:00:00.741356 
00:00:00.741356 [/PDM/] (level 1)
00:00:00.741356 
00:00:00.741356 [/PDM/AsyncCompletion/] (level 2)
00:00:00.741357 
00:00:00.741357 [/PDM/AsyncCompletion/File/] (level 3)
00:00:00.741357 
00:00:00.741357 [/PDM/AsyncCompletion/File/BwGroups/] (level 4)
00:00:00.741358 
00:00:00.741358 [/PDM/BlkCache/] (level 2)
00:00:00.741358   CacheSize <integer> = 0x0000000000500000 (5 242 880, 5.0 MiB)
00:00:00.741358 
00:00:00.741358 [/PDM/Devices/] (level 2)
00:00:00.741359 
00:00:00.741359 [/PDM/Drivers/] (level 2)
00:00:00.741359 
00:00:00.741359 [/PDM/Drivers/VBoxC/] (level 3)
00:00:00.741359   Path <string>  = "/Applications/VirtualBox.app/Contents/MacOS/components/VBoxC" (cb=61)
00:00:00.741360 
00:00:00.741360 [/PDM/NetworkShaper/] (level 2)
00:00:00.741360 
00:00:00.741360 [/PDM/NetworkShaper/BwGroups/] (level 3)
00:00:00.741360 
00:00:00.741360 [/USB/] (level 1)
00:00:00.741360 
00:00:00.741360 [/USB/HidKeyboard/] (level 2)
00:00:00.741361 
00:00:00.741361 [/USB/HidKeyboard/0/] (level 3)
00:00:00.741361 
00:00:00.741361 [/USB/HidKeyboard/0/Config/] (level 4)
00:00:00.741361 
00:00:00.741362 [/USB/HidKeyboard/0/LUN#0/] (level 4)
00:00:00.741362   Driver <string>  = "KeyboardQueue" (cb=14)
00:00:00.741362 
00:00:00.741362 [/USB/HidKeyboard/0/LUN#0/AttachedDriver/] (level 5)
00:00:00.741362   Driver <string>  = "MainKeyboard" (cb=13)
00:00:00.741362 
00:00:00.741362 [/USB/HidKeyboard/0/LUN#0/Config/] (level 5)
00:00:00.741363   QueueSize <integer> = 0x0000000000000040 (64, 64 B)
00:00:00.741363 
00:00:00.741363 [/USB/HidMouse/] (level 2)
00:00:00.741363 
00:00:00.741364 [/USB/HidMouse/0/] (level 3)
00:00:00.741364 
00:00:00.741364 [/USB/HidMouse/0/Config/] (level 4)
00:00:00.741364   Mode <string>  = "absolute" (cb=9)
00:00:00.741364 
00:00:00.741364 [/USB/HidMouse/0/LUN#0/] (level 4)
00:00:00.741365   Driver <string>  = "MouseQueue" (cb=11)
00:00:00.741365 
00:00:00.741365 [/USB/HidMouse/0/LUN#0/AttachedDriver/] (level 5)
00:00:00.741365   Driver <string>  = "MainMouse" (cb=10)
00:00:00.741365 
00:00:00.741365 [/USB/HidMouse/0/LUN#0/Config/] (level 5)
00:00:00.741365   QueueSize <integer> = 0x0000000000000080 (128, 128 B)
00:00:00.741366 
00:00:00.741366 [/USB/USBProxy/] (level 2)
00:00:00.741366 
00:00:00.741366 [/USB/USBProxy/GlobalConfig/] (level 3)
00:00:00.741366 
00:00:00.741366 ********************* End of CFGM dump **********************
00:00:00.741431 NEM:  info: Found optional import Hypervisor!hv_vm_config_create.
00:00:00.741445 NEM:  info: Found optional import Hypervisor!hv_vm_config_get_el2_supported.
00:00:00.741448 NEM:  info: Found optional import Hypervisor!hv_vm_config_get_el2_enabled.
00:00:00.741451 NEM:  info: Found optional import Hypervisor!hv_vm_config_set_el2_enabled.
00:00:00.741453 NEM:  info: Found optional import Hypervisor!hv_gic_create.
00:00:00.741455 NEM:  info: Found optional import Hypervisor!hv_gic_reset.
00:00:00.741457 NEM:  info: Found optional import Hypervisor!hv_gic_config_create.
00:00:00.741459 NEM:  info: Found optional import Hypervisor!hv_gic_config_set_distributor_base.
00:00:00.741461 NEM:  info: Found optional import Hypervisor!hv_gic_config_set_redistributor_base.
00:00:00.741466 NEM:  info: Found optional import Hypervisor!hv_gic_config_set_msi_region_base.
00:00:00.741468 NEM:  info: Found optional import Hypervisor!hv_gic_config_set_msi_interrupt_range.
00:00:00.741470 NEM:  info: Found optional import Hypervisor!hv_gic_get_redistributor_base.
00:00:00.741472 NEM:  info: Found optional import Hypervisor!hv_gic_get_redistributor_region_size.
00:00:00.741474 NEM:  info: Found optional import Hypervisor!hv_gic_get_redistributor_size.
00:00:00.741476 NEM:  info: Found optional import Hypervisor!hv_gic_get_distributor_size.
00:00:00.741477 NEM:  info: Found optional import Hypervisor!hv_gic_get_distributor_base_alignment.
00:00:00.741479 NEM:  info: Found optional import Hypervisor!hv_gic_get_redistributor_base_alignment.
00:00:00.741481 NEM:  info: Found optional import Hypervisor!hv_gic_get_msi_region_base_alignment.
00:00:00.741483 NEM:  info: Found optional import Hypervisor!hv_gic_get_msi_region_size.
00:00:00.741485 NEM:  info: Found optional import Hypervisor!hv_gic_get_spi_interrupt_range.
00:00:00.741487 NEM:  info: Found optional import Hypervisor!hv_gic_state_create.
00:00:00.741489 NEM:  info: Found optional import Hypervisor!hv_gic_set_state.
00:00:00.741491 NEM:  info: Found optional import Hypervisor!hv_gic_state_get_size.
00:00:00.741493 NEM:  info: Found optional import Hypervisor!hv_gic_state_get_data.
00:00:00.741494 NEM:  info: Found optional import Hypervisor!hv_gic_send_msi.
00:00:00.741496 NEM:  info: Found optional import Hypervisor!hv_gic_set_spi.
00:00:00.741498 NEM:  info: Found optional import Hypervisor!hv_gic_get_distributor_reg.
00:00:00.741500 NEM:  info: Found optional import Hypervisor!hv_gic_get_msi_reg.
00:00:00.741502 NEM:  info: Found optional import Hypervisor!hv_gic_get_icc_reg.
00:00:00.741504 NEM:  info: Found optional import Hypervisor!hv_gic_get_ich_reg.
00:00:00.741505 NEM:  info: Found optional import Hypervisor!hv_gic_get_icv_reg.
00:00:00.741507 NEM:  info: Found optional import Hypervisor!hv_gic_get_redistributor_reg.
00:00:00.741509 NEM:  info: Found optional import Hypervisor!hv_gic_set_distributor_reg.
00:00:00.741511 NEM:  info: Found optional import Hypervisor!hv_gic_set_msi_reg.
00:00:00.741512 NEM:  info: Found optional import Hypervisor!hv_gic_set_icc_reg.
00:00:00.741514 NEM:  info: Found optional import Hypervisor!hv_gic_set_ich_reg.
00:00:00.741516 NEM:  info: Found optional import Hypervisor!hv_gic_set_icv_reg.
00:00:00.741517 NEM:  info: Found optional import Hypervisor!hv_gic_set_redistributor_reg.
00:00:00.741518 NEM:  info: Found optional import Hypervisor!hv_gic_get_intid.
00:00:00.743732 CPUM: Matched host CPU profile 'Apple M3 Max' (11% score).  Collected a combined 41 ID registers, 2 of which are not from the profile.
00:00:00.744132 CPUM: 16 guest ID registers
00:00:00.744137 CPUM: Unknown uPartNumSearch=0x0 (vendor=Apple)
00:00:00.744141 CPUM: Unknown uPartNumSearch=0x0 (vendor=Apple)
00:00:00.744143 nemR3DarwinArmCpuIdRegUpdate: idCpu=0x0 idReg=0xc005 (MPIDR_EL1): old=0x0 new=0xc0000000
00:00:00.744145 nemR3DarwinArmCpuIdRegUpdate: idCpu=0x0 idReg=0xc020 (ID_AA64PFR0_EL1): old=0x1101000010110011 new=0x1101000011110011
00:00:00.748995 GUI: UIMediumEnumerator: Medium-enumeration finished!
00:00:00.755733 ERROR [COM]: aRC=VBOX_E_IPRT_ERROR (0x80bb0005) aIID={6ac83d89-6ee7-4e33-8ae6-b257b2e81be8} aComponent={ConsoleWrap} aText={The VBoxGuestPropSvc service call failed with the error VERR_HGCM_SERVICE_NOT_FOUND}, preserve=false aResultDetail=-2900
00:00:00.872854 TM: NEM overrides the /TM/TSCModeSwitchAllowed setting.
00:00:01.067958 TM:     cTSCTicksPerSecond=1 032 376 422 (0x3d88d066) enmTSCMode=4 (NativeApi) TSCMultiplier=43
00:00:01.067961 TM: cTSCTicksPerSecondHost=24 008 754 (0x16e5832)
00:00:01.067961 TM: TSCTiedToExecution=false TSCNotTiedToHalt=false
00:00:01.068095 EMR3Init: fIemExecutesAll=false fGuruOnTripleFault=true
00:00:01.068170 IEM: Microarch=<NULL> aidxTargetCpuEflFlavour={0,0}
00:00:01.068255 GIM: Using provider 'None' (Implementation version: 0)
00:00:01.068308 AIOMgr: Default manager type is 'Async'
00:00:01.068311 AIOMgr: Default file backend is 'NonBuffered'
00:00:01.068356 BlkCache: Cache successfully initialized. Cache size is 5242880 bytes
00:00:01.068359 BlkCache: Cache commit interval is 10000 ms
00:00:01.068362 BlkCache: Cache commit threshold is 2621440 bytes
00:00:01.242431 Registered 768KB flash at 0000000004000000
00:00:01.249796 PCI: Registered bridge instance #0 as PDM bus no 1.
00:00:01.249871 PDM: VirtualBox GIC backend registered
00:00:01.249940 GIC: ArchRev=3.1 RangeSel=true Nmi=false Mbi=false Aff3Levels=true
00:00:01.249951 GIC: SPIs=true (31:32..1024) ExtSPIs=true (31:4095..5119) ExtPPIs=true (2:1056..1119)
00:00:01.249956 GIC: ITS=disabled LPIs=disabled (12:8192..16383)
00:00:01.250037 TMR3UtcNow: nsNow=1 771 841 343 688 251 000 nsPrev=0 -> cNsDelta=1 771 841 343 688 251 000 (offLag=0 offVirtualSync=0 offVirtualSyncGivenUp=0, NowAgain=1 771 841 343 688 251 000)
00:00:01.250311 VMMDev: cbDefaultBudget: 1 073 741 824 (40000000)
00:00:01.263156 Shared Folders service loaded
00:00:01.272087 ERROR [COM]: aRC=VBOX_E_IPRT_ERROR (0x80bb0005) aIID={6ac83d89-6ee7-4e33-8ae6-b257b2e81be8} aComponent={ConsoleWrap} aText={The VBoxGuestPropSvc service call failed with the error VERR_HGCM_SERVICE_NOT_FOUND}, preserve=false aResultDetail=-2900
00:00:01.272102 Guest Control service loaded
00:00:01.279535 GUI: UIMediumEnumerator: Medium-enumeration finished!
00:00:01.301314 VIRTIOSCSI0: Targets=2 Bootable=true (unimplemented) R0Enabled=false RCEnabled=false
00:00:01.301521 DrvVD: Flushes will be ignored
00:00:01.301525 DrvVD: Async flushes will be passed to the disk
00:00:01.301956 VD: VDInit finished with VINF_SUCCESS
00:00:01.302070 AIOMgr: Endpoint for file '/Users/barreiro/coding/42/cursus/born2beRoot/virtualBox/jbarreir42/jbarreir42.vdi' (flags 000c0723) created successfully
00:00:01.302162 VD: Opening the disk took 315500 ns
00:00:01.302218 DrvVD: Flushes will be ignored
00:00:01.302221 DrvVD: Async flushes will be passed to the disk
00:00:01.302526 SCSI#1: Enabled UNMAP support
00:00:01.302582 E1000#0: Chip=82540EM LinkUpDelay=5000ms EthernetCRC=on GSO=enabled Itr=disabled ItrRx=enabled TID=disabled R0=disabled RC=disabled
00:00:01.302708 Preconfigured port forward rule discovered on startup: fUdp=0, HostIp=127.0.0.1, u16HostPort=4242, GuestIp=, u16GuestPort=4242
00:00:01.302932 Audio: Initializing Core Audio driver
00:00:01.336319 CoreAudio: Default output device: 83 (was 0), ID '410C72C3-0000-0000-3222-0104B53C2278_00000010'
00:00:01.336358 CoreAudio: Default input device: 78 (was 0), ID 'BuiltInMicrophoneDevice'
00:00:01.336774 Audio: Found 4 devices for driver 'Core Audio'
00:00:01.336783 Audio: Device '27E1N1600AM':
00:00:01.336783 Audio:   ID              = 410C72C3-0000-0000-3222-0104B53C2278_00000010
00:00:01.336783 Audio:   Usage           = output
00:00:01.336783 Audio:   Flags           = DEFAULT_OUT NAME_ALLOC ID_ALLOC
00:00:01.336783 Audio:   Input channels  = 0
00:00:01.336784 Audio:   Output channels = 2
00:00:01.336786 Audio: Device 'Micrófono de “iPhone de Javi”':
00:00:01.336787 Audio:   ID              = 9FF6A1CC-E3CC-484D-B022-BDD600000003
00:00:01.336787 Audio:   Usage           = input
00:00:01.336787 Audio:   Flags           = NAME_ALLOC ID_ALLOC
00:00:01.336787 Audio:   Input channels  = 1
00:00:01.336787 Audio:   Output channels = 0
00:00:01.336789 Audio: Device 'Micrófono del MacBook Air':
00:00:01.336789 Audio:   ID              = BuiltInMicrophoneDevice
00:00:01.336789 Audio:   Usage           = input
00:00:01.336789 Audio:   Flags           = DEFAULT_IN NAME_ALLOC ID_ALLOC
00:00:01.336789 Audio:   Input channels  = 1
00:00:01.336789 Audio:   Output channels = 0
00:00:01.336791 Audio: Device 'Altavoces del MacBook Air':
00:00:01.336791 Audio:   ID              = BuiltInSpeakerDevice
00:00:01.336791 Audio:   Usage           = output
00:00:01.336791 Audio:   Flags           = NAME_ALLOC ID_ALLOC
00:00:01.336791 Audio:   Input channels  = 0
00:00:01.336791 Audio:   Output channels = 2
00:00:01.336842 Audio Mixer: Setting master volume of 'HDA Mixer' -- channel volumes: ff ff ff ff ff ff ff ff ff ff ff ff
00:00:01.336855 Audio Mixer: Setting sink 'HDA Mixer/PCM Output' -- channel volumes: ff ff ff ff ff ff ff ff ff ff ff ff
00:00:01.336868 Audio Mixer: Setting sink 'HDA Mixer/Line In' -- channel volumes: ff ff ff ff ff ff ff ff ff ff ff ff
00:00:01.336890 Audio Mixer: MUTING sink 'HDA Mixer/PCM Output' -- channel volumes: 00 00 00 00 00 00 00 00 00 00 00 00
00:00:01.336893 Audio Mixer: MUTING sink 'HDA Mixer/Line In' -- channel volumes: 00 00 00 00 00 00 00 00 00 00 00 00
00:00:01.336918 HDA: Codec reset
00:00:01.336922 HDA: Reset
00:00:01.337172 VUSB: Attached 'HidKeyboard' to port 1 on RootHub#1 (FullSpeed)
00:00:01.337226 VUSB: Attached 'HidMouse' to port 2 on RootHub#1 (FullSpeed)
00:00:01.337232 PGM: PGMR3InitFinalize: -> VINF_SUCCESS
00:00:01.337238 TM: TMR3InitFinalize: fTSCModeSwitchAllowed=false
00:00:01.337247 EM: Exit history optimizations: enabled=true enabled-r0=true enabled-r0-no-preemption=false
00:00:01.337283 CPUM: Logical host processors: 10 present, 10 max, 10 online, online mask: 00000000000003ff
00:00:01.337285 CPUM: Physical host cores: 10
00:00:01.337285 ************************ CPUID dump *************************
00:00:01.337287 Guest: 16 registers;  Host: 41 registers
00:00:01.337287 Guest         MIDR_EL1: 0x00000000610f0000 (Host 0x00000000611f0482)
00:00:01.337288 Guest        MPIDR_EL1: 0x00000000c0000000 (Host 0x0000000080000000)
00:00:01.337289 Guest       REVIDR_EL1: .................. (Host 0x0000000000000000)
00:00:01.337289 Guest  ID_AA64PFR0_EL1: 0x1101000011110011 (Host 0x1101000010110111)
00:00:01.337290   Mnemonic - Description                                      = Guest (Host)
00:00:01.337290   EL0 - EL0 Exception level handling                          = 0x1 (0x1)
00:00:01.337291   EL1 - EL1 Exception level handling                          = 0x1 (0x1)
00:00:01.337291   EL2 - EL2 Exception level handling                          = 0x0 (0x1)
00:00:01.337292   EL3 - EL3 Exception level handling                          = 0x0 (0x0)
00:00:01.337292   FP - Floating-point                                         = 0x1 (0x1)
00:00:01.337293   AdvSIMD - Advanced SIMD                                     = 0x1 (0x1)
00:00:01.337293   GIC - System register GIC CPU interface                     = 0x1 (0x0)
00:00:01.337294   RAS - RAS Extension version                                 = 0x1 (0x1)
00:00:01.337294   SVE - Scalable Vector Extension                             = 0x0 (0x0)
00:00:01.337294   SEL2 - Secure EL2                                           = 0x0 (0x0)
00:00:01.337295   MPAM - MPAM Extension major version number                  = 0x0 (0x0)
00:00:01.337295   AMU - Activity Monitors Extension support                   = 0x0 (0x0)
00:00:01.337296   DIT - Data Independent Timing                               = 0x1 (0x1)
00:00:01.337296   RME - Realm Management Extension                            = 0x0 (0x0)
00:00:01.337296   CSV2 - Speculative use of out of branch targets             = 0x1 (0x1)
00:00:01.337297   CSV3 - Speculative use of faulting data                     = 0x1 (0x1)
00:00:01.337297 Guest  ID_AA64PFR1_EL1: 0x0000000200000000 (Host 0x0000000100000021)
00:00:01.337297   Mnemonic - Description                                      = Guest (Host)
00:00:01.337298   BT - Branch Target Identification mechanism                 = 0x0 (0x1)
00:00:01.337298   SSBS - Speculative Store Bypassing controls                 = 0x0 (0x2)
00:00:01.337298   MTE - Memory Tagging Extension support                      = 0x0 (0x0)
00:00:01.337299   RAS_frac - RAS Extension fractional field                   = 0x0 (0x0)
00:00:01.337299   MPAM_frac - MPAM Extension minor version                    = 0x0 (0x0)
00:00:01.337300   Res0 - Reserved                                             = 0x0 (0x0)
00:00:01.337300   SME - Scalable Matrix Extension                             = 0x0 (0x0)
00:00:01.337301   RNDR_trap - Random Number trap to EL3                       = 0x0 (0x0)
00:00:01.337301   CSV2_frac - CSV2 fractional version field                   = 0x2 (0x1)
00:00:01.337301   NMI - Non-maskable Interrupt support                        = 0x0 (0x0)
00:00:01.337302   Res0 - Reserved                                             = 0x0 (0x0)
00:00:01.337302   Res0 - Reserved                                             = 0x0 (0x0)
00:00:01.337303   Res0 - Reserved                                             = 0x0 (0x0)
00:00:01.337303   Res0 - Reserved                                             = 0x0 (0x0)
00:00:01.337303   Res0 - Reserved                                             = 0x0 (0x0)
00:00:01.337304   Res0 - Reserved                                             = 0x0 (0x0)
00:00:01.337304 Guest  ID_AA64PFR2_EL1: .................. (Host 0x0000000000000000)
00:00:01.337305 Guest     s3_0_c0_c4_3: .................. (Host 0x0000000000000000)
00:00:01.337305 Guest  ID_AA64ZFR0_EL1: 0x0000100000100001 (Host 0x0000000000000000)
00:00:01.337305 Guest ID_AA64SMFR0_EL1: 0x01f150ff00000000 (Host 0x0000000000000000)
00:00:01.337306 Guest     s3_0_c0_c4_6: .................. (Host 0x0000000000000000)
00:00:01.337306 Guest ID_AA64FPFR0_EL1: .................. (Host 0x0000000000000000)
00:00:01.337306 Guest  ID_AA64DFR0_EL1: 0x0000000010305006 (Host 0x0000000010305f09)
00:00:01.337307   Mnemonic - Description                                      = Guest (Host)
00:00:01.337307   DebugVer - Debug architecture version                       = 0x6 (0x9)
00:00:01.337307   TraceVer - Trace support                                    = 0x0 (0x0)
00:00:01.337308   PMUVer - Performance Monitors Extension version             = 0x0 (0xf)
00:00:01.337308   BRPs - Number of breakpoints minus 1                        = 0x5 (0x5)
00:00:01.337309   Res0 - Reserved                                             = 0x0 (0x0)
00:00:01.337309   WRPs - Number of watchpoints minus 1                        = 0x3 (0x3)
00:00:01.337310   Res0 - Reserved                                             = 0x0 (0x0)
00:00:01.337310   CTX_CMPs - Number of context-aware breakpoints minus 1      = 0x1 (0x1)
00:00:01.337310   PMSVer - Statistical Profiling Extension version            = 0x0 (0x0)
00:00:01.337311   DoubleLock - OS Double Lock support                         = 0x0 (0x0)
00:00:01.337311   TraceFilt - Armv8.4 Self-hosted Trace Extension version     = 0x0 (0x0)
00:00:01.337311   TraceBuffer - Trace Buffer Extension                        = 0x0 (0x0)
00:00:01.337312   MTPMU - Multi-threaded PMU extension                        = 0x0 (0x0)
00:00:01.337312   BRBE - Branch Record Buffer Extension                       = 0x0 (0x0)
00:00:01.337312   Res0 - Reserved                                             = 0x0 (0x0)
00:00:01.337313   HPMN0 - Zero PMU event counters for guest                   = 0x0 (0x0)
00:00:01.337313 Guest  ID_AA64DFR1_EL1: 0x0000000000000000 (Host 0x0000000000000000)
00:00:01.337314   Mnemonic - Description                                      = Guest (Host)
00:00:01.337314   Res0 - Reserved                                             = 0x0 (0x0)
00:00:01.337315   Res0 - Reserved                                             = 0x0 (0x0)
00:00:01.337315   Res0 - Reserved                                             = 0x0 (0x0)
00:00:01.337315   Res0 - Reserved                                             = 0x0 (0x0)
00:00:01.337316   Res0 - Reserved                                             = 0x0 (0x0)
00:00:01.337316   Res0 - Reserved                                             = 0x0 (0x0)
00:00:01.337317   Res0 - Reserved                                             = 0x0 (0x0)
00:00:01.337317   Res0 - Reserved                                             = 0x0 (0x0)
00:00:01.337318   Res0 - Reserved                                             = 0x0 (0x0)
00:00:01.337318   Res0 - Reserved                                             = 0x0 (0x0)
00:00:01.337319   Res0 - Reserved                                             = 0x0 (0x0)
00:00:01.337319   Res0 - Reserved                                             = 0x0 (0x0)
00:00:01.337319   Res0 - Reserved                                             = 0x0 (0x0)
00:00:01.337320   Res0 - Reserved                                             = 0x0 (0x0)
00:00:01.337320   Res0 - Reserved                                             = 0x0 (0x0)
00:00:01.337321   Res0 - Reserved                                             = 0x0 (0x0)
00:00:01.337321 Guest  ID_AA64DFR2_EL1: .................. (Host 0x0000000000000000)
00:00:01.337322 Guest     s3_0_c0_c5_3: .................. (Host 0x0000000000000000)
00:00:01.337322 Guest  ID_AA64AFR0_EL1: .................. (Host 0x0000000000000000)
00:00:01.337322 Guest  ID_AA64AFR1_EL1: .................. (Host 0x0000000000000000)
00:00:01.337322 Guest     s3_0_c0_c5_6: .................. (Host 0x0000000000000000)
00:00:01.337323 Guest     s3_0_c0_c5_7: .................. (Host 0x0000000000000000)
00:00:01.337323 Guest ID_AA64ISAR0_EL1: 0x0221100110212120 (Host 0x0221100110212120)
00:00:01.337323   Mnemonic - Description                                      = Guest (Host)
00:00:01.337324   AES - AES instruction support in AArch64                    = 0x2 (0x2)
00:00:01.337324   SHA1 - SHA1 instruction support in AArch64                  = 0x1 (0x1)
00:00:01.337324   SHA2 - SHA256/512 instruction support in AArch64            = 0x2 (0x2)
00:00:01.337325   CRC32 - CRC32 instruction support in AArch64                = 0x1 (0x1)
00:00:01.337325   ATOMIC - Atomic instruction support in AArch64              = 0x2 (0x2)
00:00:01.337325   TME - TME instruction support in AArch64                    = 0x0 (0x0)
00:00:01.337325   RDM - SQRDMLAH/SQRDMLSH instruction support in AArch64      = 0x1 (0x1)
00:00:01.337326   SHA3 - SHA3 instruction support in AArch64                  = 0x1 (0x1)
00:00:01.337326   SM3 - SM3 instruction support in AArch64                    = 0x0 (0x0)
00:00:01.337326   SM4 - SM4 instruction support in AArch64                    = 0x0 (0x0)
00:00:01.337327   DP - Dot Product instruction support in AArch64             = 0x1 (0x1)
00:00:01.337327   FHM - FMLAL/FMLSL instruction support in AArch64            = 0x1 (0x1)
00:00:01.337327   TS - Flag manipulation instruction support in AArch64       = 0x2 (0x2)
00:00:01.337328   TLB - TLB maintenance instruction support in AArch64        = 0x2 (0x2)
00:00:01.337328   RNDR - Random number instruction support in AArch64         = 0x0 (0x0)
00:00:01.337328 Guest ID_AA64ISAR1_EL1: 0x0000111110211502 (Host 0x0010111110211402)
00:00:01.337329   Mnemonic - Description                                      = Guest (Host)
00:00:01.337329   DPB - Data Persistance writeback support in AArch64         = 0x2 (0x2)
00:00:01.337329   APA - QARMA5 PAuth support in AArch64                       = 0x0 (0x0)
00:00:01.337330   API - Impl defined PAuth support in AArch64                 = 0x5 (0x4)
00:00:01.337330   JSCVT - FJCVTZS instruction support in AArch64              = 0x1 (0x1)
00:00:01.337330   FCMA - FCMLA/FCADD instruction support in AArch64           = 0x1 (0x1)
00:00:01.337331   LRCPC - RCpc instruction support in AArch64                 = 0x2 (0x2)
00:00:01.337331   GPA - QARMA5 code authentication support in AArch64         = 0x0 (0x0)
00:00:01.337331   GPI - Impl defined code authentication support in AArch64   = 0x1 (0x1)
00:00:01.337332   FRINTTS - FRINT{32,64}{Z,X} instruction support in AArch64  = 0x1 (0x1)
00:00:01.337332   SB - SB instruction support in AArch64                      = 0x1 (0x1)
00:00:01.337332   SPECRES - Prediction invalidation support in AArch64        = 0x1 (0x1)
00:00:01.337333   BF16 - BFloat16 support in AArch64                          = 0x1 (0x1)
00:00:01.337333   DGH - Data Gathering Hint support in AArch64                = 0x0 (0x0)
00:00:01.337333   I8MM - Int8 matrix mul instruction support in AArch64       = 0x0 (0x1)
00:00:01.337334   XS - XS attribute support in AArch64                        = 0x0 (0x0)
00:00:01.337334   LS64 - LD64B and ST64B* instruction support in AArch64      = 0x0 (0x0)
00:00:01.337334 Guest ID_AA64ISAR2_EL1: .................. (Host 0x0000000000000010)
00:00:01.337335 Guest ID_AA64ISAR3_EL1: .................. (Host 0x0000000000000000)
00:00:01.337335 Guest     s3_0_c0_c6_4: .................. (Host 0x0000000000000000)
00:00:01.337335 Guest     s3_0_c0_c6_5: .................. (Host 0x0000000000000000)
00:00:01.337335 Guest     s3_0_c0_c6_6: .................. (Host 0x0000000000000000)
00:00:01.337336 Guest     s3_0_c0_c6_7: .................. (Host 0x0000000000000000)
00:00:01.337336 Guest ID_AA64MMFR0_EL1: 0x010010000f100023 (Host 0x110012120f100003)
00:00:01.337336   Mnemonic - Description                                      = Guest (Host)
00:00:01.337337   PARange - Physical address width                            = 0x3 (0x3)
00:00:01.337337   ASIDBits - Number of ASID bits                              = 0x2 (0x0)
00:00:01.337337   BigEnd - Mixed-endian configuration support                 = 0x0 (0x0)
00:00:01.337338   SNSMem - Secure and Non-secure memory distinction           = 0x0 (0x0)
00:00:01.337338   BigEndEL0 - Mixed-endian support in EL0 only                = 0x0 (0x0)
00:00:01.337338   TGran16 - 16KiB memory granule size                         = 0x1 (0x1)
00:00:01.337339   TGran64 - 64KiB memory granule size                         = 0xf (0xf)
00:00:01.337339   TGran4 - 4KiB memory granule size                           = 0x0 (0x0)
00:00:01.337339   TGran16_2 - 16KiB memory granule size at stage 2            = 0x0 (0x2)
00:00:01.337340   TGran64_2 - 64KiB memory granule size at stage 2            = 0x0 (0x1)
00:00:01.337340   TGran4_2 - 4KiB memory granule size at stage 2              = 0x0 (0x2)
00:00:01.337340   ExS - Disabling context synchronizing exception             = 0x1 (0x1)
00:00:01.337340   Res0 - Reserved                                             = 0x0 (0x0)
00:00:01.337341   Res0 - Reserved                                             = 0x0 (0x0)
00:00:01.337341   FGT - Fine-grained trap controls support                    = 0x1 (0x1)
00:00:01.337342   ECV - Enhanced Counter Virtualization support               = 0x0 (0x1)
00:00:01.337342 Guest ID_AA64MMFR1_EL1: 0x0000100011312000 (Host 0x0000111111312100)
00:00:01.337343   Mnemonic - Description                                      = Guest (Host)
00:00:01.337343   HAFDBS - Hardware updates to Access/Dirty state             = 0x0 (0x0)
00:00:01.337343   VMIDBit - Number of VMID bits                               = 0x0 (0x0)
00:00:01.337344   VH - Virtualization Host Extensions                         = 0x0 (0x1)
00:00:01.337344   HPDS - Hierarchical Permission Disables                     = 0x2 (0x2)
00:00:01.337344   LO - LORegions support                                      = 0x1 (0x1)
00:00:01.337345   PAN - Privileged Access Never                               = 0x3 (0x3)
00:00:01.337345   SpecSEI - SError interrupt exception for speculative reads  = 0x1 (0x1)
00:00:01.337345   XNX - Execute-never control support                         = 0x1 (0x1)
00:00:01.337346   TWED - Configurable delayed WFE trapping                    = 0x0 (0x1)
00:00:01.337346   ETS - Enhanced Translation Synchronization support          = 0x0 (0x1)
00:00:01.337346   HCX - HCRX_EL2 support                                      = 0x0 (0x1)
00:00:01.337347   AFP - FPCR.{AH,FIZ,NEP} support                             = 0x1 (0x1)
00:00:01.337347   nTLBPA - Caching of translation table walks                 = 0x0 (0x0)
00:00:01.337348   TIDCP1 - FEAT_TIDCP1 support                                = 0x0 (0x0)
00:00:01.337348   CMOW - Cache maintenance instruction permission             = 0x0 (0x0)
00:00:01.337348   Res0 - Reserved                                             = 0x0 (0x0)
00:00:01.337349 Guest ID_AA64MMFR2_EL1: 0x1001001102001011 (Host 0x1201011102001011)
00:00:01.337349   Mnemonic - Description                                      = Guest (Host)
00:00:01.337350   CnP - Common not Private translation support                = 0x1 (0x1)
00:00:01.337350   UAO - User Access Override                                  = 0x1 (0x1)
00:00:01.337350   LSM - LSMAOE/nTLSMD bit support                             = 0x0 (0x0)
00:00:01.337351   IESB - IESB bit support in SCTLR_ELx                        = 0x1 (0x1)
00:00:01.337351   VARange - Large virtual address space support               = 0x0 (0x0)
00:00:01.337351   CCIDX - 64-bit CCSIDR_EL1 format                            = 0x0 (0x0)
00:00:01.337352   NV - Nested Virtualization support                          = 0x2 (0x2)
00:00:01.337352   ST - Small translation table support                        = 0x0 (0x0)
00:00:01.337352   AT - Unaligned single-copy atomicity support                = 0x1 (0x1)
00:00:01.337353   IDS - FEAT_IDST support                                     = 0x1 (0x1)
00:00:01.337353   FWB - HCR_EL2.FWB support                                   = 0x0 (0x1)
00:00:01.337354   Res0 - Reserved                                             = 0x0 (0x0)
00:00:01.337354   TTL - TTL field support in address operations               = 0x1 (0x1)
00:00:01.337354   BBM - FEAT_BBM support                                      = 0x0 (0x0)
00:00:01.337355   EVT - Enhanced Virtualization Traps support                 = 0x0 (0x2)
00:00:01.337355   E0PD - E0PD mechanism support                               = 0x1 (0x1)
00:00:01.337356 Guest ID_AA64MMFR3_EL1: .................. (Host 0x0000000000000000)
00:00:01.337356 Guest ID_AA64MMFR4_EL1: .................. (Host 0x0000000000000000)
00:00:01.337356 Guest     s3_0_c0_c7_5: .................. (Host 0x0000000000000000)
00:00:01.337356 Guest     s3_0_c0_c7_6: .................. (Host 0x0000000000000000)
00:00:01.337357 Guest     s3_0_c0_c7_7: .................. (Host 0x0000000000000000)
00:00:01.337357 Guest       ERRIDR_EL1: .................. (Host 0x0000000000000000)
00:00:01.337357 Guest     s3_1_c0_c0_0: .................. (Host 0x00000000700fe03a)
00:00:01.337357 Guest        CLIDR_EL1: 0x0000000080000023 (Host 0x0000000081000023)
00:00:01.337358   Mnemonic - Description                                      = Guest (Host)
00:00:01.337358   Ctype1 - Cache 1 type field                                 = 3 (3)
00:00:01.337358   Ctype2 - Cache 2 type field                                 = 4 (4)
00:00:01.337359   Ctype3 - Cache 3 type field                                 = 0 (0)
00:00:01.337359   Ctype4 - Cache 4 type field                                 = 0 (0)
00:00:01.337360   Ctype5 - Cache 5 type field                                 = 0 (0)
00:00:01.337360   Ctype6 - Cache 6 type field                                 = 0 (0)
00:00:01.337360   Ctype7 - Cache 7 type field                                 = 0 (0)
00:00:01.337361   LoUIS - Level of Unification Inner Shareable                = 0 (0)
00:00:01.337361   LoC - Level of Coherence for the cache hierarchy            = 0 (1)
00:00:01.337361   LoUU - Level of Unification Uniprocessor                    = 0 (0)
00:00:01.337362   ICB - Inner cache boundary                                  = 2 (2)
00:00:01.337362   Ttype1 - Cache 1 - Tag cache type                           = 0 (0)
00:00:01.337363   Ttype2 - Cache 2 - Tag cache type                           = 0 (0)
00:00:01.337363   Ttype3 - Cache 3 - Tag cache type                           = 0 (0)
00:00:01.337363   Ttype4 - Cache 4 - Tag cache type                           = 0 (0)
00:00:01.337364   Ttype5 - Cache 5 - Tag cache type                           = 0 (0)
00:00:01.337364   Ttype6 - Cache 6 - Tag cache type                           = 0 (0)
00:00:01.337364   Ttype7 - Cache 7 - Tag cache type                           = 0 (0)
00:00:01.337365   Res0 - Reserved                                             = 0x0 (0x0)
00:00:01.337365 Guest         AIDR_EL1: .................. (Host 0x000000016a695797)
00:00:01.337365 Guest          CTR_EL0: 0x000000009444c004
00:00:01.337366 Guest        DCZID_EL0: 0x0000000000000004 (Host 0x0000000000000004)
00:00:01.337366 Guest       CNTFRQ_EL0: .................. (Host 0x00000000016e3600)
00:00:01.337367 ********************* End of CPUID dump *********************
00:00:01.337367 ******************** CPU feature dump ***********************
00:00:01.337367                   Features = guest (host)
00:00:01.337368                  FEAT_AA32 = 0 (0)
00:00:01.337368              FEAT_AA32BF16 = 0 (0)
00:00:01.337368               FEAT_AA32EL0 = 0 (0)
00:00:01.337369               FEAT_AA32EL1 = 0 (0)
00:00:01.337369               FEAT_AA32EL2 = 0 (0)
00:00:01.337369               FEAT_AA32EL3 = 0 (0)
00:00:01.337369               FEAT_AA32HPD = 0 (0)
00:00:01.337370              FEAT_AA32I8MM = 0 (0)
00:00:01.337370                  FEAT_AA64 = 1 (1)
00:00:01.337370               FEAT_AA64EL0 = 1 (1)
00:00:01.337370               FEAT_AA64EL1 = 1 (1)
00:00:01.337371               FEAT_AA64EL2 = 0 (1)
00:00:01.337371               FEAT_AA64EL3 = 0 (1)
00:00:01.337371                  FEAT_ABLE = 0 (0)
00:00:01.337372                 FEAT_ADERR = 0 (0)
00:00:01.337372                   FEAT_AES = 1 (1)
00:00:01.337372                   FEAT_AFP = 1 (1)
00:00:01.337372                   FEAT_AIE = 0 (0)
00:00:01.337373                 FEAT_AMUv1 = 0 (0)
00:00:01.337373               FEAT_AMUv1p1 = 0 (0)
00:00:01.337373                 FEAT_ANERR = 0 (0)
00:00:01.337374                FEAT_ASID16 = 1 (0)
00:00:01.337374                 FEAT_ASID2 = 0 (0)
00:00:01.337374                 FEAT_ATS1A = 0 (0)
00:00:01.337374               FEAT_AdvSIMD = 1 (1)
00:00:01.337374                   FEAT_BBM = 0 (0)
00:00:01.337375                  FEAT_BF16 = 1 (1)
00:00:01.337375                  FEAT_BRBE = 0 (0)
00:00:01.337375              FEAT_BRBEv1p1 = 0 (0)
00:00:01.337376                   FEAT_BTI = 0 (1)
00:00:01.337376                   FEAT_BWE = 0 (0)
00:00:01.337376                  FEAT_BWE2 = 0 (0)
00:00:01.337377                 FEAT_CCIDX = 0 (0)
00:00:01.337377                   FEAT_CHK = 0 (0)
00:00:01.337377                FEAT_CLRBHB = 0 (0)
00:00:01.337377                  FEAT_CMOW = 0 (0)
00:00:01.337378                 FEAT_CMPBR = 0 (0)
00:00:01.337378         FEAT_CONSTPACFIELD = 0 (0)
00:00:01.337378                   FEAT_CPA = 0 (0)
00:00:01.337378                  FEAT_CPA2 = 0 (0)
00:00:01.337379                 FEAT_CRC32 = 1 (1)
00:00:01.337379                  FEAT_CSSC = 0 (0)
00:00:01.337379                  FEAT_CSV2 = 1 (1)
00:00:01.337379              FEAT_CSV2_1p1 = 1 (1)
00:00:01.337380              FEAT_CSV2_1p2 = 1 (0)
00:00:01.337380                FEAT_CSV2_2 = 0 (0)
00:00:01.337380                FEAT_CSV2_3 = 0 (0)
00:00:01.337380                  FEAT_CSV3 = 1 (1)
00:00:01.337381                  FEAT_D128 = 0 (0)
00:00:01.337392                   FEAT_DGH = 0 (0)
00:00:01.337392                   FEAT_DIT = 1 (1)
00:00:01.337393                   FEAT_DPB = 1 (1)
00:00:01.337393                  FEAT_DPB2 = 1 (1)
00:00:01.337393             FEAT_Debugv8p1 = 0 (1)
00:00:01.337393             FEAT_Debugv8p2 = 0 (1)
00:00:01.337394             FEAT_Debugv8p4 = 0 (1)
00:00:01.337394             FEAT_Debugv8p8 = 0 (0)
00:00:01.337394             FEAT_Debugv8p9 = 0 (0)
00:00:01.337394               FEAT_DotProd = 1 (1)
00:00:01.337395           FEAT_DoubleFault = 0 (0)
00:00:01.337395          FEAT_DoubleFault2 = 0 (0)
00:00:01.337395            FEAT_DoubleLock = 1 (1)
00:00:01.337395                  FEAT_E0PD = 1 (1)
00:00:01.337396                  FEAT_E2H0 = 1 (1)
00:00:01.337396                 FEAT_E3DSE = 0 (0)
00:00:01.337396                  FEAT_EBEP = 0 (0)
00:00:01.337396                 FEAT_EBF16 = 0 (0)
00:00:01.337397                 FEAT_ECBHB = 0 (0)
00:00:01.337397                   FEAT_ECV = 0 (1)
00:00:01.337397              FEAT_ECV_POFF = 0 (0)
00:00:01.337398                   FEAT_EL2 = 0 (1)
00:00:01.337398                   FEAT_EL3 = 0 (1)
00:00:01.337398                  FEAT_EPAC = 0 (0)
00:00:01.337398                   FEAT_ETE = 0 (0)
00:00:01.337399               FEAT_ETEv1p1 = 0 (0)
00:00:01.337399               FEAT_ETEv1p2 = 0 (0)
00:00:01.337399               FEAT_ETEv1p3 = 0 (0)
00:00:01.337399                 FEAT_ETMv4 = 0 (0)
00:00:01.337400               FEAT_ETMv4p1 = 0 (0)
00:00:01.337400               FEAT_ETMv4p2 = 0 (0)
00:00:01.337400               FEAT_ETMv4p3 = 0 (0)
00:00:01.337400               FEAT_ETMv4p4 = 0 (0)
00:00:01.337401               FEAT_ETMv4p5 = 0 (0)
00:00:01.337401               FEAT_ETMv4p6 = 0 (0)
00:00:01.337401                  FEAT_ETS2 = 0 (0)
00:00:01.337401                  FEAT_ETS3 = 0 (0)
00:00:01.337402                   FEAT_EVT = 0 (1)
00:00:01.337402                   FEAT_ExS = 1 (1)
00:00:01.337402                 FEAT_F32MM = 0 (0)
00:00:01.337403                 FEAT_F64MM = 0 (0)
00:00:01.337403               FEAT_F8F16MM = 0 (0)
00:00:01.337403               FEAT_F8F32MM = 0 (0)
00:00:01.337403              FEAT_FAMINMAX = 0 (0)
00:00:01.337403                  FEAT_FCMA = 1 (1)
00:00:01.337404                   FEAT_FGT = 1 (1)
00:00:01.337404                  FEAT_FGT2 = 0 (0)
00:00:01.337404                FEAT_FGWTE3 = 0 (0)
00:00:01.337404                   FEAT_FHM = 1 (1)
00:00:01.337405                    FEAT_FP = 1 (1)
00:00:01.337405                  FEAT_FP16 = 1 (1)
00:00:01.337405                   FEAT_FP8 = 0 (0)
00:00:01.337406               FEAT_FP8DOT2 = 0 (0)
00:00:01.337406               FEAT_FP8DOT4 = 0 (0)
00:00:01.337406                FEAT_FP8FMA = 0 (0)
00:00:01.337406                  FEAT_FPAC = 1 (1)
00:00:01.337407           FEAT_FPACCOMBINE = 1 (0)
00:00:01.337407            FEAT_FPACC_SPEC = 0 (0)
00:00:01.337407                  FEAT_FPMR = 0 (0)
00:00:01.337407                FEAT_FPRCVT = 0 (0)
00:00:01.337408               FEAT_FRINTTS = 1 (1)
00:00:01.337408                 FEAT_FlagM = 1 (1)
00:00:01.337408                FEAT_FlagM2 = 1 (1)
00:00:01.337409                   FEAT_GCS = 0 (0)
00:00:01.337409                 FEAT_GICv3 = 1 (0)
00:00:01.337409             FEAT_GICv3_NMI = 0 (0)
00:00:01.337409            FEAT_GICv3_TDIR = 0 (0)
00:00:01.337409               FEAT_GICv3p1 = 1 (0)
00:00:01.337410                 FEAT_GICv4 = 1 (0)
00:00:01.337410               FEAT_GICv4p1 = 0 (0)
00:00:01.337410                   FEAT_GTG = 0 (1)
00:00:01.337410                FEAT_HACDBS = 0 (0)
00:00:01.337411                FEAT_HAFDBS = 0 (0)
00:00:01.337411                  FEAT_HAFT = 0 (0)
00:00:01.337411                   FEAT_HBC = 0 (0)
00:00:01.337411                   FEAT_HCX = 0 (1)
00:00:01.337412                 FEAT_HDBSS = 0 (0)
00:00:01.337412                  FEAT_HPDS = 1 (1)
00:00:01.337412                 FEAT_HPDS2 = 1 (1)
00:00:01.337413                 FEAT_HPMN0 = 0 (0)
00:00:01.337413                  FEAT_I8MM = 0 (1)
00:00:01.337413                  FEAT_IDST = 1 (1)
00:00:01.337413                 FEAT_IDTE3 = 0 (0)
00:00:01.337414                  FEAT_IESB = 1 (1)
00:00:01.337414                   FEAT_ITE = 0 (0)
00:00:01.337414                 FEAT_IVIPT = 1 (0)
00:00:01.337415                 FEAT_JSCVT = 1 (1)
00:00:01.337415                   FEAT_LOR = 1 (1)
00:00:01.337415                   FEAT_LPA = 0 (0)
00:00:01.337415                  FEAT_LPA2 = 0 (0)
00:00:01.337416                 FEAT_LRCPC = 1 (1)
00:00:01.337416                FEAT_LRCPC2 = 1 (1)
00:00:01.337416                FEAT_LRCPC3 = 0 (0)
00:00:01.337416                  FEAT_LS64 = 0 (0)
00:00:01.337416                FEAT_LS64WB = 0 (0)
00:00:01.337417          FEAT_LS64_ACCDATA = 0 (0)
00:00:01.337417                FEAT_LS64_V = 0 (0)
00:00:01.337417                   FEAT_LSE = 1 (1)
00:00:01.337418                FEAT_LSE128 = 0 (0)
00:00:01.337418                  FEAT_LSE2 = 1 (1)
00:00:01.337418                  FEAT_LSFE = 0 (0)
00:00:01.337419                FEAT_LSMAOC = 0 (0)
00:00:01.337419                  FEAT_LSUI = 0 (0)
00:00:01.337419                   FEAT_LUT = 0 (0)
00:00:01.337419                   FEAT_LVA = 0 (0)
00:00:01.337420                  FEAT_LVA3 = 0 (0)
00:00:01.337420                   FEAT_MEC = 0 (0)
00:00:01.337420                  FEAT_MOPS = 0 (0)
00:00:01.337420                  FEAT_MPAM = 0 (0)
00:00:01.337421       FEAT_MPAM_PE_BW_CTRL = 0 (0)
00:00:01.337421              FEAT_MPAMv0p1 = 0 (0)
00:00:01.337421              FEAT_MPAMv1p1 = 0 (0)
00:00:01.337421                   FEAT_MTE = 0 (0)
00:00:01.337422                  FEAT_MTE2 = 0 (0)
00:00:01.337422                  FEAT_MTE3 = 0 (0)
00:00:01.337422                  FEAT_MTE4 = 0 (0)
00:00:01.337422        FEAT_MTE_ASYM_FAULT = 0 (0)
00:00:01.337423             FEAT_MTE_ASYNC = 1 (1)
00:00:01.337423    FEAT_MTE_CANONICAL_TAGS = 0 (0)
00:00:01.337423   FEAT_MTE_NO_ADDRESS_TAGS = 0 (0)
00:00:01.337423              FEAT_MTE_PERM = 0 (0)
00:00:01.337423        FEAT_MTE_STORE_ONLY = 0 (0)
00:00:01.337424        FEAT_MTE_TAGGED_FAR = 0 (0)
00:00:01.337424                 FEAT_MTPMU = 0 (0)
00:00:01.337424              FEAT_MixedEnd = 0 (0)
00:00:01.337424           FEAT_MixedEndEL0 = 0 (0)
00:00:01.337425                   FEAT_NMI = 0 (0)
00:00:01.337425                    FEAT_NV = 1 (1)
00:00:01.337425                   FEAT_NV2 = 1 (1)
00:00:01.337425                 FEAT_NV2p1 = 0 (0)
00:00:01.337426                 FEAT_OCCMO = 0 (0)
00:00:01.337426                FEAT_PACIMP = 1 (1)
00:00:01.337436             FEAT_PACQARMA3 = 0 (0)
00:00:01.337436             FEAT_PACQARMA5 = 0 (0)
00:00:01.337437                   FEAT_PAN = 1 (1)
00:00:01.337437                  FEAT_PAN2 = 1 (1)
00:00:01.337437                  FEAT_PAN3 = 1 (1)
00:00:01.337437                 FEAT_PAuth = 1 (1)
00:00:01.337438                FEAT_PAuth2 = 1 (1)
00:00:01.337438              FEAT_PAuth_LR = 0 (0)
00:00:01.337438              FEAT_PCDPHINT = 0 (0)
00:00:01.337438                  FEAT_PFAR = 0 (0)
00:00:01.337439                 FEAT_PMULL = 1 (1)
00:00:01.337439                 FEAT_PMUv3 = 0 (0)
00:00:01.337439            FEAT_PMUv3_EDGE = 0 (0)
00:00:01.337439           FEAT_PMUv3_ICNTR = 0 (0)
00:00:01.337440             FEAT_PMUv3_SME = 0 (0)
00:00:01.337440              FEAT_PMUv3_SS = 0 (0)
00:00:01.337440              FEAT_PMUv3_TH = 0 (0)
00:00:01.337440             FEAT_PMUv3_TH2 = 0 (0)
00:00:01.337440               FEAT_PMUv3p1 = 0 (0)
00:00:01.337441               FEAT_PMUv3p4 = 0 (0)
00:00:01.337441               FEAT_PMUv3p5 = 0 (0)
00:00:01.337441               FEAT_PMUv3p7 = 0 (0)
00:00:01.337441               FEAT_PMUv3p8 = 0 (0)
00:00:01.337442               FEAT_PMUv3p9 = 0 (0)
00:00:01.337442               FEAT_PRFMSLC = 0 (0)
00:00:01.337442                  FEAT_PoPS = 0 (0)
00:00:01.337442                   FEAT_RAS = 1 (1)
00:00:01.337443               FEAT_RASv1p1 = 0 (0)
00:00:01.337443                 FEAT_RASv2 = 0 (0)
00:00:01.337443                   FEAT_RDM = 1 (1)
00:00:01.337443                   FEAT_RME = 0 (0)
00:00:01.337444               FEAT_RME_GDI = 0 (0)
00:00:01.337444              FEAT_RME_GPC2 = 0 (0)
00:00:01.337444              FEAT_RME_GPC3 = 0 (0)
00:00:01.337444                   FEAT_RNG = 0 (0)
00:00:01.337445              FEAT_RNG_TRAP = 0 (0)
00:00:01.337445                 FEAT_RPRES = 0 (1)
00:00:01.337445                 FEAT_RPRFM = 0 (0)
00:00:01.337445                 FEAT_S1PIE = 0 (0)
00:00:01.337446                 FEAT_S1POE = 0 (0)
00:00:01.337446                 FEAT_S2FWB = 0 (1)
00:00:01.337446                 FEAT_S2PIE = 0 (0)
00:00:01.337446                 FEAT_S2POE = 0 (0)
00:00:01.337446            FEAT_S2TGran16K = 1 (1)
00:00:01.337447             FEAT_S2TGran4K = 1 (1)
00:00:01.337447            FEAT_S2TGran64K = 0 (0)
00:00:01.337447                    FEAT_SB = 1 (1)
00:00:01.337447                FEAT_SCTLR2 = 0 (0)
00:00:01.337448                 FEAT_SEBEP = 0 (0)
00:00:01.337448                  FEAT_SEL2 = 0 (0)
00:00:01.337448                  FEAT_SHA1 = 1 (1)
00:00:01.337448                FEAT_SHA256 = 1 (1)
00:00:01.337449                  FEAT_SHA3 = 1 (1)
00:00:01.337449                FEAT_SHA512 = 1 (1)
00:00:01.337449                   FEAT_SM3 = 0 (0)
00:00:01.337450                   FEAT_SM4 = 0 (0)
00:00:01.337450                   FEAT_SME = 0 (0)
00:00:01.337450                  FEAT_SME2 = 0 (0)
00:00:01.337450                FEAT_SME2p1 = 0 (0)
00:00:01.337451                FEAT_SME2p2 = 0 (0)
00:00:01.337451            FEAT_SME_B16B16 = 0 (0)
00:00:01.337451            FEAT_SME_F16F16 = 0 (0)
00:00:01.337451            FEAT_SME_F64F64 = 1 (0)
00:00:01.337452             FEAT_SME_F8F16 = 0 (0)
00:00:01.337452             FEAT_SME_F8F32 = 0 (0)
00:00:01.337452              FEAT_SME_FA64 = 0 (0)
00:00:01.337452            FEAT_SME_I16I64 = 1 (0)
00:00:01.337453             FEAT_SME_LUTv2 = 0 (0)
00:00:01.337453              FEAT_SME_MOP4 = 0 (0)
00:00:01.337453              FEAT_SME_TMOP = 0 (0)
00:00:01.337453                   FEAT_SPE = 0 (0)
00:00:01.337454               FEAT_SPECRES = 1 (1)
00:00:01.337454              FEAT_SPECRES2 = 0 (0)
00:00:01.337454            FEAT_SPE_ALTCLK = 0 (0)
00:00:01.337454               FEAT_SPE_CRR = 0 (0)
00:00:01.337455             FEAT_SPE_DPFZS = 0 (0)
00:00:01.337455               FEAT_SPE_EFT = 0 (0)
00:00:01.337455               FEAT_SPE_EXC = 0 (0)
00:00:01.337455               FEAT_SPE_FDS = 0 (0)
00:00:01.337456               FEAT_SPE_FPF = 0 (0)
00:00:01.337456               FEAT_SPE_FnE = 0 (0)
00:00:01.337456               FEAT_SPE_PBT = 0 (0)
00:00:01.337456               FEAT_SPE_SME = 0 (0)
00:00:01.337457               FEAT_SPE_nVM = 0 (0)
00:00:01.337457               FEAT_SPEv1p1 = 0 (0)
00:00:01.337457               FEAT_SPEv1p2 = 0 (0)
00:00:01.337457               FEAT_SPEv1p3 = 0 (0)
00:00:01.337458               FEAT_SPEv1p4 = 0 (0)
00:00:01.337458               FEAT_SPEv1p5 = 0 (0)
00:00:01.337458                  FEAT_SPMU = 0 (0)
00:00:01.337458                 FEAT_SPMU2 = 0 (0)
00:00:01.337459                FEAT_SRMASK = 0 (0)
00:00:01.337459                  FEAT_SSBS = 0 (1)
00:00:01.337459                 FEAT_SSBS2 = 0 (1)
00:00:01.337459              FEAT_SSVE_AES = 0 (0)
00:00:01.337460          FEAT_SSVE_BitPerm = 0 (0)
00:00:01.337460            FEAT_SSVE_FEXPA = 0 (0)
00:00:01.337460          FEAT_SSVE_FP8DOT2 = 0 (0)
00:00:01.337460          FEAT_SSVE_FP8DOT4 = 0 (0)
00:00:01.337461           FEAT_SSVE_FP8FMA = 0 (0)
00:00:01.337461                 FEAT_STEP2 = 0 (0)
00:00:01.337461                   FEAT_SVE = 0 (0)
00:00:01.337461                  FEAT_SVE2 = 1 (0)
00:00:01.337462                FEAT_SVE2p1 = 0 (0)
00:00:01.337462                FEAT_SVE2p2 = 0 (0)
00:00:01.337462               FEAT_SVE_AES = 0 (0)
00:00:01.337462              FEAT_SVE_AES2 = 0 (0)
00:00:01.337463            FEAT_SVE_B16B16 = 0 (0)
00:00:01.337463           FEAT_SVE_BFSCALE = 0 (0)
00:00:01.337463           FEAT_SVE_BitPerm = 0 (0)
00:00:01.337463          FEAT_SVE_F16F32MM = 0 (0)
00:00:01.337464          FEAT_SVE_PMULL128 = 0 (0)
00:00:01.337464              FEAT_SVE_SHA3 = 0 (0)
00:00:01.337464               FEAT_SVE_SM4 = 0 (0)
00:00:01.337464           FEAT_SYSINSTR128 = 0 (0)
00:00:01.337464             FEAT_SYSREG128 = 0 (0)
00:00:01.337465               FEAT_SpecSEI = 1 (1)
00:00:01.337465                  FEAT_TCR2 = 0 (0)
00:00:01.337465              FEAT_TGran16K = 1 (1)
00:00:01.337465               FEAT_TGran4K = 1 (1)
00:00:01.337466              FEAT_TGran64K = 0 (0)
00:00:01.337466                   FEAT_THE = 0 (0)
00:00:01.337466                FEAT_TIDCP1 = 0 (0)
00:00:01.337466                FEAT_TLBIOS = 1 (1)
00:00:01.337467             FEAT_TLBIRANGE = 1 (1)
00:00:01.337467                 FEAT_TLBIW = 0 (0)
00:00:01.337467                   FEAT_TME = 0 (0)
00:00:01.337467                  FEAT_TRBE = 0 (0)
00:00:01.337468              FEAT_TRBE_EXC = 0 (0)
00:00:01.337468              FEAT_TRBE_EXT = 0 (0)
00:00:01.337468             FEAT_TRBE_MPAM = 0 (0)
00:00:01.337468              FEAT_TRBEv1p1 = 0 (0)
00:00:01.337469                FEAT_TRC_SR = 0 (0)
00:00:01.337469                   FEAT_TRF = 0 (0)
00:00:01.337469                 FEAT_TTCNP = 1 (1)
00:00:01.337469                   FEAT_TTL = 1 (1)
00:00:01.337470                  FEAT_TTST = 0 (0)
00:00:01.337470                  FEAT_TWED = 0 (1)
00:00:01.337470                   FEAT_UAO = 1 (1)
00:00:01.337470                  FEAT_UINJ = 0 (0)
00:00:01.337471                   FEAT_VHE = 0 (1)
00:00:01.337471                FEAT_VMID16 = 0 (0)
00:00:01.337471                 FEAT_VPIPT = 0 (0)
00:00:01.337471                  FEAT_WFxT = 0 (0)
00:00:01.337472                   FEAT_XNX = 1 (1)
00:00:01.337472                    FEAT_XS = 0 (0)
00:00:01.337472                FEAT_nTLBPA = 0 (0)
00:00:01.337472 
00:00:01.337473 ***************** End of CPU feature dump *******************
00:00:01.337485 VMEmt: Halt method global1 (5) not available in driverless mode, using method1 (4) instead
00:00:01.337497 Changing the VM state from 'CREATING' to 'CREATED'
00:00:01.339700 NAT: DNS settings changed, triggering update
00:00:01.339704 NAT DNS Update: Stored 1710866434 as nameserver #0
00:00:01.339706 NAT DNS Update: Stored 1710866434 as nameserver #1
00:00:01.339707 NAT DNS Update: Stored 16865892 as nameserver #2
00:00:01.339709 NAT DNS Update: Stored 16868452 as nameserver #3
00:00:01.339710 NAT DNS Update: Stored 4 total nameservers
00:00:01.340130 Changing the VM state from 'CREATED' to 'POWERING_ON'
00:00:01.340186 VMSVGA3d: cap[0]=0x00000000 {3D}
00:00:01.340186 VMSVGA3d: cap[1]=0x00000000 {MAX_LIGHTS}
00:00:01.340187 VMSVGA3d: cap[2]=0x00000000 {MAX_TEXTURES}
00:00:01.340187 VMSVGA3d: cap[3]=0x00000000 {MAX_CLIP_PLANES}
00:00:01.340187 VMSVGA3d: cap[4]=0x00000000 {VERTEX_SHADER_VERSION}
00:00:01.340187 VMSVGA3d: cap[5]=0x00000000 {VERTEX_SHADER}
00:00:01.340187 VMSVGA3d: cap[6]=0x00000000 {FRAGMENT_SHADER_VERSION}
00:00:01.340187 VMSVGA3d: cap[7]=0x00000000 {FRAGMENT_SHADER}
00:00:01.340187 VMSVGA3d: cap[8]=0x00000000 {MAX_RENDER_TARGETS}
00:00:01.340188 VMSVGA3d: cap[9]=0x00000000 {S23E8_TEXTURES}
00:00:01.340188 VMSVGA3d: cap[10]=0x00000000 {S10E5_TEXTURES}
00:00:01.340188 VMSVGA3d: cap[11]=0x00000000 {MAX_FIXED_VERTEXBLEND}
00:00:01.340188 VMSVGA3d: cap[12]=0x00000000 {D16_BUFFER_FORMAT}
00:00:01.340188 VMSVGA3d: cap[13]=0x00000000 {D24S8_BUFFER_FORMAT}
00:00:01.340188 VMSVGA3d: cap[14]=0x00000000 {D24X8_BUFFER_FORMAT}
00:00:01.340188 VMSVGA3d: cap[15]=0x00000000 {QUERY_TYPES}
00:00:01.340189 VMSVGA3d: cap[16]=0x00000000 {TEXTURE_GRADIENT_SAMPLING}
00:00:01.340189 VMSVGA3d: cap[17]=0.000000 {MAX_POINT_SIZE}
00:00:01.340189 VMSVGA3d: cap[18]=0x00000000 {MAX_SHADER_TEXTURES}
00:00:01.340189 VMSVGA3d: cap[19]=0x00004000 {MAX_TEXTURE_WIDTH}
00:00:01.340189 VMSVGA3d: cap[20]=0x00004000 {MAX_TEXTURE_HEIGHT}
00:00:01.340190 VMSVGA3d: cap[21]=0x00000000 {MAX_VOLUME_EXTENT}
00:00:01.340190 VMSVGA3d: cap[22]=0x00000000 {MAX_TEXTURE_REPEAT}
00:00:01.340190 VMSVGA3d: cap[23]=0x00000000 {MAX_TEXTURE_ASPECT_RATIO}
00:00:01.340190 VMSVGA3d: cap[24]=0x00000000 {MAX_TEXTURE_ANISOTROPY}
00:00:01.340190 VMSVGA3d: cap[25]=0x00000000 {MAX_PRIMITIVE_COUNT}
00:00:01.340190 VMSVGA3d: cap[26]=0x00000000 {MAX_VERTEX_INDEX}
00:00:01.340190 VMSVGA3d: cap[27]=0x00000000 {MAX_VERTEX_SHADER_INSTRUCTIONS}
00:00:01.340191 VMSVGA3d: cap[28]=0x00000000 {MAX_FRAGMENT_SHADER_INSTRUCTIONS}
00:00:01.340191 VMSVGA3d: cap[29]=0x00000000 {MAX_VERTEX_SHADER_TEMPS}
00:00:01.340191 VMSVGA3d: cap[30]=0x00000000 {MAX_FRAGMENT_SHADER_TEMPS}
00:00:01.340191 VMSVGA3d: cap[31]=0x00000000 {TEXTURE_OPS}
00:00:01.340191 VMSVGA3d: cap[32]=0x00000000 {SURFACEFMT_X8R8G8B8}
00:00:01.340191 VMSVGA3d: cap[33]=0x00000000 {SURFACEFMT_A8R8G8B8}
00:00:01.340191 VMSVGA3d: cap[34]=0x00000000 {SURFACEFMT_A2R10G10B10}
00:00:01.340191 VMSVGA3d: cap[35]=0x00000000 {SURFACEFMT_X1R5G5B5}
00:00:01.340192 VMSVGA3d: cap[36]=0x00000000 {SURFACEFMT_A1R5G5B5}
00:00:01.340192 VMSVGA3d: cap[37]=0x00000000 {SURFACEFMT_A4R4G4B4}
00:00:01.340192 VMSVGA3d: cap[38]=0x00000000 {SURFACEFMT_R5G6B5}
00:00:01.340192 VMSVGA3d: cap[39]=0x00000000 {SURFACEFMT_LUMINANCE16}
00:00:01.340192 VMSVGA3d: cap[40]=0x00000000 {SURFACEFMT_LUMINANCE8_ALPHA8}
00:00:01.340192 VMSVGA3d: cap[41]=0x00000000 {SURFACEFMT_ALPHA8}
00:00:01.340192 VMSVGA3d: cap[42]=0x00000000 {SURFACEFMT_LUMINANCE8}
00:00:01.340192 VMSVGA3d: cap[43]=0x00000000 {SURFACEFMT_Z_D16}
00:00:01.340193 VMSVGA3d: cap[44]=0x00000000 {SURFACEFMT_Z_D24S8}
00:00:01.340193 VMSVGA3d: cap[45]=0x00000000 {SURFACEFMT_Z_D24X8}
00:00:01.340193 VMSVGA3d: cap[46]=0x00000000 {SURFACEFMT_DXT1}
00:00:01.340193 VMSVGA3d: cap[47]=0x00000000 {SURFACEFMT_DXT2}
00:00:01.340193 VMSVGA3d: cap[48]=0x00000000 {SURFACEFMT_DXT3}
00:00:01.340193 VMSVGA3d: cap[49]=0x00000000 {SURFACEFMT_DXT4}
00:00:01.340193 VMSVGA3d: cap[50]=0x00000000 {SURFACEFMT_DXT5}
00:00:01.340193 VMSVGA3d: cap[51]=0x00000000 {SURFACEFMT_BUMPX8L8V8U8}
00:00:01.340194 VMSVGA3d: cap[52]=0x00000000 {SURFACEFMT_A2W10V10U10}
00:00:01.340194 VMSVGA3d: cap[53]=0x00000000 {SURFACEFMT_BUMPU8V8}
00:00:01.340194 VMSVGA3d: cap[54]=0x00000000 {SURFACEFMT_Q8W8V8U8}
00:00:01.340194 VMSVGA3d: cap[55]=0x00000000 {SURFACEFMT_CxV8U8}
00:00:01.340194 VMSVGA3d: cap[56]=0x00000000 {SURFACEFMT_R_S10E5}
00:00:01.340194 VMSVGA3d: cap[57]=0x00000000 {SURFACEFMT_R_S23E8}
00:00:01.340194 VMSVGA3d: cap[58]=0x00000000 {SURFACEFMT_RG_S10E5}
00:00:01.340194 VMSVGA3d: cap[59]=0x00000000 {SURFACEFMT_RG_S23E8}
00:00:01.340195 VMSVGA3d: cap[60]=0x00000000 {SURFACEFMT_ARGB_S10E5}
00:00:01.340195 VMSVGA3d: cap[61]=0x00000000 {SURFACEFMT_ARGB_S23E8}
00:00:01.340195 VMSVGA3d: cap[62]=0x00000000 {MISSING62}
00:00:01.340195 VMSVGA3d: cap[63]=0x00000000 {MAX_VERTEX_SHADER_TEXTURES}
00:00:01.340195 VMSVGA3d: cap[64]=0x00000000 {MAX_SIMULTANEOUS_RENDER_TARGETS}
00:00:01.340195 VMSVGA3d: cap[65]=0x00000000 {SURFACEFMT_V16U16}
00:00:01.340195 VMSVGA3d: cap[66]=0x00000000 {SURFACEFMT_G16R16}
00:00:01.340196 VMSVGA3d: cap[67]=0x00000000 {SURFACEFMT_A16B16G16R16}
00:00:01.340196 VMSVGA3d: cap[68]=0x00000000 {SURFACEFMT_UYVY}
00:00:01.340196 VMSVGA3d: cap[69]=0x00000000 {SURFACEFMT_YUY2}
00:00:01.340196 VMSVGA3d: cap[70]=0x00000000 {DEAD4}
00:00:01.340196 VMSVGA3d: cap[71]=0x00000000 {DEAD5}
00:00:01.340196 VMSVGA3d: cap[72]=0x00000000 {DEAD7}
00:00:01.340196 VMSVGA3d: cap[73]=0x00000000 {DEAD6}
00:00:01.340197 VMSVGA3d: cap[74]=0x00000000 {AUTOGENMIPMAPS}
00:00:01.340197 VMSVGA3d: cap[75]=0x00000000 {SURFACEFMT_NV12}
00:00:01.340197 VMSVGA3d: cap[76]=0x00000000 {DEAD10}
00:00:01.340197 VMSVGA3d: cap[77]=0x00000000 {MAX_CONTEXT_IDS}
00:00:01.340197 VMSVGA3d: cap[78]=0x00000000 {MAX_SURFACE_IDS}
00:00:01.340197 VMSVGA3d: cap[79]=0x00000000 {SURFACEFMT_Z_DF16}
00:00:01.340197 VMSVGA3d: cap[80]=0x00000000 {SURFACEFMT_Z_DF24}
00:00:01.340197 VMSVGA3d: cap[81]=0x00000000 {SURFACEFMT_Z_D24S8_INT}
00:00:01.340198 VMSVGA3d: cap[82]=0x00000000 {SURFACEFMT_ATI1}
00:00:01.340198 VMSVGA3d: cap[83]=0x00000000 {SURFACEFMT_ATI2}
00:00:01.340198 VMSVGA3d: cap[84]=0x00000000 {DEAD1}
00:00:01.340198 VMSVGA3d: cap[85]=0x00000000 {DEAD8}
00:00:01.340198 VMSVGA3d: cap[86]=0x00000000 {DEAD9}
00:00:01.340198 VMSVGA3d: cap[87]=0x00000000 {LINE_AA}
00:00:01.340198 VMSVGA3d: cap[88]=0x00000000 {LINE_STIPPLE}
00:00:01.340198 VMSVGA3d: cap[89]=0.000000 {MAX_LINE_WIDTH}
00:00:01.340199 VMSVGA3d: cap[90]=0.000000 {MAX_AA_LINE_WIDTH}
00:00:01.340199 VMSVGA3d: cap[91]=0x00000000 {SURFACEFMT_YV12}
00:00:01.340199 VMSVGA3d: cap[92]=0x00000000 {DEAD3}
00:00:01.340199 VMSVGA3d: cap[93]=0x00000000 {TS_COLOR_KEY}
00:00:01.340199 VMSVGA3d: cap[94]=0x00000000 {DEAD2}
00:00:01.340199 VMSVGA3d: cap[95]=0x00000000 {DXCONTEXT}
00:00:01.340200 VMSVGA3d: cap[96]=0x00000000 {DEAD11}
00:00:01.340200 VMSVGA3d: cap[97]=0x00000000 {DX_MAX_VERTEXBUFFERS}
00:00:01.340200 VMSVGA3d: cap[98]=0x00000000 {DX_MAX_CONSTANT_BUFFERS}
00:00:01.340200 VMSVGA3d: cap[99]=0x00000000 {DX_PROVOKING_VERTEX}
00:00:01.340200 VMSVGA3d: cap[100]=0x00000005 {DXFMT_X8R8G8B8}
00:00:01.340200 VMSVGA3d: cap[101]=0x00000000 {DXFMT_A8R8G8B8}
00:00:01.340200 VMSVGA3d: cap[102]=0x00000000 {DXFMT_R5G6B5}
00:00:01.340201 VMSVGA3d: cap[103]=0x00000000 {DXFMT_X1R5G5B5}
00:00:01.340201 VMSVGA3d: cap[104]=0x00000000 {DXFMT_A1R5G5B5}
00:00:01.340201 VMSVGA3d: cap[105]=0x00000000 {DXFMT_A4R4G4B4}
00:00:01.340201 VMSVGA3d: cap[106]=0x00000000 {DXFMT_Z_D32}
00:00:01.340201 VMSVGA3d: cap[107]=0x00000000 {DXFMT_Z_D16}
00:00:01.340201 VMSVGA3d: cap[108]=0x00000000 {DXFMT_Z_D24S8}
00:00:01.340201 VMSVGA3d: cap[109]=0x00000000 {DXFMT_Z_D15S1}
00:00:01.340201 VMSVGA3d: cap[110]=0x00000000 {DXFMT_LUMINANCE8}
00:00:01.340202 VMSVGA3d: cap[111]=0x00000000 {DXFMT_LUMINANCE4_ALPHA4}
00:00:01.340202 VMSVGA3d: cap[112]=0x00000000 {DXFMT_LUMINANCE16}
00:00:01.340202 VMSVGA3d: cap[113]=0x00000000 {DXFMT_LUMINANCE8_ALPHA8}
00:00:01.340202 VMSVGA3d: cap[114]=0x00000000 {DXFMT_DXT1}
00:00:01.340202 VMSVGA3d: cap[115]=0x00000000 {DXFMT_DXT2}
00:00:01.340202 VMSVGA3d: cap[116]=0x00000000 {DXFMT_DXT3}
00:00:01.340202 VMSVGA3d: cap[117]=0x00000000 {DXFMT_DXT4}
00:00:01.340202 VMSVGA3d: cap[118]=0x00000000 {DXFMT_DXT5}
00:00:01.340203 VMSVGA3d: cap[119]=0x00000000 {DXFMT_BUMPU8V8}
00:00:01.340203 VMSVGA3d: cap[120]=0x00000000 {DXFMT_BUMPL6V5U5}
00:00:01.340203 VMSVGA3d: cap[121]=0x00000000 {DXFMT_BUMPX8L8V8U8}
00:00:01.340203 VMSVGA3d: cap[122]=0x00000000 {DXFMT_FORMAT_DEAD1}
00:00:01.340203 VMSVGA3d: cap[123]=0x00000000 {DXFMT_ARGB_S10E5}
00:00:01.340203 VMSVGA3d: cap[124]=0x00000000 {DXFMT_ARGB_S23E8}
00:00:01.340203 VMSVGA3d: cap[125]=0x00000000 {DXFMT_A2R10G10B10}
00:00:01.340203 VMSVGA3d: cap[126]=0x00000000 {DXFMT_V8U8}
00:00:01.340204 VMSVGA3d: cap[127]=0x00000000 {DXFMT_Q8W8V8U8}
00:00:01.340204 VMSVGA3d: cap[128]=0x00000000 {DXFMT_CxV8U8}
00:00:01.340204 VMSVGA3d: cap[129]=0x00000000 {DXFMT_X8L8V8U8}
00:00:01.340204 VMSVGA3d: cap[130]=0x00000000 {DXFMT_A2W10V10U10}
00:00:01.340204 VMSVGA3d: cap[131]=0x00000000 {DXFMT_ALPHA8}
00:00:01.340204 VMSVGA3d: cap[132]=0x00000000 {DXFMT_R_S10E5}
00:00:01.340204 VMSVGA3d: cap[133]=0x00000000 {DXFMT_R_S23E8}
00:00:01.340204 VMSVGA3d: cap[134]=0x00000000 {DXFMT_RG_S10E5}
00:00:01.340205 VMSVGA3d: cap[135]=0x00000000 {DXFMT_RG_S23E8}
00:00:01.340205 VMSVGA3d: cap[136]=0x00000000 {DXFMT_BUFFER}
00:00:01.340205 VMSVGA3d: cap[137]=0x00000000 {DXFMT_Z_D24X8}
00:00:01.340205 VMSVGA3d: cap[138]=0x00000000 {DXFMT_V16U16}
00:00:01.340205 VMSVGA3d: cap[139]=0x00000000 {DXFMT_G16R16}
00:00:01.340205 VMSVGA3d: cap[140]=0x00000000 {DXFMT_A16B16G16R16}
00:00:01.340205 VMSVGA3d: cap[141]=0x00000000 {DXFMT_UYVY}
00:00:01.340205 VMSVGA3d: cap[142]=0x00000000 {DXFMT_YUY2}
00:00:01.340206 VMSVGA3d: cap[143]=0x00000000 {DXFMT_NV12}
00:00:01.340206 VMSVGA3d: cap[144]=0x00000000 {DXFMT_FORMAT_DEAD2}
00:00:01.340206 VMSVGA3d: cap[145]=0x00000000 {DXFMT_R32G32B32A32_TYPELESS}
00:00:01.340206 VMSVGA3d: cap[146]=0x00000000 {DXFMT_R32G32B32A32_UINT}
00:00:01.340206 VMSVGA3d: cap[147]=0x00000000 {DXFMT_R32G32B32A32_SINT}
00:00:01.340206 VMSVGA3d: cap[148]=0x00000000 {DXFMT_R32G32B32_TYPELESS}
00:00:01.340206 VMSVGA3d: cap[149]=0x00000000 {DXFMT_R32G32B32_FLOAT}
00:00:01.340206 VMSVGA3d: cap[150]=0x00000000 {DXFMT_R32G32B32_UINT}
00:00:01.340207 VMSVGA3d: cap[151]=0x00000000 {DXFMT_R32G32B32_SINT}
00:00:01.340207 VMSVGA3d: cap[152]=0x00000000 {DXFMT_R16G16B16A16_TYPELESS}
00:00:01.340207 VMSVGA3d: cap[153]=0x00000000 {DXFMT_R16G16B16A16_UINT}
00:00:01.340207 VMSVGA3d: cap[154]=0x00000000 {DXFMT_R16G16B16A16_SNORM}
00:00:01.340207 VMSVGA3d: cap[155]=0x00000000 {DXFMT_R16G16B16A16_SINT}
00:00:01.340207 VMSVGA3d: cap[156]=0x00000000 {DXFMT_R32G32_TYPELESS}
00:00:01.340207 VMSVGA3d: cap[157]=0x00000000 {DXFMT_R32G32_UINT}
00:00:01.340208 VMSVGA3d: cap[158]=0x00000000 {DXFMT_R32G32_SINT}
00:00:01.340208 VMSVGA3d: cap[159]=0x00000000 {DXFMT_R32G8X24_TYPELESS}
00:00:01.340208 VMSVGA3d: cap[160]=0x00000000 {DXFMT_D32_FLOAT_S8X24_UINT}
00:00:01.340208 VMSVGA3d: cap[161]=0x00000000 {DXFMT_R32_FLOAT_X8X24}
00:00:01.340208 VMSVGA3d: cap[162]=0x00000000 {DXFMT_X32_G8X24_UINT}
00:00:01.340208 VMSVGA3d: cap[163]=0x00000000 {DXFMT_R10G10B10A2_TYPELESS}
00:00:01.340208 VMSVGA3d: cap[164]=0x00000000 {DXFMT_R10G10B10A2_UINT}
00:00:01.340208 VMSVGA3d: cap[165]=0x00000000 {DXFMT_R11G11B10_FLOAT}
00:00:01.340209 VMSVGA3d: cap[166]=0x00000000 {DXFMT_R8G8B8A8_TYPELESS}
00:00:01.340209 VMSVGA3d: cap[167]=0x00000000 {DXFMT_R8G8B8A8_UNORM}
00:00:01.340209 VMSVGA3d: cap[168]=0x00000000 {DXFMT_R8G8B8A8_UNORM_SRGB}
00:00:01.340209 VMSVGA3d: cap[169]=0x00000000 {DXFMT_R8G8B8A8_UINT}
00:00:01.340209 VMSVGA3d: cap[170]=0x00000000 {DXFMT_R8G8B8A8_SINT}
00:00:01.340209 VMSVGA3d: cap[171]=0x00000000 {DXFMT_R16G16_TYPELESS}
00:00:01.340209 VMSVGA3d: cap[172]=0x00000000 {DXFMT_R16G16_UINT}
00:00:01.340209 VMSVGA3d: cap[173]=0x00000000 {DXFMT_R16G16_SINT}
00:00:01.340210 VMSVGA3d: cap[174]=0x00000000 {DXFMT_R32_TYPELESS}
00:00:01.340210 VMSVGA3d: cap[175]=0x00000000 {DXFMT_D32_FLOAT}
00:00:01.340210 VMSVGA3d: cap[176]=0x00000000 {DXFMT_R32_UINT}
00:00:01.340210 VMSVGA3d: cap[177]=0x00000000 {DXFMT_R32_SINT}
00:00:01.340210 VMSVGA3d: cap[178]=0x00000000 {DXFMT_R24G8_TYPELESS}
00:00:01.340210 VMSVGA3d: cap[179]=0x00000000 {DXFMT_D24_UNORM_S8_UINT}
00:00:01.340210 VMSVGA3d: cap[180]=0x00000000 {DXFMT_R24_UNORM_X8}
00:00:01.340210 VMSVGA3d: cap[181]=0x00000000 {DXFMT_X24_G8_UINT}
00:00:01.340211 VMSVGA3d: cap[182]=0x00000000 {DXFMT_R8G8_TYPELESS}
00:00:01.340211 VMSVGA3d: cap[183]=0x00000000 {DXFMT_R8G8_UNORM}
00:00:01.340211 VMSVGA3d: cap[184]=0x00000000 {DXFMT_R8G8_UINT}
00:00:01.340211 VMSVGA3d: cap[185]=0x00000000 {DXFMT_R8G8_SINT}
00:00:01.340211 VMSVGA3d: cap[186]=0x00000000 {DXFMT_R16_TYPELESS}
00:00:01.340211 VMSVGA3d: cap[187]=0x00000000 {DXFMT_R16_UNORM}
00:00:01.340211 VMSVGA3d: cap[188]=0x00000000 {DXFMT_R16_UINT}
00:00:01.340211 VMSVGA3d: cap[189]=0x00000000 {DXFMT_R16_SNORM}
00:00:01.340212 VMSVGA3d: cap[190]=0x00000000 {DXFMT_R16_SINT}
00:00:01.340212 VMSVGA3d: cap[191]=0x00000000 {DXFMT_R8_TYPELESS}
00:00:01.340212 VMSVGA3d: cap[192]=0x00000000 {DXFMT_R8_UNORM}
00:00:01.340212 VMSVGA3d: cap[193]=0x00000000 {DXFMT_R8_UINT}
00:00:01.340212 VMSVGA3d: cap[194]=0x00000000 {DXFMT_R8_SNORM}
00:00:01.340212 VMSVGA3d: cap[195]=0x00000000 {DXFMT_R8_SINT}
00:00:01.340212 VMSVGA3d: cap[196]=0x00000000 {DXFMT_P8}
00:00:01.340212 VMSVGA3d: cap[197]=0x00000000 {DXFMT_R9G9B9E5_SHAREDEXP}
00:00:01.340213 VMSVGA3d: cap[198]=0x00000000 {DXFMT_R8G8_B8G8_UNORM}
00:00:01.340213 VMSVGA3d: cap[199]=0x00000000 {DXFMT_G8R8_G8B8_UNORM}
00:00:01.340213 VMSVGA3d: cap[200]=0x00000000 {DXFMT_BC1_TYPELESS}
00:00:01.340213 VMSVGA3d: cap[201]=0x00000000 {DXFMT_BC1_UNORM_SRGB}
00:00:01.340213 VMSVGA3d: cap[202]=0x00000000 {DXFMT_BC2_TYPELESS}
00:00:01.340213 VMSVGA3d: cap[203]=0x00000000 {DXFMT_BC2_UNORM_SRGB}
00:00:01.340213 VMSVGA3d: cap[204]=0x00000000 {DXFMT_BC3_TYPELESS}
00:00:01.340213 VMSVGA3d: cap[205]=0x00000000 {DXFMT_BC3_UNORM_SRGB}
00:00:01.340214 VMSVGA3d: cap[206]=0x00000000 {DXFMT_BC4_TYPELESS}
00:00:01.340214 VMSVGA3d: cap[207]=0x00000000 {DXFMT_ATI1}
00:00:01.340214 VMSVGA3d: cap[208]=0x00000000 {DXFMT_BC4_SNORM}
00:00:01.340214 VMSVGA3d: cap[209]=0x00000000 {DXFMT_BC5_TYPELESS}
00:00:01.340214 VMSVGA3d: cap[210]=0x00000000 {DXFMT_ATI2}
00:00:01.340214 VMSVGA3d: cap[211]=0x00000000 {DXFMT_BC5_SNORM}
00:00:01.340214 VMSVGA3d: cap[212]=0x00000000 {DXFMT_R10G10B10_XR_BIAS_A2_UNORM}
00:00:01.340214 VMSVGA3d: cap[213]=0x00000000 {DXFMT_B8G8R8A8_TYPELESS}
00:00:01.340215 VMSVGA3d: cap[214]=0x00000000 {DXFMT_B8G8R8A8_UNORM_SRGB}
00:00:01.340215 VMSVGA3d: cap[215]=0x00000000 {DXFMT_B8G8R8X8_TYPELESS}
00:00:01.340215 VMSVGA3d: cap[216]=0x00000000 {DXFMT_B8G8R8X8_UNORM_SRGB}
00:00:01.340215 VMSVGA3d: cap[217]=0x00000000 {DXFMT_Z_DF16}
00:00:01.340215 VMSVGA3d: cap[218]=0x00000000 {DXFMT_Z_DF24}
00:00:01.340215 VMSVGA3d: cap[219]=0x00000000 {DXFMT_Z_D24S8_INT}
00:00:01.340215 VMSVGA3d: cap[220]=0x00000000 {DXFMT_YV12}
00:00:01.340215 VMSVGA3d: cap[221]=0x00000000 {DXFMT_R32G32B32A32_FLOAT}
00:00:01.340216 VMSVGA3d: cap[222]=0x00000000 {DXFMT_R16G16B16A16_FLOAT}
00:00:01.340216 VMSVGA3d: cap[223]=0x00000000 {DXFMT_R16G16B16A16_UNORM}
00:00:01.340216 VMSVGA3d: cap[224]=0x00000000 {DXFMT_R32G32_FLOAT}
00:00:01.340216 VMSVGA3d: cap[225]=0x00000000 {DXFMT_R10G10B10A2_UNORM}
00:00:01.340216 VMSVGA3d: cap[226]=0x00000000 {DXFMT_R8G8B8A8_SNORM}
00:00:01.340216 VMSVGA3d: cap[227]=0x00000000 {DXFMT_R16G16_FLOAT}
00:00:01.340216 VMSVGA3d: cap[228]=0x00000000 {DXFMT_R16G16_UNORM}
00:00:01.340217 VMSVGA3d: cap[229]=0x00000000 {DXFMT_R16G16_SNORM}
00:00:01.340217 VMSVGA3d: cap[230]=0x00000000 {DXFMT_R32_FLOAT}
00:00:01.340217 VMSVGA3d: cap[231]=0x00000000 {DXFMT_R8G8_SNORM}
00:00:01.340217 VMSVGA3d: cap[232]=0x00000000 {DXFMT_R16_FLOAT}
00:00:01.340217 VMSVGA3d: cap[233]=0x00000000 {DXFMT_D16_UNORM}
00:00:01.340217 VMSVGA3d: cap[234]=0x00000000 {DXFMT_A8_UNORM}
00:00:01.340217 VMSVGA3d: cap[235]=0x00000000 {DXFMT_BC1_UNORM}
00:00:01.340217 VMSVGA3d: cap[236]=0x00000000 {DXFMT_BC2_UNORM}
00:00:01.340217 VMSVGA3d: cap[237]=0x00000000 {DXFMT_BC3_UNORM}
00:00:01.340218 VMSVGA3d: cap[238]=0x00000000 {DXFMT_B5G6R5_UNORM}
00:00:01.340218 VMSVGA3d: cap[239]=0x00000000 {DXFMT_B5G5R5A1_UNORM}
00:00:01.340218 VMSVGA3d: cap[240]=0x00000000 {DXFMT_B8G8R8A8_UNORM}
00:00:01.340218 VMSVGA3d: cap[241]=0x00000000 {DXFMT_B8G8R8X8_UNORM}
00:00:01.340218 VMSVGA3d: cap[242]=0x00000000 {DXFMT_BC4_UNORM}
00:00:01.340218 VMSVGA3d: cap[243]=0x00000000 {DXFMT_BC5_UNORM}
00:00:01.340218 VMSVGA3d: cap[244]=0x00000000 {SM41}
00:00:01.340219 VMSVGA3d: cap[245]=0x00000000 {MULTISAMPLE_2X}
00:00:01.340219 VMSVGA3d: cap[246]=0x00000000 {MULTISAMPLE_4X}
00:00:01.340219 VMSVGA3d: cap[247]=0x00000000 {MS_FULL_QUALITY}
00:00:01.340219 VMSVGA3d: cap[248]=0x00000000 {LOGICOPS}
00:00:01.340219 VMSVGA3d: cap[249]=0x00000000 {LOGIC_BLENDOPS}
00:00:01.340219 VMSVGA3d: cap[250]=0x00000000 {RESERVED_1}
00:00:01.340219 VMSVGA3d: cap[251]=0x00000000 {DXFMT_BC6H_TYPELESS}
00:00:01.340219 VMSVGA3d: cap[252]=0x00000000 {DXFMT_BC6H_UF16}
00:00:01.340220 VMSVGA3d: cap[253]=0x00000000 {DXFMT_BC6H_SF16}
00:00:01.340220 VMSVGA3d: cap[254]=0x00000000 {DXFMT_BC7_TYPELESS}
00:00:01.340220 VMSVGA3d: cap[255]=0x00000000 {DXFMT_BC7_UNORM}
00:00:01.340220 VMSVGA3d: cap[256]=0x00000000 {DXFMT_BC7_UNORM_SRGB}
00:00:01.340220 VMSVGA3d: cap[257]=0x00000000 {RESERVED_2}
00:00:01.340220 VMSVGA3d: cap[258]=0x00000000 {SM5}
00:00:01.340220 VMSVGA3d: cap[259]=0x00000000 {MULTISAMPLE_8X}
00:00:01.340222 AIOMgr: Endpoints without assigned bandwidth groups:
00:00:01.340229 AIOMgr:     /Users/barreiro/coding/42/cursus/born2beRoot/virtualBox/jbarreir42/jbarreir42.vdi
00:00:01.340260 virtioCoreVirtqAvailBufCount: Driver not ready
00:00:01.340278 virtioCoreVirtqAvailBufCount: Driver not ready
00:00:01.340289 virtioCoreVirtqAvailBufCount: Driver not ready
00:00:01.340299 virtioCoreVirtqAvailBufCount: Driver not ready
00:00:01.340315 virtioCoreVirtqAvailBufCount: Driver not ready
00:00:01.340372 Changing the VM state from 'POWERING_ON' to 'RUNNING'
00:00:01.340377 Console: Machine state changed to 'Running'
00:00:01.527547 Display::i_handleDisplayResize: uScreenId=0 pvVRAM=00000004f0800000 w=640 h=480 bpp=32 cbLine=0xA00 flags=0x1 origin=0,0
00:00:01.529332 Display::i_handleDisplayResize: uScreenId=0 pvVRAM=0000000000000000 w=640 h=480 bpp=0 cbLine=0x0 flags=0x0 origin=0,0
00:00:01.529846 Display::i_handleDisplayResize: uScreenId=0 pvVRAM=00000004f0800000 w=800 h=600 bpp=32 cbLine=0xC80 flags=0x1 origin=0,0
00:00:01.530448 xHCI: Hardware reset
00:00:01.532616 xHCI: USB Operational
00:00:01.548544 xHCI: Root hub-attached device reset completed with VINF_SUCCESS
00:00:01.548552 xHCI: Root hub-attached device reset completed with VINF_SUCCESS
00:00:01.694978 GUI: UIMachineLogicNormal::sltCheckForRequestedVisualStateType: Requested-state=1, Machine-state=6
00:00:02.004954 GUI: UIMediumEnumerator: Medium-enumeration finished!
00:00:08.966425 xHCI: USB Suspended
00:00:09.397769 xHCI: Hardware reset
00:00:09.399050 xHCI: USB Operational
00:00:09.408187 xHCI: Root hub-attached device reset completed with VINF_SUCCESS
00:00:09.408197 xHCI: Root hub-attached device reset completed with VINF_SUCCESS
00:00:11.628385 NAT: Link up
00:00:22.548222 AIOMgr: Host limits number of active IO requests to 16. Expect a performance impact.
00:00:22.758351 Enabling different vbva mode
00:00:22.760256 Enabling different vbva mode
00:00:22.763629 HDA: Codec reset
00:00:22.763635 HDA: Reset
00:00:22.764003 VMSVGA: 3D disabled, but command 1115 will be processed
00:00:22.764038 VMSVGA: 3D disabled, but command 1115 will be processed
00:00:22.764051 VMSVGA: 3D disabled, but command 1115 will be processed
00:00:22.764055 VMSVGA: 3D disabled, but command 1115 will be processed
00:00:22.764060 VMSVGA: 3D disabled, but command 1115 will be processed
00:00:22.764062 VMSVGA: 3D disabled, but command 1135 will be processed
00:00:22.764083 VMSVGA: 3D disabled, but command 1097 will be processed
00:00:22.764134 VMSVGA: 3D disabled, but command 1099 will be processed
00:00:22.764143 Display::i_handleDisplayResize: uScreenId=0 pvVRAM=00000004fb800000 w=1280 h=800 bpp=32 cbLine=0x1400 flags=0x1 origin=0,0
00:00:22.766127 HDA: DP base (lower) set: 0x000000000a0bd000
00:00:22.766142 HDA: DMA position buffer is disabled
00:00:22.766146 HDA: DP base (upper) set: 0x000000000a0bd000
00:00:22.789149 Audio Mixer: MUTING sink 'HDA Mixer/PCM Output' -- channel volumes: 00 00 00 00 00 00 00 00 00 00 00 00
00:00:22.789223 Audio Mixer: MUTING sink 'HDA Mixer/PCM Output' -- channel volumes: 00 00 00 00 00 00 00 00 00 00 00 00
00:00:23.065189 GUI: UIMediumEnumerator: Medium-enumeration finished!
